======================================================================
  1000x1000 ATLAS SCAN
  Potential: 1/r   Epsilon: 5e-03
  Grid: 1000x1000   Rows: 400-499
  Workers: 15   Samples/point: 400
  Output: atlas_1000/1_r/block_0400_0500/
======================================================================

  Building symbolic algebra...
  Building symbolic generators for Newtonian (1/r)...
    Level 2: 12 generators (0 zero)
    Level 3: 138 generators (0 zero)
    Total: 156 generators, 156 non-zero
    Compiling evaluator...
    Lambdifying 156 expressions individually...
      20/156  [0.7s]
      40/156  [127.1s]
      60/156  [271.5s]
      80/156  [505.7s]
      100/156  [682.2s]
      120/156  [786.2s]
      140/156  [876.2s]
      156/156  [904.4s]
    Total lambdify time: 905.0s
  Algebra ready (1370.7s)
  Algebra ready (1370.7s, 156 generators)

  Row    1/100  (global  400)  mu=2.0320  [   1000/100000]  row=220.9s  ETA=365m  ranks=[116,116]  gap=[3.6e+04,3.9e+07]
  Row    2/100  (global  401)  mu=2.0369  [   2000/100000]  row=220.8s  ETA=361m  ranks=[116,116]  gap=[4.7e+04,3.4e+07]
  Row    3/100  (global  402)  mu=2.0419  [   3000/100000]  row=219.3s  ETA=356m  ranks=[116,116]  gap=[3.3e+04,3.3e+07]
  Row    4/100  (global  403)  mu=2.0468  [   4000/100000]  row=219.5s  ETA=352m  ranks=[116,116]  gap=[4.1e+04,3.1e+07]
  Row    5/100  (global  404)  mu=2.0518  [   5000/100000]  row=217.7s  ETA=348m  ranks=[116,116]  gap=[5.2e+04,3.6e+07]
  Row    6/100  (global  405)  mu=2.0568  [   6000/100000]  row=220.7s  ETA=344m  ranks=[116,116]  gap=[4.2e+04,3.0e+07]
  Row    7/100  (global  406)  mu=2.0617  [   7000/100000]  row=219.4s  ETA=341m  ranks=[116,116]  gap=[3.8e+04,3.2e+07]
  Row    8/100  (global  407)  mu=2.0667  [   8000/100000]  row=219.9s  ETA=337m  ranks=[116,116]  gap=[4.5e+04,3.0e+07]
  Row    9/100  (global  408)  mu=2.0716  [   9000/100000]  row=221.2s  ETA=334m  ranks=[116,116]  gap=[6.2e+04,3.0e+07]
  Row   10/100  (global  409)  mu=2.0766  [  10000/100000]  row=220.4s  ETA=330m  ranks=[116,116]  gap=[5.4e+04,3.3e+07]
  Row   11/100  (global  410)  mu=2.0815  [  11000/100000]  row=220.0s  ETA=326m  ranks=[116,116]  gap=[5.2e+04,2.9e+07]
  Row   12/100  (global  411)  mu=2.0865  [  12000/100000]  row=220.0s  ETA=323m  ranks=[116,116]  gap=[5.5e+04,2.7e+07]
  Row   13/100  (global  412)  mu=2.0914  [  13000/100000]  row=219.4s  ETA=319m  ranks=[116,116]  gap=[6.1e+04,3.2e+07]
  Row   14/100  (global  413)  mu=2.0964  [  14000/100000]  row=219.8s  ETA=315m  ranks=[116,116]  gap=[4.7e+04,3.2e+07]
  Row   15/100  (global  414)  mu=2.1014  [  15000/100000]  row=219.4s  ETA=312m  ranks=[116,116]  gap=[6.5e+04,2.9e+07]
  Row   16/100  (global  415)  mu=2.1063  [  16000/100000]  row=219.7s  ETA=308m  ranks=[116,116]  gap=[5.6e+04,3.4e+07]
  Row   17/100  (global  416)  mu=2.1113  [  17000/100000]  row=219.1s  ETA=304m  ranks=[116,116]  gap=[5.5e+04,3.2e+07]
  Row   18/100  (global  417)  mu=2.1162  [  18000/100000]  row=219.6s  ETA=300m  ranks=[116,116]  gap=[5.9e+04,3.0e+07]
  Row   19/100  (global  418)  mu=2.1212  [  19000/100000]  row=219.1s  ETA=297m  ranks=[116,116]  gap=[6.2e+04,3.0e+07]
  Row   20/100  (global  419)  mu=2.1261  [  20000/100000]  row=221.9s  ETA=293m  ranks=[116,116]  gap=[6.6e+04,2.8e+07]
  Row   21/100  (global  420)  mu=2.1311  [  21000/100000]  row=219.2s  ETA=289m  ranks=[116,116]  gap=[7.6e+04,3.1e+07]
  Row   22/100  (global  421)  mu=2.1360  [  22000/100000]  row=219.3s  ETA=286m  ranks=[116,116]  gap=[7.4e+04,2.6e+07]
  Row   23/100  (global  422)  mu=2.1410  [  23000/100000]  row=219.5s  ETA=282m  ranks=[116,116]  gap=[8.9e+04,2.7e+07]
  Row   24/100  (global  423)  mu=2.1459  [  24000/100000]  row=222.0s  ETA=279m  ranks=[116,116]  gap=[9.0e+04,3.0e+07]
  Row   25/100  (global  424)  mu=2.1509  [  25000/100000]  row=219.1s  ETA=275m  ranks=[116,116]  gap=[8.8e+04,2.7e+07]
  Row   26/100  (global  425)  mu=2.1559  [  26000/100000]  row=220.5s  ETA=271m  ranks=[116,116]  gap=[7.7e+04,2.8e+07]
  Row   27/100  (global  426)  mu=2.1608  [  27000/100000]  row=221.0s  ETA=268m  ranks=[116,116]  gap=[8.6e+04,3.0e+07]
  Row   28/100  (global  427)  mu=2.1658  [  28000/100000]  row=219.4s  ETA=264m  ranks=[116,116]  gap=[1.1e+05,3.0e+07]
  Row   29/100  (global  428)  mu=2.1707  [  29000/100000]  row=220.2s  ETA=260m  ranks=[116,116]  gap=[1.0e+05,2.9e+07]
  Row   30/100  (global  429)  mu=2.1757  [  30000/100000]  row=220.9s  ETA=257m  ranks=[116,116]  gap=[7.8e+04,2.7e+07]
  Row   31/100  (global  430)  mu=2.1806  [  31000/100000]  row=219.5s  ETA=253m  ranks=[116,116]  gap=[9.0e+04,2.5e+07]
  Row   32/100  (global  431)  mu=2.1856  [  32000/100000]  row=220.1s  ETA=249m  ranks=[116,116]  gap=[1.0e+05,2.5e+07]
  Row   33/100  (global  432)  mu=2.1905  [  33000/100000]  row=219.2s  ETA=246m  ranks=[116,116]  gap=[9.0e+04,2.6e+07]
  Row   34/100  (global  433)  mu=2.1955  [  34000/100000]  row=219.4s  ETA=242m  ranks=[116,116]  gap=[9.7e+04,2.8e+07]
  Row   35/100  (global  434)  mu=2.2005  [  35000/100000]  row=219.4s  ETA=238m  ranks=[116,116]  gap=[8.8e+04,2.6e+07]
  Row   36/100  (global  435)  mu=2.2054  [  36000/100000]  row=219.3s  ETA=235m  ranks=[116,116]  gap=[1.1e+05,2.6e+07]
  Row   37/100  (global  436)  mu=2.2104  [  37000/100000]  row=219.1s  ETA=231m  ranks=[116,116]  gap=[8.9e+04,2.8e+07]
  Row   38/100  (global  437)  mu=2.2153  [  38000/100000]  row=219.9s  ETA=227m  ranks=[116,116]  gap=[1.1e+05,2.7e+07]
  Row   39/100  (global  438)  mu=2.2203  [  39000/100000]  row=219.5s  ETA=224m  ranks=[116,116]  gap=[1.1e+05,2.8e+07]
  Row   40/100  (global  439)  mu=2.2252  [  40000/100000]  row=222.3s  ETA=220m  ranks=[116,116]  gap=[1.2e+05,2.6e+07]
  Row   41/100  (global  440)  mu=2.2302  [  41000/100000]  row=220.1s  ETA=216m  ranks=[116,116]  gap=[1.2e+05,2.6e+07]
  Row   42/100  (global  441)  mu=2.2351  [  42000/100000]  row=219.2s  ETA=213m  ranks=[116,116]  gap=[1.3e+05,2.4e+07]
  Row   43/100  (global  442)  mu=2.2401  [  43000/100000]  row=221.2s  ETA=209m  ranks=[116,116]  gap=[9.9e+04,2.7e+07]
  Row   44/100  (global  443)  mu=2.2450  [  44000/100000]  row=220.0s  ETA=205m  ranks=[116,116]  gap=[1.3e+05,2.6e+07]
  Row   45/100  (global  444)  mu=2.2500  [  45000/100000]  row=219.0s  ETA=202m  ranks=[116,116]  gap=[1.2e+05,2.4e+07]
  Row   46/100  (global  445)  mu=2.2550  [  46000/100000]  row=219.6s  ETA=198m  ranks=[116,116]  gap=[1.1e+05,2.6e+07]
  Row   47/100  (global  446)  mu=2.2599  [  47000/100000]  row=219.6s  ETA=194m  ranks=[116,116]  gap=[1.1e+05,2.6e+07]
  Row   48/100  (global  447)  mu=2.2649  [  48000/100000]  row=218.9s  ETA=191m  ranks=[116,116]  gap=[1.3e+05,2.5e+07]
  Row   49/100  (global  448)  mu=2.2698  [  49000/100000]  row=219.3s  ETA=187m  ranks=[116,116]  gap=[1.3e+05,2.6e+07]
  Row   50/100  (global  449)  mu=2.2748  [  50000/100000]  row=220.7s  ETA=183m  ranks=[116,116]  gap=[1.5e+05,2.4e+07]
  Row   51/100  (global  450)  mu=2.2797  [  51000/100000]  row=219.0s  ETA=180m  ranks=[116,116]  gap=[1.2e+05,2.7e+07]
  Row   52/100  (global  451)  mu=2.2847  [  52000/100000]  row=219.1s  ETA=176m  ranks=[116,116]  gap=[1.0e+05,2.4e+07]
  Row   53/100  (global  452)  mu=2.2896  [  53000/100000]  row=221.3s  ETA=172m  ranks=[116,116]  gap=[1.4e+05,2.2e+07]
  Row   54/100  (global  453)  mu=2.2946  [  54000/100000]  row=219.9s  ETA=169m  ranks=[116,116]  gap=[1.3e+05,2.6e+07]
  Row   55/100  (global  454)  mu=2.2995  [  55000/100000]  row=218.9s  ETA=165m  ranks=[116,116]  gap=[1.1e+05,2.7e+07]
  Row   56/100  (global  455)  mu=2.3045  [  56000/100000]  row=219.0s  ETA=161m  ranks=[116,116]  gap=[1.6e+05,2.2e+07]
  Row   57/100  (global  456)  mu=2.3095  [  57000/100000]  row=219.7s  ETA=158m  ranks=[116,116]  gap=[1.4e+05,2.2e+07]
  Row   58/100  (global  457)  mu=2.3144  [  58000/100000]  row=219.3s  ETA=154m  ranks=[116,116]  gap=[1.2e+05,2.4e+07]
  Row   59/100  (global  458)  mu=2.3194  [  59000/100000]  row=219.5s  ETA=150m  ranks=[116,116]  gap=[1.4e+05,2.2e+07]
  Row   60/100  (global  459)  mu=2.3243  [  60000/100000]  row=220.6s  ETA=147m  ranks=[116,116]  gap=[1.8e+05,2.4e+07]
  Row   61/100  (global  460)  mu=2.3293  [  61000/100000]  row=219.2s  ETA=143m  ranks=[116,116]  gap=[1.5e+05,2.2e+07]
  Row   62/100  (global  461)  mu=2.3342  [  62000/100000]  row=219.7s  ETA=139m  ranks=[116,116]  gap=[1.4e+05,2.4e+07]
  Row   63/100  (global  462)  mu=2.3392  [  63000/100000]  row=219.1s  ETA=136m  ranks=[116,116]  gap=[1.3e+05,2.5e+07]
  Row   64/100  (global  463)  mu=2.3441  [  64000/100000]  row=219.4s  ETA=132m  ranks=[116,116]  gap=[1.9e+05,2.5e+07]
  Row   65/100  (global  464)  mu=2.3491  [  65000/100000]  row=219.6s  ETA=128m  ranks=[116,116]  gap=[1.8e+05,2.2e+07]
  Row   66/100  (global  465)  mu=2.3541  [  66000/100000]  row=219.4s  ETA=125m  ranks=[116,116]  gap=[1.5e+05,2.5e+07]
  Row   67/100  (global  466)  mu=2.3590  [  67000/100000]  row=219.3s  ETA=121m  ranks=[116,116]  gap=[1.7e+05,2.2e+07]
  Row   68/100  (global  467)  mu=2.3640  [  68000/100000]  row=219.0s  ETA=117m  ranks=[116,116]  gap=[1.6e+05,2.0e+07]
  Row   69/100  (global  468)  mu=2.3689  [  69000/100000]  row=219.2s  ETA=114m  ranks=[116,116]  gap=[1.5e+05,2.4e+07]
  Row   70/100  (global  469)  mu=2.3739  [  70000/100000]  row=220.7s  ETA=110m  ranks=[116,116]  gap=[1.5e+05,2.2e+07]
  Row   71/100  (global  470)  mu=2.3788  [  71000/100000]  row=219.4s  ETA=106m  ranks=[116,116]  gap=[1.5e+05,2.1e+07]
  Row   72/100  (global  471)  mu=2.3838  [  72000/100000]  row=219.2s  ETA=103m  ranks=[116,116]  gap=[1.6e+05,2.0e+07]
  Row   73/100  (global  472)  mu=2.3887  [  73000/100000]  row=218.6s  ETA=99m  ranks=[116,116]  gap=[1.8e+05,2.1e+07]
  Row   74/100  (global  473)  mu=2.3937  [  74000/100000]  row=219.3s  ETA=95m  ranks=[116,116]  gap=[2.0e+05,2.1e+07]
  Row   75/100  (global  474)  mu=2.3986  [  75000/100000]  row=219.1s  ETA=92m  ranks=[116,116]  gap=[2.0e+05,2.0e+07]
  Row   76/100  (global  475)  mu=2.4036  [  76000/100000]  row=219.4s  ETA=88m  ranks=[116,116]  gap=[1.8e+05,2.2e+07]
  Row   77/100  (global  476)  mu=2.4086  [  77000/100000]  row=220.1s  ETA=84m  ranks=[116,116]  gap=[1.6e+05,2.1e+07]
  Row   78/100  (global  477)  mu=2.4135  [  78000/100000]  row=218.9s  ETA=81m  ranks=[116,116]  gap=[1.9e+05,2.0e+07]
  Row   79/100  (global  478)  mu=2.4185  [  79000/100000]  row=219.0s  ETA=77m  ranks=[116,116]  gap=[1.9e+05,2.0e+07]
  Row   80/100  (global  479)  mu=2.4234  [  80000/100000]  row=220.4s  ETA=73m  ranks=[116,116]  gap=[1.9e+05,2.3e+07]
  Row   81/100  (global  480)  mu=2.4284  [  81000/100000]  row=219.7s  ETA=70m  ranks=[116,116]  gap=[1.9e+05,1.8e+07]
  Row   82/100  (global  481)  mu=2.4333  [  82000/100000]  row=220.2s  ETA=66m  ranks=[116,116]  gap=[1.7e+05,2.0e+07]
  Row   83/100  (global  482)  mu=2.4383  [  83000/100000]  row=219.3s  ETA=62m  ranks=[116,116]  gap=[2.0e+05,2.0e+07]
  Row   84/100  (global  483)  mu=2.4432  [  84000/100000]  row=220.3s  ETA=59m  ranks=[116,116]  gap=[1.7e+05,1.9e+07]
  Row   85/100  (global  484)  mu=2.4482  [  85000/100000]  row=219.2s  ETA=55m  ranks=[116,116]  gap=[2.2e+05,2.0e+07]
  Row   86/100  (global  485)  mu=2.4532  [  86000/100000]  row=219.2s  ETA=51m  ranks=[116,116]  gap=[1.7e+05,1.9e+07]
  Row   87/100  (global  486)  mu=2.4581  [  87000/100000]  row=219.1s  ETA=48m  ranks=[116,116]  gap=[2.1e+05,1.9e+07]
  Row   88/100  (global  487)  mu=2.4631  [  88000/100000]  row=218.0s  ETA=44m  ranks=[116,116]  gap=[2.2e+05,1.8e+07]
  Row   89/100  (global  488)  mu=2.4680  [  89000/100000]  row=219.2s  ETA=40m  ranks=[116,116]  gap=[1.6e+05,2.1e+07]
  Row   90/100  (global  489)  mu=2.4730  [  90000/100000]  row=220.5s  ETA=37m  ranks=[116,116]  gap=[2.5e+05,2.0e+07]
  Row   91/100  (global  490)  mu=2.4779  [  91000/100000]  row=219.0s  ETA=33m  ranks=[116,116]  gap=[1.7e+05,2.1e+07]
  Row   92/100  (global  491)  mu=2.4829  [  92000/100000]  row=220.0s  ETA=29m  ranks=[116,116]  gap=[1.7e+05,2.2e+07]
  Row   93/100  (global  492)  mu=2.4878  [  93000/100000]  row=219.0s  ETA=26m  ranks=[116,116]  gap=[2.5e+05,2.0e+07]
  Row   94/100  (global  493)  mu=2.4928  [  94000/100000]  row=220.7s  ETA=22m  ranks=[116,116]  gap=[2.0e+05,1.9e+07]
  Row   95/100  (global  494)  mu=2.4977  [  95000/100000]  row=217.4s  ETA=18m  ranks=[116,116]  gap=[2.0e+05,1.9e+07]
  Row   96/100  (global  495)  mu=2.5027  [  96000/100000]  row=217.4s  ETA=15m  ranks=[116,116]  gap=[2.2e+05,2.0e+07]
  Row   97/100  (global  496)  mu=2.5077  [  97000/100000]  row=217.6s  ETA=11m  ranks=[116,116]  gap=[1.8e+05,1.9e+07]
  Row   98/100  (global  497)  mu=2.5126  [  98000/100000]  row=217.4s  ETA=7m  ranks=[116,116]  gap=[2.4e+05,1.8e+07]
  Row   99/100  (global  498)  mu=2.5176  [  99000/100000]  row=217.8s  ETA=4m  ranks=[116,116]  gap=[2.1e+05,1.9e+07]
  Row  100/100  (global  499)  mu=2.5225  [ 100000/100000]  row=215.9s  ETA=0m  ranks=[116,116]  gap=[1.9e+05,1.8e+07]

======================================================================
  BLOCK COMPLETE: rows 400-499
  Time: 21955s (6.1h)
  Rank range: [116, 116]
  Gap range:  [3.34e+04, 3.91e+07]
======================================================================
