======================================================================
  1000x1000 ATLAS SCAN
  Potential: 1/r   Epsilon: 5e-03
  Grid: 1000x1000   Rows: 300-399
  Workers: 15   Samples/point: 400
  Output: atlas_1000/1_r/block_0300_0400/
======================================================================

  Building symbolic algebra...
  Building symbolic generators for Newtonian (1/r)...
    Level 2: 12 generators (0 zero)
    Level 3: 138 generators (0 zero)
    Total: 156 generators, 156 non-zero
    Compiling evaluator...
    Lambdifying 156 expressions individually...
      20/156  [0.7s]
      40/156  [130.3s]
      60/156  [282.3s]
      80/156  [525.4s]
      100/156  [706.9s]
      120/156  [814.3s]
      140/156  [906.8s]
      156/156  [935.6s]
    Total lambdify time: 936.2s
  Algebra ready (1413.1s)
  Algebra ready (1413.1s, 156 generators)

  Row    1/100  (global  300)  mu=1.5365  [   1000/100000]  row=211.0s  ETA=348m  ranks=[116,116]  gap=[1.4e+04,4.2e+07]
  Row    2/100  (global  301)  mu=1.5414  [   2000/100000]  row=208.4s  ETA=343m  ranks=[116,116]  gap=[1.2e+04,5.0e+07]
  Row    3/100  (global  302)  mu=1.5464  [   3000/100000]  row=207.7s  ETA=338m  ranks=[116,116]  gap=[1.3e+04,5.1e+07]
  Row    4/100  (global  303)  mu=1.5514  [   4000/100000]  row=208.9s  ETA=334m  ranks=[116,116]  gap=[1.3e+04,4.3e+07]
  Row    5/100  (global  304)  mu=1.5563  [   5000/100000]  row=209.6s  ETA=331m  ranks=[116,116]  gap=[1.6e+04,5.1e+07]
  Row    6/100  (global  305)  mu=1.5613  [   6000/100000]  row=211.4s  ETA=328m  ranks=[116,116]  gap=[1.7e+04,4.6e+07]
  Row    7/100  (global  306)  mu=1.5662  [   7000/100000]  row=212.3s  ETA=325m  ranks=[116,116]  gap=[1.3e+04,5.1e+07]
  Row    8/100  (global  307)  mu=1.5712  [   8000/100000]  row=212.5s  ETA=322m  ranks=[116,116]  gap=[1.2e+04,4.3e+07]
  Row    9/100  (global  308)  mu=1.5761  [   9000/100000]  row=212.7s  ETA=319m  ranks=[116,116]  gap=[1.7e+04,4.8e+07]
  Row   10/100  (global  309)  mu=1.5811  [  10000/100000]  row=212.5s  ETA=316m  ranks=[116,116]  gap=[1.8e+04,4.9e+07]
  Row   11/100  (global  310)  mu=1.5860  [  11000/100000]  row=212.9s  ETA=313m  ranks=[116,116]  gap=[2.1e+04,4.7e+07]
  Row   12/100  (global  311)  mu=1.5910  [  12000/100000]  row=209.4s  ETA=309m  ranks=[116,116]  gap=[1.9e+04,5.1e+07]
  Row   13/100  (global  312)  mu=1.5959  [  13000/100000]  row=210.0s  ETA=306m  ranks=[116,116]  gap=[2.3e+04,4.4e+07]
  Row   14/100  (global  313)  mu=1.6009  [  14000/100000]  row=210.2s  ETA=302m  ranks=[116,116]  gap=[1.9e+04,5.8e+07]
  Row   15/100  (global  314)  mu=1.6059  [  15000/100000]  row=210.5s  ETA=298m  ranks=[116,116]  gap=[2.0e+04,4.1e+07]
  Row   16/100  (global  315)  mu=1.6108  [  16000/100000]  row=210.5s  ETA=295m  ranks=[116,116]  gap=[2.3e+04,4.8e+07]
  Row   17/100  (global  316)  mu=1.6158  [  17000/100000]  row=211.2s  ETA=291m  ranks=[116,116]  gap=[2.1e+04,4.2e+07]
  Row   18/100  (global  317)  mu=1.6207  [  18000/100000]  row=210.4s  ETA=288m  ranks=[116,116]  gap=[2.1e+04,4.6e+07]
  Row   19/100  (global  318)  mu=1.6257  [  19000/100000]  row=210.0s  ETA=284m  ranks=[116,116]  gap=[2.4e+04,4.7e+07]
  Row   20/100  (global  319)  mu=1.6306  [  20000/100000]  row=211.9s  ETA=281m  ranks=[116,116]  gap=[2.2e+04,5.5e+07]
  Row   21/100  (global  320)  mu=1.6356  [  21000/100000]  row=210.5s  ETA=277m  ranks=[116,116]  gap=[2.5e+04,4.5e+07]
  Row   22/100  (global  321)  mu=1.6405  [  22000/100000]  row=211.3s  ETA=274m  ranks=[116,116]  gap=[2.7e+04,4.3e+07]
  Row   23/100  (global  322)  mu=1.6455  [  23000/100000]  row=210.4s  ETA=270m  ranks=[116,116]  gap=[2.6e+04,4.7e+07]
  Row   24/100  (global  323)  mu=1.6505  [  24000/100000]  row=208.5s  ETA=267m  ranks=[116,116]  gap=[2.4e+04,4.3e+07]
  Row   25/100  (global  324)  mu=1.6554  [  25000/100000]  row=207.7s  ETA=263m  ranks=[116,116]  gap=[2.4e+04,5.3e+07]
  Row   26/100  (global  325)  mu=1.6604  [  26000/100000]  row=207.8s  ETA=259m  ranks=[116,116]  gap=[2.4e+04,4.7e+07]
  Row   27/100  (global  326)  mu=1.6653  [  27000/100000]  row=208.6s  ETA=256m  ranks=[116,116]  gap=[2.8e+04,4.2e+07]
  Row   28/100  (global  327)  mu=1.6703  [  28000/100000]  row=208.3s  ETA=252m  ranks=[116,116]  gap=[2.2e+04,5.0e+07]
  Row   29/100  (global  328)  mu=1.6752  [  29000/100000]  row=208.0s  ETA=249m  ranks=[116,116]  gap=[2.4e+04,4.1e+07]
  Row   30/100  (global  329)  mu=1.6802  [  30000/100000]  row=208.9s  ETA=245m  ranks=[116,116]  gap=[3.0e+04,4.4e+07]
  Row   31/100  (global  330)  mu=1.6851  [  31000/100000]  row=209.1s  ETA=242m  ranks=[116,116]  gap=[3.4e+04,4.2e+07]
  Row   32/100  (global  331)  mu=1.6901  [  32000/100000]  row=207.8s  ETA=238m  ranks=[116,116]  gap=[2.8e+04,4.3e+07]
  Row   33/100  (global  332)  mu=1.6950  [  33000/100000]  row=208.2s  ETA=234m  ranks=[116,116]  gap=[3.1e+04,4.2e+07]
  Row   34/100  (global  333)  mu=1.7000  [  34000/100000]  row=208.1s  ETA=231m  ranks=[116,116]  gap=[3.4e+04,4.6e+07]
  Row   35/100  (global  334)  mu=1.7050  [  35000/100000]  row=208.4s  ETA=227m  ranks=[116,116]  gap=[3.2e+04,4.1e+07]
  Row   36/100  (global  335)  mu=1.7099  [  36000/100000]  row=207.7s  ETA=224m  ranks=[116,116]  gap=[3.2e+04,3.6e+07]
  Row   37/100  (global  336)  mu=1.7149  [  37000/100000]  row=208.0s  ETA=220m  ranks=[116,116]  gap=[2.7e+04,4.3e+07]
  Row   38/100  (global  337)  mu=1.7198  [  38000/100000]  row=208.0s  ETA=217m  ranks=[116,116]  gap=[2.7e+04,4.1e+07]
  Row   39/100  (global  338)  mu=1.7248  [  39000/100000]  row=207.2s  ETA=213m  ranks=[116,116]  gap=[2.8e+04,4.3e+07]
  Row   40/100  (global  339)  mu=1.7297  [  40000/100000]  row=209.6s  ETA=210m  ranks=[116,116]  gap=[3.5e+04,4.2e+07]
  Row   41/100  (global  340)  mu=1.7347  [  41000/100000]  row=207.8s  ETA=206m  ranks=[116,116]  gap=[3.3e+04,4.2e+07]
  Row   42/100  (global  341)  mu=1.7396  [  42000/100000]  row=209.4s  ETA=203m  ranks=[116,116]  gap=[3.6e+04,4.4e+07]
  Row   43/100  (global  342)  mu=1.7446  [  43000/100000]  row=208.2s  ETA=199m  ranks=[116,116]  gap=[3.0e+04,5.2e+07]
  Row   44/100  (global  343)  mu=1.7495  [  44000/100000]  row=208.1s  ETA=196m  ranks=[116,116]  gap=[3.6e+04,4.5e+07]
  Row   45/100  (global  344)  mu=1.7545  [  45000/100000]  row=207.7s  ETA=192m  ranks=[116,116]  gap=[3.2e+04,4.3e+07]
  Row   46/100  (global  345)  mu=1.7595  [  46000/100000]  row=209.4s  ETA=189m  ranks=[116,116]  gap=[3.5e+04,4.0e+07]
  Row   47/100  (global  346)  mu=1.7644  [  47000/100000]  row=207.9s  ETA=185m  ranks=[116,116]  gap=[3.3e+04,4.3e+07]
  Row   48/100  (global  347)  mu=1.7694  [  48000/100000]  row=208.3s  ETA=182m  ranks=[116,116]  gap=[3.5e+04,4.6e+07]
  Row   49/100  (global  348)  mu=1.7743  [  49000/100000]  row=208.3s  ETA=178m  ranks=[116,116]  gap=[4.0e+04,4.0e+07]
  Row   50/100  (global  349)  mu=1.7793  [  50000/100000]  row=211.4s  ETA=175m  ranks=[116,116]  gap=[4.4e+04,3.9e+07]
  Row   51/100  (global  350)  mu=1.7842  [  51000/100000]  row=209.6s  ETA=171m  ranks=[116,116]  gap=[4.1e+04,4.1e+07]
  Row   52/100  (global  351)  mu=1.7892  [  52000/100000]  row=207.8s  ETA=168m  ranks=[116,116]  gap=[3.6e+04,4.5e+07]
  Row   53/100  (global  352)  mu=1.7941  [  53000/100000]  row=207.6s  ETA=164m  ranks=[116,116]  gap=[3.9e+04,3.9e+07]
  Row   54/100  (global  353)  mu=1.7991  [  54000/100000]  row=209.1s  ETA=161m  ranks=[116,116]  gap=[2.8e+04,4.2e+07]
  Row   55/100  (global  354)  mu=1.8041  [  55000/100000]  row=208.3s  ETA=157m  ranks=[116,116]  gap=[4.4e+04,3.4e+07]
  Row   56/100  (global  355)  mu=1.8090  [  56000/100000]  row=208.5s  ETA=154m  ranks=[116,116]  gap=[3.7e+04,4.0e+07]
  Row   57/100  (global  356)  mu=1.8140  [  57000/100000]  row=208.9s  ETA=150m  ranks=[116,116]  gap=[3.8e+04,3.7e+07]
  Row   58/100  (global  357)  mu=1.8189  [  58000/100000]  row=208.0s  ETA=147m  ranks=[116,116]  gap=[3.8e+04,4.0e+07]
  Row   59/100  (global  358)  mu=1.8239  [  59000/100000]  row=209.4s  ETA=143m  ranks=[116,116]  gap=[4.4e+04,4.0e+07]
  Row   60/100  (global  359)  mu=1.8288  [  60000/100000]  row=209.3s  ETA=140m  ranks=[116,116]  gap=[4.5e+04,4.3e+07]
  Row   61/100  (global  360)  mu=1.8338  [  61000/100000]  row=208.9s  ETA=136m  ranks=[116,116]  gap=[3.8e+04,3.6e+07]
  Row   62/100  (global  361)  mu=1.8387  [  62000/100000]  row=207.8s  ETA=133m  ranks=[116,116]  gap=[3.7e+04,4.1e+07]
  Row   63/100  (global  362)  mu=1.8437  [  63000/100000]  row=209.1s  ETA=129m  ranks=[116,116]  gap=[3.8e+04,4.0e+07]
  Row   64/100  (global  363)  mu=1.8486  [  64000/100000]  row=208.1s  ETA=126m  ranks=[116,116]  gap=[3.6e+04,3.6e+07]
  Row   65/100  (global  364)  mu=1.8536  [  65000/100000]  row=208.7s  ETA=122m  ranks=[116,116]  gap=[3.8e+04,4.4e+07]
  Row   66/100  (global  365)  mu=1.8586  [  66000/100000]  row=207.6s  ETA=119m  ranks=[116,116]  gap=[3.5e+04,3.6e+07]
  Row   67/100  (global  366)  mu=1.8635  [  67000/100000]  row=209.6s  ETA=115m  ranks=[116,116]  gap=[3.3e+04,3.9e+07]
  Row   68/100  (global  367)  mu=1.8685  [  68000/100000]  row=208.4s  ETA=112m  ranks=[116,116]  gap=[3.8e+04,3.8e+07]
  Row   69/100  (global  368)  mu=1.8734  [  69000/100000]  row=207.8s  ETA=108m  ranks=[116,116]  gap=[4.4e+04,3.6e+07]
  Row   70/100  (global  369)  mu=1.8784  [  70000/100000]  row=208.9s  ETA=105m  ranks=[116,116]  gap=[3.4e+04,3.7e+07]
  Row   71/100  (global  370)  mu=1.8833  [  71000/100000]  row=207.8s  ETA=101m  ranks=[116,116]  gap=[4.0e+04,3.5e+07]
  Row   72/100  (global  371)  mu=1.8883  [  72000/100000]  row=208.9s  ETA=98m  ranks=[116,116]  gap=[3.6e+04,4.1e+07]
  Row   73/100  (global  372)  mu=1.8932  [  73000/100000]  row=208.2s  ETA=94m  ranks=[116,116]  gap=[3.2e+04,3.8e+07]
  Row   74/100  (global  373)  mu=1.8982  [  74000/100000]  row=208.5s  ETA=91m  ranks=[116,116]  gap=[3.3e+04,3.5e+07]
  Row   75/100  (global  374)  mu=1.9032  [  75000/100000]  row=209.9s  ETA=87m  ranks=[116,116]  gap=[2.9e+04,3.7e+07]
  Row   76/100  (global  375)  mu=1.9081  [  76000/100000]  row=208.6s  ETA=84m  ranks=[116,116]  gap=[2.8e+04,4.5e+07]
  Row   77/100  (global  376)  mu=1.9131  [  77000/100000]  row=207.8s  ETA=80m  ranks=[116,116]  gap=[3.9e+04,3.4e+07]
  Row   78/100  (global  377)  mu=1.9180  [  78000/100000]  row=209.0s  ETA=77m  ranks=[116,116]  gap=[2.9e+04,3.5e+07]
  Row   79/100  (global  378)  mu=1.9230  [  79000/100000]  row=206.4s  ETA=73m  ranks=[116,116]  gap=[2.8e+04,3.7e+07]
  Row   80/100  (global  379)  mu=1.9279  [  80000/100000]  row=209.9s  ETA=70m  ranks=[116,116]  gap=[3.3e+04,3.2e+07]
  Row   81/100  (global  380)  mu=1.9329  [  81000/100000]  row=208.2s  ETA=66m  ranks=[116,116]  gap=[3.5e+04,3.5e+07]
  Row   82/100  (global  381)  mu=1.9378  [  82000/100000]  row=209.4s  ETA=63m  ranks=[116,116]  gap=[3.1e+04,3.5e+07]
  Row   83/100  (global  382)  mu=1.9428  [  83000/100000]  row=207.7s  ETA=59m  ranks=[116,116]  gap=[3.2e+04,3.3e+07]
  Row   84/100  (global  383)  mu=1.9477  [  84000/100000]  row=209.6s  ETA=56m  ranks=[116,116]  gap=[3.4e+04,3.1e+07]
  Row   85/100  (global  384)  mu=1.9527  [  85000/100000]  row=208.7s  ETA=52m  ranks=[116,116]  gap=[3.4e+04,3.8e+07]
  Row   86/100  (global  385)  mu=1.9577  [  86000/100000]  row=207.6s  ETA=49m  ranks=[116,116]  gap=[3.0e+04,3.1e+07]
  Row   87/100  (global  386)  mu=1.9626  [  87000/100000]  row=209.9s  ETA=45m  ranks=[116,116]  gap=[2.6e+04,3.3e+07]
  Row   88/100  (global  387)  mu=1.9676  [  88000/100000]  row=206.7s  ETA=42m  ranks=[116,116]  gap=[3.0e+04,3.7e+07]
  Row   89/100  (global  388)  mu=1.9725  [  89000/100000]  row=207.9s  ETA=38m  ranks=[116,116]  gap=[2.7e+04,3.1e+07]
  Row   90/100  (global  389)  mu=1.9775  [  90000/100000]  row=207.4s  ETA=35m  ranks=[116,116]  gap=[2.5e+04,3.3e+07]
  Row   91/100  (global  390)  mu=1.9824  [  91000/100000]  row=208.6s  ETA=31m  ranks=[116,116]  gap=[2.8e+04,3.3e+07]
  Row   92/100  (global  391)  mu=1.9874  [  92000/100000]  row=208.4s  ETA=28m  ranks=[116,116]  gap=[2.5e+04,3.9e+07]
  Row   93/100  (global  392)  mu=1.9923  [  93000/100000]  row=206.6s  ETA=24m  ranks=[116,116]  gap=[2.6e+04,3.1e+07]
  Row   94/100  (global  393)  mu=1.9973  [  94000/100000]  row=208.3s  ETA=21m  ranks=[116,116]  gap=[2.5e+04,3.6e+07]
  Row   95/100  (global  394)  mu=2.0023  [  95000/100000]  row=209.3s  ETA=17m  ranks=[116,116]  gap=[2.9e+04,3.8e+07]
  Row   96/100  (global  395)  mu=2.0072  [  96000/100000]  row=208.1s  ETA=14m  ranks=[116,116]  gap=[3.4e+04,3.3e+07]
  Row   97/100  (global  396)  mu=2.0122  [  97000/100000]  row=209.4s  ETA=10m  ranks=[116,116]  gap=[2.9e+04,3.6e+07]
  Row   98/100  (global  397)  mu=2.0171  [  98000/100000]  row=207.5s  ETA=7m  ranks=[116,116]  gap=[2.9e+04,3.1e+07]
  Row   99/100  (global  398)  mu=2.0221  [  99000/100000]  row=209.6s  ETA=3m  ranks=[116,116]  gap=[3.0e+04,3.2e+07]
  Row  100/100  (global  399)  mu=2.0270  [ 100000/100000]  row=209.3s  ETA=0m  ranks=[116,116]  gap=[3.3e+04,3.5e+07]

======================================================================
  BLOCK COMPLETE: rows 300-399
  Time: 20898s (5.8h)
  Rank range: [116, 116]
  Gap range:  [1.21e+04, 5.80e+07]
======================================================================
