======================================================================
  1000x1000 ATLAS SCAN
  Potential: 1/r   Epsilon: 5e-03
  Grid: 1000x1000   Rows: 600-699
  Workers: 15   Samples/point: 400
  Output: atlas_1000/1_r/block_0600_0700/
======================================================================

  Building symbolic algebra...
  Building symbolic generators for Newtonian (1/r)...
    Level 2: 12 generators (0 zero)
    Level 3: 138 generators (0 zero)
    Total: 156 generators, 156 non-zero
    Compiling evaluator...
    Lambdifying 156 expressions individually...
      20/156  [0.7s]
      40/156  [124.4s]
      60/156  [265.9s]
      80/156  [495.7s]
      100/156  [668.2s]
      120/156  [770.6s]
      140/156  [859.2s]
      156/156  [887.0s]
    Total lambdify time: 887.6s
  Algebra ready (1349.3s)
  Algebra ready (1349.3s, 156 generators)

  Row    1/100  (global  600)  mu=3.0230  [   1000/100000]  row=222.8s  ETA=368m  ranks=[116,116]  gap=[1.1e+05,9.4e+06]
  Row    2/100  (global  601)  mu=3.0279  [   2000/100000]  row=221.2s  ETA=363m  ranks=[116,116]  gap=[1.0e+05,8.5e+06]
  Row    3/100  (global  602)  mu=3.0329  [   3000/100000]  row=221.2s  ETA=358m  ranks=[116,116]  gap=[1.1e+05,9.4e+06]
  Row    4/100  (global  603)  mu=3.0378  [   4000/100000]  row=219.7s  ETA=354m  ranks=[116,116]  gap=[1.1e+05,9.6e+06]
  Row    5/100  (global  604)  mu=3.0428  [   5000/100000]  row=221.4s  ETA=350m  ranks=[-1,116]  gap=[0.0e+00,8.1e+06]
  Row    6/100  (global  605)  mu=3.0477  [   6000/100000]  row=220.7s  ETA=346m  ranks=[116,116]  gap=[1.1e+05,8.5e+06]
  Row    7/100  (global  606)  mu=3.0527  [   7000/100000]  row=221.3s  ETA=343m  ranks=[116,116]  gap=[1.1e+05,8.5e+06]
  Row    8/100  (global  607)  mu=3.0577  [   8000/100000]  row=221.0s  ETA=339m  ranks=[116,116]  gap=[1.3e+05,8.0e+06]
  Row    9/100  (global  608)  mu=3.0626  [   9000/100000]  row=219.9s  ETA=335m  ranks=[116,116]  gap=[1.2e+05,7.6e+06]
  Row   10/100  (global  609)  mu=3.0676  [  10000/100000]  row=222.5s  ETA=332m  ranks=[116,116]  gap=[1.1e+05,8.9e+06]
  Row   11/100  (global  610)  mu=3.0725  [  11000/100000]  row=220.8s  ETA=328m  ranks=[116,116]  gap=[1.1e+05,8.2e+06]
  Row   12/100  (global  611)  mu=3.0775  [  12000/100000]  row=220.6s  ETA=324m  ranks=[116,116]  gap=[9.9e+04,8.2e+06]
  Row   13/100  (global  612)  mu=3.0824  [  13000/100000]  row=221.0s  ETA=321m  ranks=[116,116]  gap=[1.1e+05,7.7e+06]
  Row   14/100  (global  613)  mu=3.0874  [  14000/100000]  row=221.2s  ETA=317m  ranks=[116,116]  gap=[1.1e+05,1.0e+07]
  Row   15/100  (global  614)  mu=3.0923  [  15000/100000]  row=222.1s  ETA=313m  ranks=[116,116]  gap=[1.1e+05,8.0e+06]
  Row   16/100  (global  615)  mu=3.0973  [  16000/100000]  row=220.6s  ETA=310m  ranks=[116,116]  gap=[1.2e+05,8.6e+06]
  Row   17/100  (global  616)  mu=3.1023  [  17000/100000]  row=220.2s  ETA=306m  ranks=[116,116]  gap=[1.1e+05,7.6e+06]
  Row   18/100  (global  617)  mu=3.1072  [  18000/100000]  row=219.5s  ETA=302m  ranks=[116,116]  gap=[1.1e+05,7.2e+06]
  Row   19/100  (global  618)  mu=3.1122  [  19000/100000]  row=219.6s  ETA=298m  ranks=[116,116]  gap=[7.8e+04,7.3e+06]
  Row   20/100  (global  619)  mu=3.1171  [  20000/100000]  row=222.0s  ETA=295m  ranks=[116,116]  gap=[9.8e+04,7.8e+06]
  Row   21/100  (global  620)  mu=3.1221  [  21000/100000]  row=221.0s  ETA=291m  ranks=[116,116]  gap=[1.1e+05,8.2e+06]
  Row   22/100  (global  621)  mu=3.1270  [  22000/100000]  row=220.2s  ETA=287m  ranks=[116,116]  gap=[9.0e+04,7.7e+06]
  Row   23/100  (global  622)  mu=3.1320  [  23000/100000]  row=221.5s  ETA=284m  ranks=[116,116]  gap=[1.0e+05,9.1e+06]
  Row   24/100  (global  623)  mu=3.1369  [  24000/100000]  row=222.6s  ETA=280m  ranks=[116,116]  gap=[1.0e+05,7.3e+06]
  Row   25/100  (global  624)  mu=3.1419  [  25000/100000]  row=218.5s  ETA=276m  ranks=[116,116]  gap=[1.0e+05,7.5e+06]
  Row   26/100  (global  625)  mu=3.1468  [  26000/100000]  row=220.0s  ETA=272m  ranks=[116,116]  gap=[9.4e+04,8.0e+06]
  Row   27/100  (global  626)  mu=3.1518  [  27000/100000]  row=220.8s  ETA=269m  ranks=[116,116]  gap=[1.0e+05,7.2e+06]
  Row   28/100  (global  627)  mu=3.1568  [  28000/100000]  row=220.6s  ETA=265m  ranks=[116,116]  gap=[9.2e+04,7.6e+06]
  Row   29/100  (global  628)  mu=3.1617  [  29000/100000]  row=220.3s  ETA=261m  ranks=[116,116]  gap=[7.3e+04,9.6e+06]
  Row   30/100  (global  629)  mu=3.1667  [  30000/100000]  row=222.7s  ETA=258m  ranks=[116,116]  gap=[8.6e+04,7.0e+06]
  Row   31/100  (global  630)  mu=3.1716  [  31000/100000]  row=219.7s  ETA=254m  ranks=[116,116]  gap=[7.7e+04,6.8e+06]
  Row   32/100  (global  631)  mu=3.1766  [  32000/100000]  row=220.9s  ETA=250m  ranks=[116,116]  gap=[8.5e+04,7.0e+06]
  Row   33/100  (global  632)  mu=3.1815  [  33000/100000]  row=221.6s  ETA=247m  ranks=[116,116]  gap=[1.0e+05,7.3e+06]
  Row   34/100  (global  633)  mu=3.1865  [  34000/100000]  row=221.1s  ETA=243m  ranks=[116,116]  gap=[1.0e+05,6.8e+06]
  Row   35/100  (global  634)  mu=3.1914  [  35000/100000]  row=219.5s  ETA=239m  ranks=[116,116]  gap=[8.6e+04,6.6e+06]
  Row   36/100  (global  635)  mu=3.1964  [  36000/100000]  row=220.0s  ETA=236m  ranks=[116,116]  gap=[8.6e+04,7.5e+06]
  Row   37/100  (global  636)  mu=3.2014  [  37000/100000]  row=220.3s  ETA=232m  ranks=[116,116]  gap=[7.4e+04,7.2e+06]
  Row   38/100  (global  637)  mu=3.2063  [  38000/100000]  row=221.1s  ETA=228m  ranks=[116,116]  gap=[7.6e+04,6.5e+06]
  Row   39/100  (global  638)  mu=3.2113  [  39000/100000]  row=222.0s  ETA=225m  ranks=[116,116]  gap=[7.6e+04,6.2e+06]
  Row   40/100  (global  639)  mu=3.2162  [  40000/100000]  row=224.3s  ETA=221m  ranks=[116,116]  gap=[9.1e+04,6.9e+06]
  Row   41/100  (global  640)  mu=3.2212  [  41000/100000]  row=219.8s  ETA=217m  ranks=[116,116]  gap=[7.9e+04,7.3e+06]
  Row   42/100  (global  641)  mu=3.2261  [  42000/100000]  row=221.8s  ETA=214m  ranks=[116,116]  gap=[7.5e+04,6.8e+06]
  Row   43/100  (global  642)  mu=3.2311  [  43000/100000]  row=222.6s  ETA=210m  ranks=[116,116]  gap=[9.2e+04,7.6e+06]
  Row   44/100  (global  643)  mu=3.2360  [  44000/100000]  row=220.3s  ETA=206m  ranks=[116,116]  gap=[9.2e+04,6.0e+06]
  Row   45/100  (global  644)  mu=3.2410  [  45000/100000]  row=221.5s  ETA=203m  ranks=[116,116]  gap=[9.1e+04,7.1e+06]
  Row   46/100  (global  645)  mu=3.2459  [  46000/100000]  row=220.3s  ETA=199m  ranks=[116,116]  gap=[8.3e+04,5.8e+06]
  Row   47/100  (global  646)  mu=3.2509  [  47000/100000]  row=220.4s  ETA=195m  ranks=[116,116]  gap=[9.0e+04,6.7e+06]
  Row   48/100  (global  647)  mu=3.2559  [  48000/100000]  row=219.4s  ETA=191m  ranks=[116,116]  gap=[9.6e+04,5.8e+06]
  Row   49/100  (global  648)  mu=3.2608  [  49000/100000]  row=221.1s  ETA=188m  ranks=[116,116]  gap=[7.7e+04,6.0e+06]
  Row   50/100  (global  649)  mu=3.2658  [  50000/100000]  row=223.4s  ETA=184m  ranks=[116,116]  gap=[7.8e+04,5.6e+06]
  Row   51/100  (global  650)  mu=3.2707  [  51000/100000]  row=219.7s  ETA=180m  ranks=[116,116]  gap=[8.2e+04,6.3e+06]
  Row   52/100  (global  651)  mu=3.2757  [  52000/100000]  row=223.1s  ETA=177m  ranks=[116,116]  gap=[7.8e+04,5.7e+06]
  Row   53/100  (global  652)  mu=3.2806  [  53000/100000]  row=220.7s  ETA=173m  ranks=[116,116]  gap=[8.3e+04,6.0e+06]
  Row   54/100  (global  653)  mu=3.2856  [  54000/100000]  row=220.5s  ETA=169m  ranks=[116,116]  gap=[8.6e+04,5.7e+06]
  Row   55/100  (global  654)  mu=3.2905  [  55000/100000]  row=220.9s  ETA=166m  ranks=[116,116]  gap=[8.3e+04,5.9e+06]
  Row   56/100  (global  655)  mu=3.2955  [  56000/100000]  row=220.3s  ETA=162m  ranks=[116,116]  gap=[8.2e+04,5.9e+06]
  Row   57/100  (global  656)  mu=3.3005  [  57000/100000]  row=220.7s  ETA=158m  ranks=[116,116]  gap=[8.3e+04,5.4e+06]
  Row   58/100  (global  657)  mu=3.3054  [  58000/100000]  row=219.9s  ETA=155m  ranks=[116,116]  gap=[6.8e+04,6.4e+06]
  Row   59/100  (global  658)  mu=3.3104  [  59000/100000]  row=220.4s  ETA=151m  ranks=[116,116]  gap=[7.5e+04,5.6e+06]
  Row   60/100  (global  659)  mu=3.3153  [  60000/100000]  row=221.8s  ETA=147m  ranks=[116,116]  gap=[6.6e+04,5.4e+06]
  Row   61/100  (global  660)  mu=3.3203  [  61000/100000]  row=221.9s  ETA=144m  ranks=[116,116]  gap=[6.7e+04,5.3e+06]
  Row   62/100  (global  661)  mu=3.3252  [  62000/100000]  row=221.2s  ETA=140m  ranks=[116,116]  gap=[8.1e+04,5.8e+06]
  Row   63/100  (global  662)  mu=3.3302  [  63000/100000]  row=220.4s  ETA=136m  ranks=[116,116]  gap=[6.9e+04,5.7e+06]
  Row   64/100  (global  663)  mu=3.3351  [  64000/100000]  row=220.9s  ETA=133m  ranks=[116,116]  gap=[7.9e+04,5.7e+06]
  Row   65/100  (global  664)  mu=3.3401  [  65000/100000]  row=222.7s  ETA=129m  ranks=[116,116]  gap=[7.9e+04,5.9e+06]
  Row   66/100  (global  665)  mu=3.3450  [  66000/100000]  row=220.9s  ETA=125m  ranks=[116,116]  gap=[6.0e+04,5.3e+06]
  Row   67/100  (global  666)  mu=3.3500  [  67000/100000]  row=221.3s  ETA=122m  ranks=[116,116]  gap=[6.7e+04,5.3e+06]
  Row   68/100  (global  667)  mu=3.3550  [  68000/100000]  row=216.8s  ETA=118m  ranks=[116,116]  gap=[7.1e+04,5.2e+06]
  Row   69/100  (global  668)  mu=3.3599  [  69000/100000]  row=220.3s  ETA=114m  ranks=[116,116]  gap=[6.1e+04,5.0e+06]
  Row   70/100  (global  669)  mu=3.3649  [  70000/100000]  row=221.0s  ETA=110m  ranks=[116,116]  gap=[5.5e+04,5.2e+06]
  Row   71/100  (global  670)  mu=3.3698  [  71000/100000]  row=222.5s  ETA=107m  ranks=[116,116]  gap=[7.2e+04,4.8e+06]
  Row   72/100  (global  671)  mu=3.3748  [  72000/100000]  row=220.3s  ETA=103m  ranks=[116,116]  gap=[7.0e+04,6.0e+06]
  Row   73/100  (global  672)  mu=3.3797  [  73000/100000]  row=219.9s  ETA=99m  ranks=[116,116]  gap=[5.6e+04,5.1e+06]
  Row   74/100  (global  673)  mu=3.3847  [  74000/100000]  row=221.0s  ETA=96m  ranks=[116,116]  gap=[6.4e+04,5.0e+06]
  Row   75/100  (global  674)  mu=3.3896  [  75000/100000]  row=219.1s  ETA=92m  ranks=[116,116]  gap=[6.6e+04,5.3e+06]
  Row   76/100  (global  675)  mu=3.3946  [  76000/100000]  row=219.9s  ETA=88m  ranks=[116,116]  gap=[7.0e+04,5.2e+06]
  Row   77/100  (global  676)  mu=3.3995  [  77000/100000]  row=221.0s  ETA=85m  ranks=[116,116]  gap=[7.3e+04,5.4e+06]
  Row   78/100  (global  677)  mu=3.4045  [  78000/100000]  row=219.0s  ETA=81m  ranks=[115,116]  gap=[5.5e+04,5.0e+06]
  Row   79/100  (global  678)  mu=3.4095  [  79000/100000]  row=220.2s  ETA=77m  ranks=[116,116]  gap=[5.4e+04,5.3e+06]
  Row   80/100  (global  679)  mu=3.4144  [  80000/100000]  row=219.0s  ETA=74m  ranks=[116,116]  gap=[6.0e+04,5.4e+06]
  Row   81/100  (global  680)  mu=3.4194  [  81000/100000]  row=220.3s  ETA=70m  ranks=[116,116]  gap=[5.1e+04,4.8e+06]
  Row   82/100  (global  681)  mu=3.4243  [  82000/100000]  row=219.9s  ETA=66m  ranks=[116,116]  gap=[6.9e+04,4.9e+06]
  Row   83/100  (global  682)  mu=3.4293  [  83000/100000]  row=223.1s  ETA=63m  ranks=[116,116]  gap=[5.8e+04,4.8e+06]
  Row   84/100  (global  683)  mu=3.4342  [  84000/100000]  row=220.1s  ETA=59m  ranks=[116,116]  gap=[6.3e+04,5.1e+06]
  Row   85/100  (global  684)  mu=3.4392  [  85000/100000]  row=222.0s  ETA=55m  ranks=[116,116]  gap=[5.4e+04,4.7e+06]
  Row   86/100  (global  685)  mu=3.4441  [  86000/100000]  row=222.7s  ETA=52m  ranks=[116,116]  gap=[5.4e+04,4.9e+06]
  Row   87/100  (global  686)  mu=3.4491  [  87000/100000]  row=221.1s  ETA=48m  ranks=[116,116]  gap=[5.7e+04,4.9e+06]
  Row   88/100  (global  687)  mu=3.4541  [  88000/100000]  row=220.5s  ETA=44m  ranks=[116,116]  gap=[6.3e+04,4.6e+06]
  Row   89/100  (global  688)  mu=3.4590  [  89000/100000]  row=220.4s  ETA=40m  ranks=[116,116]  gap=[6.0e+04,4.8e+06]
  Row   90/100  (global  689)  mu=3.4640  [  90000/100000]  row=223.0s  ETA=37m  ranks=[116,116]  gap=[5.9e+04,5.3e+06]
  Row   91/100  (global  690)  mu=3.4689  [  91000/100000]  row=221.4s  ETA=33m  ranks=[116,116]  gap=[5.6e+04,5.1e+06]
  Row   92/100  (global  691)  mu=3.4739  [  92000/100000]  row=221.4s  ETA=29m  ranks=[116,116]  gap=[5.3e+04,4.5e+06]
  Row   93/100  (global  692)  mu=3.4788  [  93000/100000]  row=219.3s  ETA=26m  ranks=[116,116]  gap=[5.6e+04,4.5e+06]
  Row   94/100  (global  693)  mu=3.4838  [  94000/100000]  row=220.8s  ETA=22m  ranks=[116,116]  gap=[5.7e+04,4.6e+06]
  Row   95/100  (global  694)  mu=3.4887  [  95000/100000]  row=221.1s  ETA=18m  ranks=[115,116]  gap=[5.4e+04,4.5e+06]
  Row   96/100  (global  695)  mu=3.4937  [  96000/100000]  row=219.2s  ETA=15m  ranks=[115,116]  gap=[5.1e+04,4.7e+06]
  Row   97/100  (global  696)  mu=3.4986  [  97000/100000]  row=221.9s  ETA=11m  ranks=[116,116]  gap=[6.6e+04,4.1e+06]
  Row   98/100  (global  697)  mu=3.5036  [  98000/100000]  row=223.1s  ETA=7m  ranks=[115,116]  gap=[5.2e+04,4.5e+06]
  Row   99/100  (global  698)  mu=3.5086  [  99000/100000]  row=222.0s  ETA=4m  ranks=[116,116]  gap=[5.6e+04,4.4e+06]
  Row  100/100  (global  699)  mu=3.5135  [ 100000/100000]  row=221.2s  ETA=0m  ranks=[115,116]  gap=[5.5e+04,4.4e+06]

======================================================================
  BLOCK COMPLETE: rows 600-699
  Time: 22091s (6.1h)
  Rank range: [-1, 116]
  Gap range:  [0.00e+00, 1.03e+07]
======================================================================
