======================================================================
  1000x1000 ATLAS SCAN
  Potential: 1/r   Epsilon: 5e-03
  Grid: 1000x1000   Rows: 800-899
  Workers: 15   Samples/point: 400
  Output: atlas_1000/1_r/block_0800_0900/
======================================================================

  Building symbolic algebra...
  Building symbolic generators for Newtonian (1/r)...
    Level 2: 12 generators (0 zero)
    Level 3: 138 generators (0 zero)
    Total: 156 generators, 156 non-zero
    Compiling evaluator...
    Lambdifying 156 expressions individually...
      20/156  [0.7s]
      40/156  [133.2s]
      60/156  [284.2s]
      80/156  [530.9s]
      100/156  [715.6s]
      120/156  [825.5s]
      140/156  [920.9s]
      156/156  [950.0s]
    Total lambdify time: 950.6s
  Algebra ready (1433.5s)
  Algebra ready (1433.5s, 156 generators)

  Row    1/100  (global  800)  mu=4.0140  [   1000/100000]  row=219.4s  ETA=362m  ranks=[115,116]  gap=[2.9e+04,2.1e+06]
  Row    2/100  (global  801)  mu=4.0189  [   2000/100000]  row=218.6s  ETA=358m  ranks=[115,116]  gap=[2.4e+04,2.1e+06]
  Row    3/100  (global  802)  mu=4.0239  [   3000/100000]  row=219.4s  ETA=354m  ranks=[115,116]  gap=[2.4e+04,2.3e+06]
  Row    4/100  (global  803)  mu=4.0288  [   4000/100000]  row=216.7s  ETA=350m  ranks=[115,116]  gap=[2.4e+04,2.1e+06]
  Row    5/100  (global  804)  mu=4.0338  [   5000/100000]  row=218.9s  ETA=346m  ranks=[115,116]  gap=[2.2e+04,2.2e+06]
  Row    6/100  (global  805)  mu=4.0387  [   6000/100000]  row=217.7s  ETA=342m  ranks=[115,116]  gap=[2.6e+04,2.4e+06]
  Row    7/100  (global  806)  mu=4.0437  [   7000/100000]  row=218.9s  ETA=339m  ranks=[115,116]  gap=[2.7e+04,2.1e+06]
  Row    8/100  (global  807)  mu=4.0486  [   8000/100000]  row=218.9s  ETA=335m  ranks=[115,116]  gap=[2.6e+04,2.0e+06]
  Row    9/100  (global  808)  mu=4.0536  [   9000/100000]  row=219.2s  ETA=332m  ranks=[115,116]  gap=[2.4e+04,2.2e+06]
  Row   10/100  (global  809)  mu=4.0586  [  10000/100000]  row=219.8s  ETA=328m  ranks=[115,116]  gap=[2.6e+04,2.5e+06]
  Row   11/100  (global  810)  mu=4.0635  [  11000/100000]  row=218.8s  ETA=324m  ranks=[115,116]  gap=[2.4e+04,2.0e+06]
  Row   12/100  (global  811)  mu=4.0685  [  12000/100000]  row=218.9s  ETA=321m  ranks=[115,116]  gap=[2.3e+04,1.9e+06]
  Row   13/100  (global  812)  mu=4.0734  [  13000/100000]  row=219.2s  ETA=317m  ranks=[115,116]  gap=[2.7e+04,2.3e+06]
  Row   14/100  (global  813)  mu=4.0784  [  14000/100000]  row=219.1s  ETA=314m  ranks=[115,116]  gap=[2.5e+04,1.9e+06]
  Row   15/100  (global  814)  mu=4.0833  [  15000/100000]  row=218.4s  ETA=310m  ranks=[115,116]  gap=[2.2e+04,2.0e+06]
  Row   16/100  (global  815)  mu=4.0883  [  16000/100000]  row=217.4s  ETA=306m  ranks=[115,116]  gap=[2.6e+04,1.9e+06]
  Row   17/100  (global  816)  mu=4.0932  [  17000/100000]  row=217.2s  ETA=302m  ranks=[115,116]  gap=[2.2e+04,2.2e+06]
  Row   18/100  (global  817)  mu=4.0982  [  18000/100000]  row=218.2s  ETA=299m  ranks=[115,116]  gap=[2.2e+04,1.9e+06]
  Row   19/100  (global  818)  mu=4.1032  [  19000/100000]  row=218.2s  ETA=295m  ranks=[115,116]  gap=[2.1e+04,1.8e+06]
  Row   20/100  (global  819)  mu=4.1081  [  20000/100000]  row=220.3s  ETA=292m  ranks=[115,116]  gap=[2.1e+04,1.7e+06]
  Row   21/100  (global  820)  mu=4.1131  [  21000/100000]  row=218.1s  ETA=288m  ranks=[115,116]  gap=[1.5e+04,2.0e+06]
  Row   22/100  (global  821)  mu=4.1180  [  22000/100000]  row=218.7s  ETA=284m  ranks=[115,116]  gap=[2.1e+04,1.9e+06]
  Row   23/100  (global  822)  mu=4.1230  [  23000/100000]  row=217.5s  ETA=281m  ranks=[115,116]  gap=[2.4e+04,2.0e+06]
  Row   24/100  (global  823)  mu=4.1279  [  24000/100000]  row=219.1s  ETA=277m  ranks=[115,116]  gap=[2.4e+04,2.2e+06]
  Row   25/100  (global  824)  mu=4.1329  [  25000/100000]  row=218.3s  ETA=273m  ranks=[115,116]  gap=[1.9e+04,2.1e+06]
  Row   26/100  (global  825)  mu=4.1378  [  26000/100000]  row=216.5s  ETA=270m  ranks=[115,116]  gap=[2.0e+04,1.7e+06]
  Row   27/100  (global  826)  mu=4.1428  [  27000/100000]  row=217.5s  ETA=266m  ranks=[115,116]  gap=[2.0e+04,2.2e+06]
  Row   28/100  (global  827)  mu=4.1477  [  28000/100000]  row=218.7s  ETA=262m  ranks=[115,116]  gap=[2.0e+04,1.9e+06]
  Row   29/100  (global  828)  mu=4.1527  [  29000/100000]  row=218.3s  ETA=259m  ranks=[115,116]  gap=[2.3e+04,1.9e+06]
  Row   30/100  (global  829)  mu=4.1577  [  30000/100000]  row=219.8s  ETA=255m  ranks=[115,116]  gap=[2.2e+04,1.7e+06]
  Row   31/100  (global  830)  mu=4.1626  [  31000/100000]  row=218.9s  ETA=251m  ranks=[115,116]  gap=[2.2e+04,1.9e+06]
  Row   32/100  (global  831)  mu=4.1676  [  32000/100000]  row=218.2s  ETA=248m  ranks=[115,116]  gap=[1.9e+04,1.8e+06]
  Row   33/100  (global  832)  mu=4.1725  [  33000/100000]  row=218.1s  ETA=244m  ranks=[115,116]  gap=[2.2e+04,1.8e+06]
  Row   34/100  (global  833)  mu=4.1775  [  34000/100000]  row=218.1s  ETA=240m  ranks=[115,116]  gap=[2.0e+04,1.7e+06]
  Row   35/100  (global  834)  mu=4.1824  [  35000/100000]  row=218.5s  ETA=237m  ranks=[115,116]  gap=[1.9e+04,1.8e+06]
  Row   36/100  (global  835)  mu=4.1874  [  36000/100000]  row=218.5s  ETA=233m  ranks=[115,116]  gap=[2.3e+04,1.7e+06]
  Row   37/100  (global  836)  mu=4.1923  [  37000/100000]  row=219.8s  ETA=229m  ranks=[115,116]  gap=[1.9e+04,1.8e+06]
  Row   38/100  (global  837)  mu=4.1973  [  38000/100000]  row=218.1s  ETA=226m  ranks=[115,116]  gap=[2.1e+04,1.6e+06]
  Row   39/100  (global  838)  mu=4.2023  [  39000/100000]  row=219.3s  ETA=222m  ranks=[115,116]  gap=[2.0e+04,1.6e+06]
  Row   40/100  (global  839)  mu=4.2072  [  40000/100000]  row=220.4s  ETA=219m  ranks=[115,116]  gap=[1.5e+04,1.6e+06]
  Row   41/100  (global  840)  mu=4.2122  [  41000/100000]  row=216.8s  ETA=215m  ranks=[115,116]  gap=[2.1e+04,1.6e+06]
  Row   42/100  (global  841)  mu=4.2171  [  42000/100000]  row=218.5s  ETA=211m  ranks=[115,116]  gap=[2.0e+04,1.7e+06]
  Row   43/100  (global  842)  mu=4.2221  [  43000/100000]  row=217.2s  ETA=208m  ranks=[115,116]  gap=[1.9e+04,1.8e+06]
  Row   44/100  (global  843)  mu=4.2270  [  44000/100000]  row=217.2s  ETA=204m  ranks=[115,116]  gap=[1.9e+04,1.6e+06]
  Row   45/100  (global  844)  mu=4.2320  [  45000/100000]  row=218.4s  ETA=200m  ranks=[115,116]  gap=[1.6e+04,1.7e+06]
  Row   46/100  (global  845)  mu=4.2369  [  46000/100000]  row=217.9s  ETA=197m  ranks=[115,116]  gap=[1.7e+04,1.7e+06]
  Row   47/100  (global  846)  mu=4.2419  [  47000/100000]  row=218.7s  ETA=193m  ranks=[115,116]  gap=[1.6e+04,1.6e+06]
  Row   48/100  (global  847)  mu=4.2468  [  48000/100000]  row=218.9s  ETA=189m  ranks=[115,116]  gap=[1.9e+04,1.6e+06]
  Row   49/100  (global  848)  mu=4.2518  [  49000/100000]  row=219.0s  ETA=186m  ranks=[115,116]  gap=[1.6e+04,1.5e+06]
  Row   50/100  (global  849)  mu=4.2568  [  50000/100000]  row=221.4s  ETA=182m  ranks=[115,116]  gap=[1.8e+04,1.6e+06]
  Row   51/100  (global  850)  mu=4.2617  [  51000/100000]  row=218.8s  ETA=178m  ranks=[115,116]  gap=[1.7e+04,1.5e+06]
  Row   52/100  (global  851)  mu=4.2667  [  52000/100000]  row=217.3s  ETA=175m  ranks=[115,116]  gap=[1.7e+04,1.6e+06]
  Row   53/100  (global  852)  mu=4.2716  [  53000/100000]  row=219.2s  ETA=171m  ranks=[115,116]  gap=[1.7e+04,1.6e+06]
  Row   54/100  (global  853)  mu=4.2766  [  54000/100000]  row=217.2s  ETA=168m  ranks=[115,116]  gap=[1.7e+04,1.6e+06]
  Row   55/100  (global  854)  mu=4.2815  [  55000/100000]  row=217.5s  ETA=164m  ranks=[115,116]  gap=[1.8e+04,1.5e+06]
  Row   56/100  (global  855)  mu=4.2865  [  56000/100000]  row=219.0s  ETA=160m  ranks=[115,116]  gap=[1.7e+04,1.7e+06]
  Row   57/100  (global  856)  mu=4.2914  [  57000/100000]  row=217.5s  ETA=157m  ranks=[115,116]  gap=[1.7e+04,1.5e+06]
  Row   58/100  (global  857)  mu=4.2964  [  58000/100000]  row=217.9s  ETA=153m  ranks=[115,116]  gap=[1.8e+04,1.5e+06]
  Row   59/100  (global  858)  mu=4.3014  [  59000/100000]  row=218.7s  ETA=149m  ranks=[115,116]  gap=[1.9e+04,1.7e+06]
  Row   60/100  (global  859)  mu=4.3063  [  60000/100000]  row=218.1s  ETA=146m  ranks=[115,116]  gap=[1.6e+04,1.7e+06]
  Row   61/100  (global  860)  mu=4.3113  [  61000/100000]  row=218.1s  ETA=142m  ranks=[115,116]  gap=[1.6e+04,1.6e+06]
  Row   62/100  (global  861)  mu=4.3162  [  62000/100000]  row=216.9s  ETA=138m  ranks=[115,116]  gap=[1.5e+04,1.4e+06]
  Row   63/100  (global  862)  mu=4.3212  [  63000/100000]  row=218.9s  ETA=135m  ranks=[115,116]  gap=[1.5e+04,1.4e+06]
  Row   64/100  (global  863)  mu=4.3261  [  64000/100000]  row=217.8s  ETA=131m  ranks=[115,116]  gap=[1.4e+04,1.4e+06]
  Row   65/100  (global  864)  mu=4.3311  [  65000/100000]  row=217.4s  ETA=127m  ranks=[115,116]  gap=[1.7e+04,1.5e+06]
  Row   66/100  (global  865)  mu=4.3360  [  66000/100000]  row=218.0s  ETA=124m  ranks=[115,116]  gap=[1.4e+04,1.7e+06]
  Row   67/100  (global  866)  mu=4.3410  [  67000/100000]  row=217.2s  ETA=120m  ranks=[115,116]  gap=[1.6e+04,1.4e+06]
  Row   68/100  (global  867)  mu=4.3459  [  68000/100000]  row=217.4s  ETA=116m  ranks=[115,116]  gap=[1.6e+04,1.3e+06]
  Row   69/100  (global  868)  mu=4.3509  [  69000/100000]  row=218.1s  ETA=113m  ranks=[115,116]  gap=[1.4e+04,1.7e+06]
  Row   70/100  (global  869)  mu=4.3559  [  70000/100000]  row=219.6s  ETA=109m  ranks=[115,116]  gap=[1.4e+04,1.4e+06]
  Row   71/100  (global  870)  mu=4.3608  [  71000/100000]  row=216.6s  ETA=106m  ranks=[115,116]  gap=[1.5e+04,1.3e+06]
  Row   72/100  (global  871)  mu=4.3658  [  72000/100000]  row=219.1s  ETA=102m  ranks=[115,116]  gap=[1.8e+04,1.5e+06]
  Row   73/100  (global  872)  mu=4.3707  [  73000/100000]  row=218.8s  ETA=98m  ranks=[115,116]  gap=[1.4e+04,1.7e+06]
  Row   74/100  (global  873)  mu=4.3757  [  74000/100000]  row=218.0s  ETA=95m  ranks=[115,116]  gap=[1.7e+04,1.4e+06]
  Row   75/100  (global  874)  mu=4.3806  [  75000/100000]  row=217.5s  ETA=91m  ranks=[115,116]  gap=[1.7e+04,1.3e+06]
  Row   76/100  (global  875)  mu=4.3856  [  76000/100000]  row=217.4s  ETA=87m  ranks=[115,116]  gap=[1.6e+04,1.4e+06]
  Row   77/100  (global  876)  mu=4.3905  [  77000/100000]  row=218.6s  ETA=84m  ranks=[115,116]  gap=[1.5e+04,1.3e+06]
  Row   78/100  (global  877)  mu=4.3955  [  78000/100000]  row=218.0s  ETA=80m  ranks=[115,116]  gap=[1.6e+04,1.3e+06]
  Row   79/100  (global  878)  mu=4.4005  [  79000/100000]  row=219.1s  ETA=76m  ranks=[115,116]  gap=[1.4e+04,1.5e+06]
  Row   80/100  (global  879)  mu=4.4054  [  80000/100000]  row=218.8s  ETA=73m  ranks=[115,116]  gap=[1.5e+04,1.2e+06]
  Row   81/100  (global  880)  mu=4.4104  [  81000/100000]  row=218.6s  ETA=69m  ranks=[115,116]  gap=[1.4e+04,1.3e+06]
  Row   82/100  (global  881)  mu=4.4153  [  82000/100000]  row=217.7s  ETA=66m  ranks=[115,116]  gap=[1.4e+04,1.3e+06]
  Row   83/100  (global  882)  mu=4.4203  [  83000/100000]  row=217.8s  ETA=62m  ranks=[115,116]  gap=[1.6e+04,1.3e+06]
  Row   84/100  (global  883)  mu=4.4252  [  84000/100000]  row=217.9s  ETA=58m  ranks=[115,116]  gap=[1.4e+04,1.3e+06]
  Row   85/100  (global  884)  mu=4.4302  [  85000/100000]  row=217.0s  ETA=55m  ranks=[115,116]  gap=[1.4e+04,1.4e+06]
  Row   86/100  (global  885)  mu=4.4351  [  86000/100000]  row=218.3s  ETA=51m  ranks=[115,116]  gap=[1.4e+04,1.3e+06]
  Row   87/100  (global  886)  mu=4.4401  [  87000/100000]  row=217.4s  ETA=47m  ranks=[115,116]  gap=[1.5e+04,1.3e+06]
  Row   88/100  (global  887)  mu=4.4450  [  88000/100000]  row=217.3s  ETA=44m  ranks=[115,116]  gap=[1.4e+04,1.4e+06]
  Row   89/100  (global  888)  mu=4.4500  [  89000/100000]  row=217.6s  ETA=40m  ranks=[115,116]  gap=[1.5e+04,1.3e+06]
  Row   90/100  (global  889)  mu=4.4550  [  90000/100000]  row=219.5s  ETA=36m  ranks=[115,116]  gap=[1.2e+04,1.3e+06]
  Row   91/100  (global  890)  mu=4.4599  [  91000/100000]  row=217.6s  ETA=33m  ranks=[115,116]  gap=[1.3e+04,1.2e+06]
  Row   92/100  (global  891)  mu=4.4649  [  92000/100000]  row=220.2s  ETA=29m  ranks=[115,116]  gap=[1.4e+04,1.2e+06]
  Row   93/100  (global  892)  mu=4.4698  [  93000/100000]  row=218.6s  ETA=25m  ranks=[115,116]  gap=[1.2e+04,1.2e+06]
  Row   94/100  (global  893)  mu=4.4748  [  94000/100000]  row=218.7s  ETA=22m  ranks=[115,116]  gap=[1.3e+04,1.2e+06]
  Row   95/100  (global  894)  mu=4.4797  [  95000/100000]  row=219.3s  ETA=18m  ranks=[115,116]  gap=[1.3e+04,1.2e+06]
  Row   96/100  (global  895)  mu=4.4847  [  96000/100000]  row=216.6s  ETA=15m  ranks=[115,116]  gap=[1.3e+04,1.2e+06]
  Row   97/100  (global  896)  mu=4.4896  [  97000/100000]  row=218.8s  ETA=11m  ranks=[115,116]  gap=[1.5e+04,1.1e+06]
  Row   98/100  (global  897)  mu=4.4946  [  98000/100000]  row=218.8s  ETA=7m  ranks=[115,116]  gap=[1.5e+04,1.1e+06]
  Row   99/100  (global  898)  mu=4.4995  [  99000/100000]  row=217.3s  ETA=4m  ranks=[115,116]  gap=[1.3e+04,1.2e+06]
  Row  100/100  (global  899)  mu=4.5045  [ 100000/100000]  row=219.6s  ETA=0m  ranks=[115,116]  gap=[1.5e+04,1.2e+06]

======================================================================
  BLOCK COMPLETE: rows 800-899
  Time: 21836s (6.1h)
  Rank range: [115, 116]
  Gap range:  [1.18e+04, 2.51e+06]
======================================================================
