======================================================================
  1000x1000 ATLAS SCAN
  Potential: 1/r   Epsilon: 5e-03
  Grid: 1000x1000   Rows: 900-999
  Workers: 15   Samples/point: 400
  Output: atlas_1000/1_r/block_0900_1000/
======================================================================

  Building symbolic algebra...
  Building symbolic generators for Newtonian (1/r)...
    Level 2: 12 generators (0 zero)
    Level 3: 138 generators (0 zero)
    Total: 156 generators, 156 non-zero
    Compiling evaluator...
    Lambdifying 156 expressions individually...
      20/156  [0.8s]
      40/156  [129.9s]
      60/156  [278.1s]
      80/156  [518.8s]
      100/156  [699.4s]
      120/156  [806.4s]
      140/156  [898.9s]
      156/156  [927.4s]
    Total lambdify time: 928.0s
  Algebra ready (1405.9s)
  Algebra ready (1405.9s, 156 generators)

  Row    1/100  (global  900)  mu=4.5095  [   1000/100000]  row=215.0s  ETA=355m  ranks=[115,116]  gap=[1.4e+04,1.2e+06]
  Row    2/100  (global  901)  mu=4.5144  [   2000/100000]  row=211.6s  ETA=348m  ranks=[115,116]  gap=[1.2e+04,1.3e+06]
  Row    3/100  (global  902)  mu=4.5194  [   3000/100000]  row=212.9s  ETA=345m  ranks=[115,116]  gap=[1.1e+04,1.1e+06]
  Row    4/100  (global  903)  mu=4.5243  [   4000/100000]  row=211.8s  ETA=341m  ranks=[115,116]  gap=[1.2e+04,1.0e+06]
  Row    5/100  (global  904)  mu=4.5293  [   5000/100000]  row=212.9s  ETA=337m  ranks=[115,116]  gap=[1.5e+04,1.1e+06]
  Row    6/100  (global  905)  mu=4.5342  [   6000/100000]  row=212.3s  ETA=333m  ranks=[115,116]  gap=[1.4e+04,1.3e+06]
  Row    7/100  (global  906)  mu=4.5392  [   7000/100000]  row=211.9s  ETA=330m  ranks=[115,116]  gap=[1.2e+04,1.1e+06]
  Row    8/100  (global  907)  mu=4.5441  [   8000/100000]  row=209.2s  ETA=325m  ranks=[115,116]  gap=[1.1e+04,1.2e+06]
  Row    9/100  (global  908)  mu=4.5491  [   9000/100000]  row=213.3s  ETA=322m  ranks=[115,116]  gap=[1.2e+04,1.2e+06]
  Row   10/100  (global  909)  mu=4.5541  [  10000/100000]  row=212.7s  ETA=319m  ranks=[115,116]  gap=[1.3e+04,1.1e+06]
  Row   11/100  (global  910)  mu=4.5590  [  11000/100000]  row=212.4s  ETA=315m  ranks=[115,116]  gap=[1.2e+04,1.2e+06]
  Row   12/100  (global  911)  mu=4.5640  [  12000/100000]  row=211.3s  ETA=311m  ranks=[115,116]  gap=[1.2e+04,1.2e+06]
  Row   13/100  (global  912)  mu=4.5689  [  13000/100000]  row=211.1s  ETA=308m  ranks=[115,116]  gap=[1.2e+04,1.1e+06]
  Row   14/100  (global  913)  mu=4.5739  [  14000/100000]  row=210.4s  ETA=304m  ranks=[115,116]  gap=[1.1e+04,1.1e+06]
  Row   15/100  (global  914)  mu=4.5788  [  15000/100000]  row=210.6s  ETA=300m  ranks=[115,116]  gap=[1.2e+04,1.1e+06]
  Row   16/100  (global  915)  mu=4.5838  [  16000/100000]  row=210.2s  ETA=297m  ranks=[115,116]  gap=[1.2e+04,1.1e+06]
  Row   17/100  (global  916)  mu=4.5887  [  17000/100000]  row=211.0s  ETA=293m  ranks=[115,116]  gap=[1.1e+04,1.0e+06]
  Row   18/100  (global  917)  mu=4.5937  [  18000/100000]  row=211.2s  ETA=289m  ranks=[115,116]  gap=[1.3e+04,1.2e+06]
  Row   19/100  (global  918)  mu=4.5986  [  19000/100000]  row=210.3s  ETA=286m  ranks=[115,116]  gap=[1.3e+04,1.1e+06]
  Row   20/100  (global  919)  mu=4.6036  [  20000/100000]  row=212.3s  ETA=282m  ranks=[115,116]  gap=[1.2e+04,1.1e+06]
  Row   21/100  (global  920)  mu=4.6086  [  21000/100000]  row=211.0s  ETA=279m  ranks=[115,116]  gap=[1.1e+04,1.0e+06]
  Row   22/100  (global  921)  mu=4.6135  [  22000/100000]  row=213.1s  ETA=275m  ranks=[115,116]  gap=[1.2e+04,9.8e+05]
  Row   23/100  (global  922)  mu=4.6185  [  23000/100000]  row=210.4s  ETA=272m  ranks=[115,116]  gap=[1.0e+04,1.1e+06]
  Row   24/100  (global  923)  mu=4.6234  [  24000/100000]  row=212.4s  ETA=268m  ranks=[115,116]  gap=[9.1e+03,1.0e+06]
  Row   25/100  (global  924)  mu=4.6284  [  25000/100000]  row=210.9s  ETA=265m  ranks=[115,116]  gap=[1.0e+04,9.6e+05]
  Row   26/100  (global  925)  mu=4.6333  [  26000/100000]  row=213.2s  ETA=261m  ranks=[115,116]  gap=[1.1e+04,9.7e+05]
  Row   27/100  (global  926)  mu=4.6383  [  27000/100000]  row=211.2s  ETA=258m  ranks=[115,116]  gap=[9.1e+03,1.0e+06]
  Row   28/100  (global  927)  mu=4.6432  [  28000/100000]  row=209.0s  ETA=254m  ranks=[115,116]  gap=[1.1e+04,9.8e+05]
  Row   29/100  (global  928)  mu=4.6482  [  29000/100000]  row=210.5s  ETA=250m  ranks=[115,116]  gap=[9.4e+03,1.1e+06]
  Row   30/100  (global  929)  mu=4.6532  [  30000/100000]  row=212.4s  ETA=247m  ranks=[115,116]  gap=[9.8e+03,9.3e+05]
  Row   31/100  (global  930)  mu=4.6581  [  31000/100000]  row=211.5s  ETA=243m  ranks=[115,116]  gap=[8.6e+03,1.1e+06]
  Row   32/100  (global  931)  mu=4.6631  [  32000/100000]  row=212.6s  ETA=240m  ranks=[115,116]  gap=[8.5e+03,9.5e+05]
  Row   33/100  (global  932)  mu=4.6680  [  33000/100000]  row=211.3s  ETA=236m  ranks=[115,116]  gap=[9.9e+03,8.5e+05]
  Row   34/100  (global  933)  mu=4.6730  [  34000/100000]  row=212.7s  ETA=233m  ranks=[115,116]  gap=[1.0e+04,9.0e+05]
  Row   35/100  (global  934)  mu=4.6779  [  35000/100000]  row=209.9s  ETA=229m  ranks=[115,116]  gap=[9.6e+03,9.5e+05]
  Row   36/100  (global  935)  mu=4.6829  [  36000/100000]  row=213.4s  ETA=226m  ranks=[115,116]  gap=[6.8e+03,9.4e+05]
  Row   37/100  (global  936)  mu=4.6878  [  37000/100000]  row=213.3s  ETA=222m  ranks=[115,116]  gap=[9.8e+03,9.6e+05]
  Row   38/100  (global  937)  mu=4.6928  [  38000/100000]  row=212.1s  ETA=219m  ranks=[115,116]  gap=[9.5e+03,8.1e+05]
  Row   39/100  (global  938)  mu=4.6977  [  39000/100000]  row=213.8s  ETA=215m  ranks=[115,116]  gap=[9.1e+03,8.3e+05]
  Row   40/100  (global  939)  mu=4.7027  [  40000/100000]  row=214.4s  ETA=212m  ranks=[115,116]  gap=[9.2e+03,9.8e+05]
  Row   41/100  (global  940)  mu=4.7077  [  41000/100000]  row=209.3s  ETA=208m  ranks=[115,116]  gap=[1.0e+04,9.3e+05]
  Row   42/100  (global  941)  mu=4.7126  [  42000/100000]  row=211.4s  ETA=205m  ranks=[115,116]  gap=[1.1e+04,9.0e+05]
  Row   43/100  (global  942)  mu=4.7176  [  43000/100000]  row=213.0s  ETA=201m  ranks=[115,116]  gap=[9.1e+03,9.9e+05]
  Row   44/100  (global  943)  mu=4.7225  [  44000/100000]  row=211.2s  ETA=198m  ranks=[115,116]  gap=[9.4e+03,8.5e+05]
  Row   45/100  (global  944)  mu=4.7275  [  45000/100000]  row=210.0s  ETA=194m  ranks=[115,116]  gap=[8.0e+03,9.3e+05]
  Row   46/100  (global  945)  mu=4.7324  [  46000/100000]  row=210.6s  ETA=191m  ranks=[115,116]  gap=[8.8e+03,8.2e+05]
  Row   47/100  (global  946)  mu=4.7374  [  47000/100000]  row=211.7s  ETA=187m  ranks=[115,116]  gap=[9.2e+03,9.6e+05]
  Row   48/100  (global  947)  mu=4.7423  [  48000/100000]  row=211.9s  ETA=183m  ranks=[115,116]  gap=[9.7e+03,8.7e+05]
  Row   49/100  (global  948)  mu=4.7473  [  49000/100000]  row=211.8s  ETA=180m  ranks=[115,116]  gap=[1.1e+04,9.6e+05]
  Row   50/100  (global  949)  mu=4.7523  [  50000/100000]  row=213.3s  ETA=176m  ranks=[115,116]  gap=[8.1e+03,8.9e+05]
  Row   51/100  (global  950)  mu=4.7572  [  51000/100000]  row=210.9s  ETA=173m  ranks=[115,116]  gap=[8.3e+03,8.4e+05]
  Row   52/100  (global  951)  mu=4.7622  [  52000/100000]  row=210.5s  ETA=169m  ranks=[115,116]  gap=[9.1e+03,7.6e+05]
  Row   53/100  (global  952)  mu=4.7671  [  53000/100000]  row=210.7s  ETA=166m  ranks=[115,116]  gap=[8.8e+03,8.1e+05]
  Row   54/100  (global  953)  mu=4.7721  [  54000/100000]  row=210.4s  ETA=162m  ranks=[115,116]  gap=[8.4e+03,7.8e+05]
  Row   55/100  (global  954)  mu=4.7770  [  55000/100000]  row=210.9s  ETA=159m  ranks=[115,116]  gap=[9.1e+03,9.3e+05]
  Row   56/100  (global  955)  mu=4.7820  [  56000/100000]  row=213.8s  ETA=155m  ranks=[115,116]  gap=[8.2e+03,7.4e+05]
  Row   57/100  (global  956)  mu=4.7869  [  57000/100000]  row=213.1s  ETA=152m  ranks=[115,116]  gap=[8.1e+03,8.4e+05]
  Row   58/100  (global  957)  mu=4.7919  [  58000/100000]  row=210.4s  ETA=148m  ranks=[115,116]  gap=[7.9e+03,8.1e+05]
  Row   59/100  (global  958)  mu=4.7968  [  59000/100000]  row=210.6s  ETA=145m  ranks=[115,116]  gap=[8.4e+03,8.3e+05]
  Row   60/100  (global  959)  mu=4.8018  [  60000/100000]  row=213.8s  ETA=141m  ranks=[115,116]  gap=[9.0e+03,9.1e+05]
  Row   61/100  (global  960)  mu=4.8068  [  61000/100000]  row=211.2s  ETA=138m  ranks=[115,116]  gap=[6.6e+03,8.1e+05]
  Row   62/100  (global  961)  mu=4.8117  [  62000/100000]  row=210.9s  ETA=134m  ranks=[115,116]  gap=[8.3e+03,8.9e+05]
  Row   63/100  (global  962)  mu=4.8167  [  63000/100000]  row=211.8s  ETA=131m  ranks=[115,116]  gap=[7.8e+03,7.6e+05]
  Row   64/100  (global  963)  mu=4.8216  [  64000/100000]  row=212.4s  ETA=127m  ranks=[115,116]  gap=[8.5e+03,7.5e+05]
  Row   65/100  (global  964)  mu=4.8266  [  65000/100000]  row=210.7s  ETA=123m  ranks=[115,116]  gap=[6.8e+03,8.0e+05]
  Row   66/100  (global  965)  mu=4.8315  [  66000/100000]  row=210.6s  ETA=120m  ranks=[115,116]  gap=[8.6e+03,7.9e+05]
  Row   67/100  (global  966)  mu=4.8365  [  67000/100000]  row=211.2s  ETA=116m  ranks=[115,116]  gap=[8.8e+03,7.8e+05]
  Row   68/100  (global  967)  mu=4.8414  [  68000/100000]  row=211.1s  ETA=113m  ranks=[115,116]  gap=[7.8e+03,7.1e+05]
  Row   69/100  (global  968)  mu=4.8464  [  69000/100000]  row=211.6s  ETA=109m  ranks=[115,116]  gap=[7.7e+03,7.4e+05]
  Row   70/100  (global  969)  mu=4.8514  [  70000/100000]  row=211.9s  ETA=106m  ranks=[115,116]  gap=[8.0e+03,7.4e+05]
  Row   71/100  (global  970)  mu=4.8563  [  71000/100000]  row=210.9s  ETA=102m  ranks=[115,116]  gap=[7.2e+03,7.7e+05]
  Row   72/100  (global  971)  mu=4.8613  [  72000/100000]  row=211.4s  ETA=99m  ranks=[115,116]  gap=[6.4e+03,8.2e+05]
  Row   73/100  (global  972)  mu=4.8662  [  73000/100000]  row=210.4s  ETA=95m  ranks=[114,116]  gap=[7.6e+03,7.0e+05]
  Row   74/100  (global  973)  mu=4.8712  [  74000/100000]  row=211.7s  ETA=92m  ranks=[115,116]  gap=[8.3e+03,7.3e+05]
  Row   75/100  (global  974)  mu=4.8761  [  75000/100000]  row=212.2s  ETA=88m  ranks=[115,116]  gap=[7.2e+03,7.5e+05]
  Row   76/100  (global  975)  mu=4.8811  [  76000/100000]  row=211.6s  ETA=85m  ranks=[115,116]  gap=[7.5e+03,6.7e+05]
  Row   77/100  (global  976)  mu=4.8860  [  77000/100000]  row=210.6s  ETA=81m  ranks=[115,116]  gap=[8.4e+03,6.7e+05]
  Row   78/100  (global  977)  mu=4.8910  [  78000/100000]  row=211.2s  ETA=78m  ranks=[115,116]  gap=[7.7e+03,7.5e+05]
  Row   79/100  (global  978)  mu=4.8959  [  79000/100000]  row=211.0s  ETA=74m  ranks=[115,116]  gap=[6.9e+03,7.3e+05]
  Row   80/100  (global  979)  mu=4.9009  [  80000/100000]  row=212.8s  ETA=71m  ranks=[115,116]  gap=[8.0e+03,7.4e+05]
  Row   81/100  (global  980)  mu=4.9059  [  81000/100000]  row=211.7s  ETA=67m  ranks=[115,116]  gap=[6.8e+03,8.1e+05]
  Row   82/100  (global  981)  mu=4.9108  [  82000/100000]  row=210.5s  ETA=63m  ranks=[115,116]  gap=[6.4e+03,6.9e+05]
  Row   83/100  (global  982)  mu=4.9158  [  83000/100000]  row=212.8s  ETA=60m  ranks=[115,116]  gap=[8.1e+03,6.4e+05]
  Row   84/100  (global  983)  mu=4.9207  [  84000/100000]  row=210.1s  ETA=56m  ranks=[115,116]  gap=[8.2e+03,6.1e+05]
  Row   85/100  (global  984)  mu=4.9257  [  85000/100000]  row=212.3s  ETA=53m  ranks=[115,116]  gap=[7.4e+03,8.0e+05]
  Row   86/100  (global  985)  mu=4.9306  [  86000/100000]  row=210.4s  ETA=49m  ranks=[115,116]  gap=[6.9e+03,6.3e+05]
  Row   87/100  (global  986)  mu=4.9356  [  87000/100000]  row=211.2s  ETA=46m  ranks=[115,116]  gap=[6.1e+03,6.2e+05]
  Row   88/100  (global  987)  mu=4.9405  [  88000/100000]  row=211.6s  ETA=42m  ranks=[115,116]  gap=[6.3e+03,7.5e+05]
  Row   89/100  (global  988)  mu=4.9455  [  89000/100000]  row=213.6s  ETA=39m  ranks=[115,116]  gap=[6.8e+03,6.3e+05]
  Row   90/100  (global  989)  mu=4.9505  [  90000/100000]  row=211.5s  ETA=35m  ranks=[115,116]  gap=[7.2e+03,6.1e+05]
  Row   91/100  (global  990)  mu=4.9554  [  91000/100000]  row=210.8s  ETA=32m  ranks=[115,116]  gap=[6.6e+03,7.0e+05]
  Row   92/100  (global  991)  mu=4.9604  [  92000/100000]  row=211.3s  ETA=28m  ranks=[115,116]  gap=[5.2e+03,7.3e+05]
  Row   93/100  (global  992)  mu=4.9653  [  93000/100000]  row=211.3s  ETA=25m  ranks=[115,116]  gap=[6.6e+03,6.9e+05]
  Row   94/100  (global  993)  mu=4.9703  [  94000/100000]  row=210.3s  ETA=21m  ranks=[114,116]  gap=[6.2e+03,6.5e+05]
  Row   95/100  (global  994)  mu=4.9752  [  95000/100000]  row=210.5s  ETA=18m  ranks=[115,116]  gap=[6.5e+03,7.5e+05]
  Row   96/100  (global  995)  mu=4.9802  [  96000/100000]  row=211.9s  ETA=14m  ranks=[115,116]  gap=[6.1e+03,6.2e+05]
  Row   97/100  (global  996)  mu=4.9851  [  97000/100000]  row=210.4s  ETA=11m  ranks=[115,116]  gap=[6.9e+03,6.4e+05]
  Row   98/100  (global  997)  mu=4.9901  [  98000/100000]  row=210.7s  ETA=7m  ranks=[115,116]  gap=[6.5e+03,6.0e+05]
  Row   99/100  (global  998)  mu=4.9950  [  99000/100000]  row=210.9s  ETA=4m  ranks=[115,116]  gap=[6.6e+03,6.6e+05]
  Row  100/100  (global  999)  mu=5.0000  [ 100000/100000]  row=213.3s  ETA=0m  ranks=[115,116]  gap=[6.2e+03,7.4e+05]

======================================================================
  BLOCK COMPLETE: rows 900-999
  Time: 21158s (5.9h)
  Rank range: [114, 116]
  Gap range:  [5.20e+03, 1.28e+06]
======================================================================
