======================================================================
  1000x1000 ATLAS SCAN
  Potential: 1/r   Epsilon: 5e-03
  Grid: 1000x1000   Rows: 200-299
  Workers: 15   Samples/point: 400
  Output: atlas_1000/1_r/block_0200_0300/
======================================================================

  Building symbolic algebra...
  Building symbolic generators for Newtonian (1/r)...
    Level 2: 12 generators (0 zero)
    Level 3: 138 generators (0 zero)
    Total: 156 generators, 156 non-zero
    Compiling evaluator...
    Lambdifying 156 expressions individually...
      20/156  [0.8s]
      40/156  [130.7s]
      60/156  [279.1s]
      80/156  [521.9s]
      100/156  [702.7s]
      120/156  [810.5s]
      140/156  [904.6s]
      156/156  [933.2s]
    Total lambdify time: 933.8s
  Algebra ready (1413.8s)
  Algebra ready (1413.8s, 156 generators)

  Row    1/100  (global  200)  mu=1.0410  [   1000/100000]  row=6744.0s  ETA=11128m  ranks=[116,126]  gap=[6.3e+00,8.5e+07]
  Row    2/100  (global  201)  mu=1.0459  [   2000/100000]  row=850.4s  ETA=6202m  ranks=[116,126]  gap=[7.1e+00,1.0e+08]
  Row    3/100  (global  202)  mu=1.0509  [   3000/100000]  row=225.2s  ETA=4214m  ranks=[116,126]  gap=[6.9e+00,8.9e+07]
  Row    4/100  (global  203)  mu=1.0559  [   4000/100000]  row=211.6s  ETA=3212m  ranks=[116,126]  gap=[6.6e+00,9.2e+07]
  Row    5/100  (global  204)  mu=1.0608  [   5000/100000]  row=211.2s  ETA=2610m  ranks=[116,126]  gap=[6.6e+00,9.0e+07]
  Row    6/100  (global  205)  mu=1.0658  [   6000/100000]  row=208.9s  ETA=2207m  ranks=[116,126]  gap=[6.4e+00,8.7e+07]
  Row    7/100  (global  206)  mu=1.0707  [   7000/100000]  row=210.1s  ETA=1918m  ranks=[116,126]  gap=[6.3e+00,9.2e+07]
  Row    8/100  (global  207)  mu=1.0757  [   8000/100000]  row=209.8s  ETA=1700m  ranks=[116,125]  gap=[6.3e+00,9.9e+07]
  Row    9/100  (global  208)  mu=1.0806  [   9000/100000]  row=209.4s  ETA=1530m  ranks=[116,125]  gap=[8.0e+00,8.2e+07]
  Row   10/100  (global  209)  mu=1.0856  [  10000/100000]  row=211.1s  ETA=1394m  ranks=[116,125]  gap=[7.2e+00,9.4e+07]
  Row   11/100  (global  210)  mu=1.0905  [  11000/100000]  row=209.4s  ETA=1281m  ranks=[116,124]  gap=[7.6e+00,8.0e+07]
  Row   12/100  (global  211)  mu=1.0955  [  12000/100000]  row=210.2s  ETA=1187m  ranks=[116,123]  gap=[7.3e+00,8.6e+07]
  Row   13/100  (global  212)  mu=1.1005  [  13000/100000]  row=211.9s  ETA=1107m  ranks=[116,123]  gap=[9.4e+00,1.0e+08]
  Row   14/100  (global  213)  mu=1.1054  [  14000/100000]  row=209.5s  ETA=1037m  ranks=[116,122]  gap=[1.3e+01,8.3e+07]
  Row   15/100  (global  214)  mu=1.1104  [  15000/100000]  row=209.4s  ETA=977m  ranks=[116,122]  gap=[1.7e+01,9.1e+07]
  Row   16/100  (global  215)  mu=1.1153  [  16000/100000]  row=209.3s  ETA=923m  ranks=[116,122]  gap=[1.3e+01,8.0e+07]
  Row   17/100  (global  216)  mu=1.1203  [  17000/100000]  row=209.7s  ETA=876m  ranks=[116,122]  gap=[1.4e+01,9.1e+07]
  Row   18/100  (global  217)  mu=1.1252  [  18000/100000]  row=209.3s  ETA=833m  ranks=[116,122]  gap=[1.5e+01,8.5e+07]
  Row   19/100  (global  218)  mu=1.1302  [  19000/100000]  row=210.0s  ETA=794m  ranks=[116,122]  gap=[1.6e+01,8.7e+07]
  Row   20/100  (global  219)  mu=1.1351  [  20000/100000]  row=211.5s  ETA=759m  ranks=[116,122]  gap=[1.5e+01,8.3e+07]
  Row   21/100  (global  220)  mu=1.1401  [  21000/100000]  row=209.3s  ETA=727m  ranks=[116,122]  gap=[1.3e+01,7.6e+07]
  Row   22/100  (global  221)  mu=1.1450  [  22000/100000]  row=209.2s  ETA=698m  ranks=[116,122]  gap=[1.5e+01,8.0e+07]
  Row   23/100  (global  222)  mu=1.1500  [  23000/100000]  row=209.4s  ETA=671m  ranks=[116,122]  gap=[1.3e+01,7.7e+07]
  Row   24/100  (global  223)  mu=1.1550  [  24000/100000]  row=209.5s  ETA=645m  ranks=[116,122]  gap=[1.2e+01,8.7e+07]
  Row   25/100  (global  224)  mu=1.1599  [  25000/100000]  row=209.5s  ETA=622m  ranks=[116,121]  gap=[1.3e+01,8.0e+07]
  Row   26/100  (global  225)  mu=1.1649  [  26000/100000]  row=209.3s  ETA=600m  ranks=[116,120]  gap=[1.5e+01,7.5e+07]
  Row   27/100  (global  226)  mu=1.1698  [  27000/100000]  row=209.5s  ETA=579m  ranks=[116,119]  gap=[1.4e+01,7.3e+07]
  Row   28/100  (global  227)  mu=1.1748  [  28000/100000]  row=209.4s  ETA=560m  ranks=[116,118]  gap=[1.5e+01,7.0e+07]
  Row   29/100  (global  228)  mu=1.1797  [  29000/100000]  row=209.4s  ETA=542m  ranks=[116,117]  gap=[1.8e+01,6.6e+07]
  Row   30/100  (global  229)  mu=1.1847  [  30000/100000]  row=210.9s  ETA=525m  ranks=[116,117]  gap=[1.8e+01,7.0e+07]
  Row   31/100  (global  230)  mu=1.1896  [  31000/100000]  row=209.3s  ETA=508m  ranks=[116,117]  gap=[1.6e+01,7.2e+07]
  Row   32/100  (global  231)  mu=1.1946  [  32000/100000]  row=209.6s  ETA=493m  ranks=[116,117]  gap=[2.2e+01,6.8e+07]
  Row   33/100  (global  232)  mu=1.1995  [  33000/100000]  row=209.4s  ETA=478m  ranks=[116,117]  gap=[2.2e+01,6.6e+07]
  Row   34/100  (global  233)  mu=1.2045  [  34000/100000]  row=209.2s  ETA=463m  ranks=[116,117]  gap=[3.4e+01,6.6e+07]
  Row   35/100  (global  234)  mu=1.2095  [  35000/100000]  row=209.4s  ETA=450m  ranks=[116,117]  gap=[4.3e+01,6.6e+07]
  Row   36/100  (global  235)  mu=1.2144  [  36000/100000]  row=209.5s  ETA=437m  ranks=[116,117]  gap=[3.9e+01,6.4e+07]
  Row   37/100  (global  236)  mu=1.2194  [  37000/100000]  row=209.4s  ETA=424m  ranks=[116,117]  gap=[5.2e+01,6.3e+07]
  Row   38/100  (global  237)  mu=1.2243  [  38000/100000]  row=208.9s  ETA=412m  ranks=[116,117]  gap=[5.7e+01,7.6e+07]
  Row   39/100  (global  238)  mu=1.2293  [  39000/100000]  row=209.2s  ETA=401m  ranks=[116,117]  gap=[7.8e+01,6.3e+07]
  Row   40/100  (global  239)  mu=1.2342  [  40000/100000]  row=210.6s  ETA=390m  ranks=[116,117]  gap=[9.0e+01,6.8e+07]
  Row   41/100  (global  240)  mu=1.2392  [  41000/100000]  row=209.2s  ETA=379m  ranks=[116,117]  gap=[8.9e+01,6.4e+07]
  Row   42/100  (global  241)  mu=1.2441  [  42000/100000]  row=210.0s  ETA=368m  ranks=[116,117]  gap=[1.1e+02,5.8e+07]
  Row   43/100  (global  242)  mu=1.2491  [  43000/100000]  row=209.2s  ETA=358m  ranks=[116,117]  gap=[1.5e+02,6.3e+07]
  Row   44/100  (global  243)  mu=1.2541  [  44000/100000]  row=209.3s  ETA=348m  ranks=[116,117]  gap=[1.6e+02,6.9e+07]
  Row   45/100  (global  244)  mu=1.2590  [  45000/100000]  row=209.7s  ETA=339m  ranks=[116,117]  gap=[1.9e+02,6.1e+07]
  Row   46/100  (global  245)  mu=1.2640  [  46000/100000]  row=210.5s  ETA=329m  ranks=[116,117]  gap=[2.3e+02,5.9e+07]
  Row   47/100  (global  246)  mu=1.2689  [  47000/100000]  row=209.2s  ETA=320m  ranks=[116,117]  gap=[2.5e+02,5.9e+07]
  Row   48/100  (global  247)  mu=1.2739  [  48000/100000]  row=209.1s  ETA=312m  ranks=[116,117]  gap=[2.8e+02,5.5e+07]
  Row   49/100  (global  248)  mu=1.2788  [  49000/100000]  row=210.8s  ETA=303m  ranks=[116,117]  gap=[3.1e+02,6.0e+07]
  Row   50/100  (global  249)  mu=1.2838  [  50000/100000]  row=212.5s  ETA=295m  ranks=[116,117]  gap=[2.7e+02,5.5e+07]
  Row   51/100  (global  250)  mu=1.2887  [  51000/100000]  row=209.4s  ETA=286m  ranks=[116,117]  gap=[4.4e+02,5.8e+07]
  Row   52/100  (global  251)  mu=1.2937  [  52000/100000]  row=209.5s  ETA=278m  ranks=[116,117]  gap=[4.3e+02,5.7e+07]
  Row   53/100  (global  252)  mu=1.2986  [  53000/100000]  row=209.3s  ETA=271m  ranks=[116,117]  gap=[4.1e+02,5.8e+07]
  Row   54/100  (global  253)  mu=1.3036  [  54000/100000]  row=210.9s  ETA=263m  ranks=[116,117]  gap=[5.8e+02,5.5e+07]
  Row   55/100  (global  254)  mu=1.3086  [  55000/100000]  row=210.6s  ETA=255m  ranks=[116,117]  gap=[6.0e+02,5.9e+07]
  Row   56/100  (global  255)  mu=1.3135  [  56000/100000]  row=210.2s  ETA=248m  ranks=[116,116]  gap=[7.2e+02,5.8e+07]
  Row   57/100  (global  256)  mu=1.3185  [  57000/100000]  row=209.5s  ETA=241m  ranks=[116,116]  gap=[7.7e+02,5.1e+07]
  Row   58/100  (global  257)  mu=1.3234  [  58000/100000]  row=210.1s  ETA=234m  ranks=[116,116]  gap=[1.0e+03,5.6e+07]
  Row   59/100  (global  258)  mu=1.3284  [  59000/100000]  row=209.3s  ETA=227m  ranks=[116,116]  gap=[1.1e+03,5.8e+07]
  Row   60/100  (global  259)  mu=1.3333  [  60000/100000]  row=210.3s  ETA=220m  ranks=[116,116]  gap=[1.1e+03,5.4e+07]
  Row   61/100  (global  260)  mu=1.3383  [  61000/100000]  row=209.5s  ETA=213m  ranks=[116,116]  gap=[1.1e+03,5.3e+07]
  Row   62/100  (global  261)  mu=1.3432  [  62000/100000]  row=210.1s  ETA=206m  ranks=[116,116]  gap=[1.4e+03,4.9e+07]
  Row   63/100  (global  262)  mu=1.3482  [  63000/100000]  row=209.0s  ETA=200m  ranks=[116,116]  gap=[1.3e+03,5.5e+07]
  Row   64/100  (global  263)  mu=1.3532  [  64000/100000]  row=209.0s  ETA=193m  ranks=[116,116]  gap=[1.3e+03,5.8e+07]
  Row   65/100  (global  264)  mu=1.3581  [  65000/100000]  row=209.3s  ETA=187m  ranks=[116,116]  gap=[1.5e+03,5.9e+07]
  Row   66/100  (global  265)  mu=1.3631  [  66000/100000]  row=209.5s  ETA=181m  ranks=[116,116]  gap=[1.8e+03,5.6e+07]
  Row   67/100  (global  266)  mu=1.3680  [  67000/100000]  row=210.0s  ETA=174m  ranks=[116,116]  gap=[1.7e+03,5.9e+07]
  Row   68/100  (global  267)  mu=1.3730  [  68000/100000]  row=209.1s  ETA=168m  ranks=[116,116]  gap=[2.9e+03,6.2e+07]
  Row   69/100  (global  268)  mu=1.3779  [  69000/100000]  row=209.6s  ETA=162m  ranks=[116,116]  gap=[2.1e+03,6.1e+07]
  Row   70/100  (global  269)  mu=1.3829  [  70000/100000]  row=211.0s  ETA=156m  ranks=[116,116]  gap=[2.6e+03,5.3e+07]
  Row   71/100  (global  270)  mu=1.3878  [  71000/100000]  row=209.6s  ETA=150m  ranks=[116,116]  gap=[2.5e+03,5.5e+07]
  Row   72/100  (global  271)  mu=1.3928  [  72000/100000]  row=209.4s  ETA=145m  ranks=[116,116]  gap=[3.3e+03,5.2e+07]
  Row   73/100  (global  272)  mu=1.3977  [  73000/100000]  row=209.2s  ETA=139m  ranks=[116,116]  gap=[2.6e+03,5.9e+07]
  Row   74/100  (global  273)  mu=1.4027  [  74000/100000]  row=209.7s  ETA=133m  ranks=[116,116]  gap=[3.5e+03,5.7e+07]
  Row   75/100  (global  274)  mu=1.4077  [  75000/100000]  row=209.4s  ETA=127m  ranks=[116,116]  gap=[3.4e+03,5.1e+07]
  Row   76/100  (global  275)  mu=1.4126  [  76000/100000]  row=209.5s  ETA=122m  ranks=[116,116]  gap=[4.2e+03,5.6e+07]
  Row   77/100  (global  276)  mu=1.4176  [  77000/100000]  row=209.4s  ETA=116m  ranks=[116,116]  gap=[3.9e+03,5.0e+07]
  Row   78/100  (global  277)  mu=1.4225  [  78000/100000]  row=210.0s  ETA=111m  ranks=[116,116]  gap=[4.4e+03,5.1e+07]
  Row   79/100  (global  278)  mu=1.4275  [  79000/100000]  row=209.2s  ETA=105m  ranks=[116,116]  gap=[5.0e+03,5.1e+07]
  Row   80/100  (global  279)  mu=1.4324  [  80000/100000]  row=211.3s  ETA=100m  ranks=[116,116]  gap=[4.7e+03,5.5e+07]
  Row   81/100  (global  280)  mu=1.4374  [  81000/100000]  row=209.0s  ETA=95m  ranks=[116,116]  gap=[4.3e+03,5.4e+07]
  Row   82/100  (global  281)  mu=1.4423  [  82000/100000]  row=210.9s  ETA=89m  ranks=[116,116]  gap=[4.3e+03,5.2e+07]
  Row   83/100  (global  282)  mu=1.4473  [  83000/100000]  row=209.4s  ETA=84m  ranks=[116,116]  gap=[5.0e+03,6.2e+07]
  Row   84/100  (global  283)  mu=1.4523  [  84000/100000]  row=209.4s  ETA=79m  ranks=[116,116]  gap=[5.3e+03,5.7e+07]
  Row   85/100  (global  284)  mu=1.4572  [  85000/100000]  row=209.6s  ETA=74m  ranks=[116,116]  gap=[6.2e+03,5.5e+07]
  Row   86/100  (global  285)  mu=1.4622  [  86000/100000]  row=207.1s  ETA=68m  ranks=[116,116]  gap=[7.6e+03,6.0e+07]
  Row   87/100  (global  286)  mu=1.4671  [  87000/100000]  row=209.3s  ETA=63m  ranks=[116,116]  gap=[6.4e+03,4.8e+07]
  Row   88/100  (global  287)  mu=1.4721  [  88000/100000]  row=209.5s  ETA=58m  ranks=[116,116]  gap=[7.0e+03,5.4e+07]
  Row   89/100  (global  288)  mu=1.4770  [  89000/100000]  row=209.2s  ETA=53m  ranks=[116,116]  gap=[7.4e+03,4.9e+07]
  Row   90/100  (global  289)  mu=1.4820  [  90000/100000]  row=210.8s  ETA=48m  ranks=[116,116]  gap=[8.4e+03,5.7e+07]
  Row   91/100  (global  290)  mu=1.4869  [  91000/100000]  row=209.1s  ETA=43m  ranks=[116,116]  gap=[7.6e+03,5.0e+07]
  Row   92/100  (global  291)  mu=1.4919  [  92000/100000]  row=209.2s  ETA=38m  ranks=[116,116]  gap=[8.4e+03,5.5e+07]
  Row   93/100  (global  292)  mu=1.4968  [  93000/100000]  row=209.6s  ETA=33m  ranks=[116,116]  gap=[8.7e+03,5.3e+07]
  Row   94/100  (global  293)  mu=1.5018  [  94000/100000]  row=210.3s  ETA=29m  ranks=[116,116]  gap=[9.5e+03,4.7e+07]
  Row   95/100  (global  294)  mu=1.5068  [  95000/100000]  row=209.5s  ETA=24m  ranks=[116,116]  gap=[1.1e+04,4.5e+07]
  Row   96/100  (global  295)  mu=1.5117  [  96000/100000]  row=209.6s  ETA=19m  ranks=[116,116]  gap=[1.0e+04,4.7e+07]
  Row   97/100  (global  296)  mu=1.5167  [  97000/100000]  row=210.0s  ETA=14m  ranks=[116,116]  gap=[9.6e+03,4.6e+07]
  Row   98/100  (global  297)  mu=1.5216  [  98000/100000]  row=211.8s  ETA=9m  ranks=[116,116]  gap=[1.2e+04,5.1e+07]
  Row   99/100  (global  298)  mu=1.5266  [  99000/100000]  row=211.1s  ETA=5m  ranks=[116,116]  gap=[1.2e+04,4.9e+07]
  Row  100/100  (global  299)  mu=1.5315  [ 100000/100000]  row=211.1s  ETA=0m  ranks=[116,116]  gap=[1.4e+04,5.7e+07]

======================================================================
  BLOCK COMPLETE: rows 200-299
  Time: 28169s (7.8h)
  Rank range: [116, 126]
  Gap range:  [6.25e+00, 1.01e+08]
======================================================================
