======================================================================
  1000x1000 ATLAS SCAN
  Potential: 1/r   Epsilon: 5e-03
  Grid: 1000x1000   Rows: 700-799
  Workers: 15   Samples/point: 400
  Output: atlas_1000/1_r/block_0700_0800/
======================================================================

  Building symbolic algebra...
  Building symbolic generators for Newtonian (1/r)...
    Level 2: 12 generators (0 zero)
    Level 3: 138 generators (0 zero)
    Total: 156 generators, 156 non-zero
    Compiling evaluator...
    Lambdifying 156 expressions individually...
      20/156  [0.7s]
      40/156  [129.3s]
      60/156  [276.7s]
      80/156  [516.1s]
      100/156  [695.7s]
      120/156  [802.4s]
      140/156  [894.6s]
      156/156  [923.5s]
    Total lambdify time: 924.1s
  Algebra ready (1402.0s)
  Algebra ready (1402.0s, 156 generators)

  Row    1/100  (global  700)  mu=3.5185  [   1000/100000]  row=214.6s  ETA=354m  ranks=[115,116]  gap=[4.9e+04,4.2e+06]
  Row    2/100  (global  701)  mu=3.5234  [   2000/100000]  row=210.9s  ETA=347m  ranks=[116,116]  gap=[5.7e+04,4.1e+06]
  Row    3/100  (global  702)  mu=3.5284  [   3000/100000]  row=212.6s  ETA=344m  ranks=[115,116]  gap=[4.8e+04,4.1e+06]
  Row    4/100  (global  703)  mu=3.5333  [   4000/100000]  row=210.2s  ETA=339m  ranks=[116,116]  gap=[4.8e+04,3.9e+06]
  Row    5/100  (global  704)  mu=3.5383  [   5000/100000]  row=212.1s  ETA=336m  ranks=[115,116]  gap=[5.3e+04,4.5e+06]
  Row    6/100  (global  705)  mu=3.5432  [   6000/100000]  row=211.5s  ETA=332m  ranks=[116,116]  gap=[5.4e+04,4.3e+06]
  Row    7/100  (global  706)  mu=3.5482  [   7000/100000]  row=210.3s  ETA=328m  ranks=[115,116]  gap=[5.2e+04,4.0e+06]
  Row    8/100  (global  707)  mu=3.5532  [   8000/100000]  row=210.6s  ETA=324m  ranks=[116,116]  gap=[4.7e+04,3.9e+06]
  Row    9/100  (global  708)  mu=3.5581  [   9000/100000]  row=212.0s  ETA=321m  ranks=[116,116]  gap=[5.4e+04,4.6e+06]
  Row   10/100  (global  709)  mu=3.5631  [  10000/100000]  row=213.1s  ETA=318m  ranks=[116,116]  gap=[5.3e+04,4.7e+06]
  Row   11/100  (global  710)  mu=3.5680  [  11000/100000]  row=211.3s  ETA=314m  ranks=[116,116]  gap=[5.3e+04,3.9e+06]
  Row   12/100  (global  711)  mu=3.5730  [  12000/100000]  row=210.9s  ETA=310m  ranks=[115,116]  gap=[4.6e+04,3.8e+06]
  Row   13/100  (global  712)  mu=3.5779  [  13000/100000]  row=213.7s  ETA=307m  ranks=[115,116]  gap=[4.0e+04,4.1e+06]
  Row   14/100  (global  713)  mu=3.5829  [  14000/100000]  row=210.3s  ETA=303m  ranks=[116,116]  gap=[5.4e+04,3.7e+06]
  Row   15/100  (global  714)  mu=3.5878  [  15000/100000]  row=211.3s  ETA=300m  ranks=[115,116]  gap=[4.4e+04,3.9e+06]
  Row   16/100  (global  715)  mu=3.5928  [  16000/100000]  row=211.2s  ETA=296m  ranks=[115,116]  gap=[5.0e+04,4.1e+06]
  Row   17/100  (global  716)  mu=3.5977  [  17000/100000]  row=213.1s  ETA=293m  ranks=[115,116]  gap=[4.6e+04,3.9e+06]
  Row   18/100  (global  717)  mu=3.6027  [  18000/100000]  row=210.3s  ETA=289m  ranks=[115,116]  gap=[4.7e+04,4.0e+06]
  Row   19/100  (global  718)  mu=3.6077  [  19000/100000]  row=211.3s  ETA=286m  ranks=[116,116]  gap=[5.4e+04,3.7e+06]
  Row   20/100  (global  719)  mu=3.6126  [  20000/100000]  row=213.6s  ETA=282m  ranks=[115,116]  gap=[4.4e+04,4.0e+06]
  Row   21/100  (global  720)  mu=3.6176  [  21000/100000]  row=212.7s  ETA=279m  ranks=[115,116]  gap=[4.4e+04,3.4e+06]
  Row   22/100  (global  721)  mu=3.6225  [  22000/100000]  row=211.6s  ETA=275m  ranks=[115,116]  gap=[4.3e+04,4.5e+06]
  Row   23/100  (global  722)  mu=3.6275  [  23000/100000]  row=212.9s  ETA=272m  ranks=[115,116]  gap=[3.9e+04,4.0e+06]
  Row   24/100  (global  723)  mu=3.6324  [  24000/100000]  row=211.1s  ETA=268m  ranks=[115,116]  gap=[4.6e+04,3.8e+06]
  Row   25/100  (global  724)  mu=3.6374  [  25000/100000]  row=211.3s  ETA=265m  ranks=[116,116]  gap=[4.6e+04,3.5e+06]
  Row   26/100  (global  725)  mu=3.6423  [  26000/100000]  row=213.3s  ETA=261m  ranks=[115,116]  gap=[4.6e+04,3.8e+06]
  Row   27/100  (global  726)  mu=3.6473  [  27000/100000]  row=212.4s  ETA=258m  ranks=[115,116]  gap=[3.9e+04,3.4e+06]
  Row   28/100  (global  727)  mu=3.6523  [  28000/100000]  row=211.2s  ETA=254m  ranks=[115,116]  gap=[4.2e+04,3.7e+06]
  Row   29/100  (global  728)  mu=3.6572  [  29000/100000]  row=210.5s  ETA=251m  ranks=[115,116]  gap=[4.4e+04,4.2e+06]
  Row   30/100  (global  729)  mu=3.6622  [  30000/100000]  row=211.9s  ETA=247m  ranks=[115,116]  gap=[4.4e+04,3.8e+06]
  Row   31/100  (global  730)  mu=3.6671  [  31000/100000]  row=210.4s  ETA=244m  ranks=[115,116]  gap=[4.7e+04,3.7e+06]
  Row   32/100  (global  731)  mu=3.6721  [  32000/100000]  row=213.3s  ETA=240m  ranks=[115,116]  gap=[4.7e+04,3.4e+06]
  Row   33/100  (global  732)  mu=3.6770  [  33000/100000]  row=213.9s  ETA=237m  ranks=[115,116]  gap=[5.0e+04,3.3e+06]
  Row   34/100  (global  733)  mu=3.6820  [  34000/100000]  row=213.4s  ETA=233m  ranks=[115,116]  gap=[4.9e+04,4.5e+06]
  Row   35/100  (global  734)  mu=3.6869  [  35000/100000]  row=211.2s  ETA=230m  ranks=[115,116]  gap=[4.1e+04,3.4e+06]
  Row   36/100  (global  735)  mu=3.6919  [  36000/100000]  row=210.2s  ETA=226m  ranks=[115,116]  gap=[3.6e+04,3.4e+06]
  Row   37/100  (global  736)  mu=3.6968  [  37000/100000]  row=210.3s  ETA=222m  ranks=[115,116]  gap=[4.3e+04,3.6e+06]
  Row   38/100  (global  737)  mu=3.7018  [  38000/100000]  row=212.4s  ETA=219m  ranks=[115,116]  gap=[4.5e+04,3.8e+06]
  Row   39/100  (global  738)  mu=3.7068  [  39000/100000]  row=212.4s  ETA=215m  ranks=[115,116]  gap=[4.6e+04,3.5e+06]
  Row   40/100  (global  739)  mu=3.7117  [  40000/100000]  row=215.0s  ETA=212m  ranks=[115,116]  gap=[3.9e+04,3.4e+06]
  Row   41/100  (global  740)  mu=3.7167  [  41000/100000]  row=211.4s  ETA=208m  ranks=[115,116]  gap=[3.9e+04,3.2e+06]
  Row   42/100  (global  741)  mu=3.7216  [  42000/100000]  row=212.4s  ETA=205m  ranks=[115,116]  gap=[4.3e+04,3.6e+06]
  Row   43/100  (global  742)  mu=3.7266  [  43000/100000]  row=212.4s  ETA=201m  ranks=[115,116]  gap=[4.7e+04,3.3e+06]
  Row   44/100  (global  743)  mu=3.7315  [  44000/100000]  row=211.8s  ETA=198m  ranks=[115,116]  gap=[4.1e+04,3.0e+06]
  Row   45/100  (global  744)  mu=3.7365  [  45000/100000]  row=212.4s  ETA=194m  ranks=[115,116]  gap=[3.8e+04,3.1e+06]
  Row   46/100  (global  745)  mu=3.7414  [  46000/100000]  row=212.6s  ETA=191m  ranks=[115,116]  gap=[3.5e+04,3.6e+06]
  Row   47/100  (global  746)  mu=3.7464  [  47000/100000]  row=210.9s  ETA=187m  ranks=[115,116]  gap=[4.3e+04,3.0e+06]
  Row   48/100  (global  747)  mu=3.7514  [  48000/100000]  row=212.2s  ETA=184m  ranks=[115,116]  gap=[4.4e+04,2.8e+06]
  Row   49/100  (global  748)  mu=3.7563  [  49000/100000]  row=212.8s  ETA=180m  ranks=[115,116]  gap=[3.4e+04,3.2e+06]
  Row   50/100  (global  749)  mu=3.7613  [  50000/100000]  row=214.6s  ETA=177m  ranks=[115,116]  gap=[3.8e+04,3.2e+06]
  Row   51/100  (global  750)  mu=3.7662  [  51000/100000]  row=210.5s  ETA=173m  ranks=[115,116]  gap=[3.2e+04,3.1e+06]
  Row   52/100  (global  751)  mu=3.7712  [  52000/100000]  row=210.6s  ETA=170m  ranks=[115,116]  gap=[4.1e+04,2.8e+06]
  Row   53/100  (global  752)  mu=3.7761  [  53000/100000]  row=211.5s  ETA=166m  ranks=[115,116]  gap=[3.4e+04,3.2e+06]
  Row   54/100  (global  753)  mu=3.7811  [  54000/100000]  row=211.1s  ETA=162m  ranks=[115,116]  gap=[2.8e+04,3.4e+06]
  Row   55/100  (global  754)  mu=3.7860  [  55000/100000]  row=211.8s  ETA=159m  ranks=[115,116]  gap=[3.4e+04,3.1e+06]
  Row   56/100  (global  755)  mu=3.7910  [  56000/100000]  row=212.0s  ETA=155m  ranks=[115,116]  gap=[3.9e+04,3.1e+06]
  Row   57/100  (global  756)  mu=3.7959  [  57000/100000]  row=212.3s  ETA=152m  ranks=[115,116]  gap=[3.5e+04,2.7e+06]
  Row   58/100  (global  757)  mu=3.8009  [  58000/100000]  row=213.6s  ETA=148m  ranks=[115,116]  gap=[3.8e+04,2.8e+06]
  Row   59/100  (global  758)  mu=3.8059  [  59000/100000]  row=209.5s  ETA=145m  ranks=[115,116]  gap=[3.4e+04,2.6e+06]
  Row   60/100  (global  759)  mu=3.8108  [  60000/100000]  row=212.7s  ETA=141m  ranks=[115,116]  gap=[2.8e+04,3.4e+06]
  Row   61/100  (global  760)  mu=3.8158  [  61000/100000]  row=212.5s  ETA=138m  ranks=[115,116]  gap=[3.3e+04,3.3e+06]
  Row   62/100  (global  761)  mu=3.8207  [  62000/100000]  row=210.5s  ETA=134m  ranks=[115,116]  gap=[3.2e+04,3.0e+06]
  Row   63/100  (global  762)  mu=3.8257  [  63000/100000]  row=208.7s  ETA=131m  ranks=[115,116]  gap=[3.5e+04,2.8e+06]
  Row   64/100  (global  763)  mu=3.8306  [  64000/100000]  row=212.9s  ETA=127m  ranks=[115,116]  gap=[3.7e+04,2.7e+06]
  Row   65/100  (global  764)  mu=3.8356  [  65000/100000]  row=212.5s  ETA=124m  ranks=[115,116]  gap=[3.4e+04,3.5e+06]
  Row   66/100  (global  765)  mu=3.8405  [  66000/100000]  row=212.4s  ETA=120m  ranks=[115,116]  gap=[2.9e+04,3.1e+06]
  Row   67/100  (global  766)  mu=3.8455  [  67000/100000]  row=210.2s  ETA=117m  ranks=[115,116]  gap=[3.7e+04,2.9e+06]
  Row   68/100  (global  767)  mu=3.8505  [  68000/100000]  row=212.1s  ETA=113m  ranks=[115,116]  gap=[2.2e+04,2.6e+06]
  Row   69/100  (global  768)  mu=3.8554  [  69000/100000]  row=212.8s  ETA=109m  ranks=[115,116]  gap=[3.2e+04,3.3e+06]
  Row   70/100  (global  769)  mu=3.8604  [  70000/100000]  row=213.3s  ETA=106m  ranks=[115,116]  gap=[3.2e+04,2.8e+06]
  Row   71/100  (global  770)  mu=3.8653  [  71000/100000]  row=209.7s  ETA=102m  ranks=[115,116]  gap=[2.9e+04,2.7e+06]
  Row   72/100  (global  771)  mu=3.8703  [  72000/100000]  row=211.9s  ETA=99m  ranks=[115,116]  gap=[3.6e+04,2.5e+06]
  Row   73/100  (global  772)  mu=3.8752  [  73000/100000]  row=211.4s  ETA=95m  ranks=[115,116]  gap=[2.9e+04,2.6e+06]
  Row   74/100  (global  773)  mu=3.8802  [  74000/100000]  row=210.8s  ETA=92m  ranks=[115,116]  gap=[2.9e+04,2.7e+06]
  Row   75/100  (global  774)  mu=3.8851  [  75000/100000]  row=212.3s  ETA=88m  ranks=[115,116]  gap=[3.8e+04,2.5e+06]
  Row   76/100  (global  775)  mu=3.8901  [  76000/100000]  row=212.3s  ETA=85m  ranks=[115,116]  gap=[3.5e+04,2.6e+06]
  Row   77/100  (global  776)  mu=3.8950  [  77000/100000]  row=210.8s  ETA=81m  ranks=[115,116]  gap=[3.0e+04,3.1e+06]
  Row   78/100  (global  777)  mu=3.9000  [  78000/100000]  row=211.0s  ETA=78m  ranks=[115,116]  gap=[2.9e+04,2.3e+06]
  Row   79/100  (global  778)  mu=3.9050  [  79000/100000]  row=212.2s  ETA=74m  ranks=[115,116]  gap=[3.3e+04,2.4e+06]
  Row   80/100  (global  779)  mu=3.9099  [  80000/100000]  row=214.0s  ETA=71m  ranks=[115,116]  gap=[2.6e+04,2.6e+06]
  Row   81/100  (global  780)  mu=3.9149  [  81000/100000]  row=210.9s  ETA=67m  ranks=[115,116]  gap=[2.9e+04,2.3e+06]
  Row   82/100  (global  781)  mu=3.9198  [  82000/100000]  row=213.3s  ETA=64m  ranks=[115,116]  gap=[2.6e+04,2.6e+06]
  Row   83/100  (global  782)  mu=3.9248  [  83000/100000]  row=212.3s  ETA=60m  ranks=[115,116]  gap=[2.6e+04,2.4e+06]
  Row   84/100  (global  783)  mu=3.9297  [  84000/100000]  row=211.7s  ETA=57m  ranks=[115,116]  gap=[3.3e+04,2.6e+06]
  Row   85/100  (global  784)  mu=3.9347  [  85000/100000]  row=213.4s  ETA=53m  ranks=[115,116]  gap=[2.8e+04,2.5e+06]
  Row   86/100  (global  785)  mu=3.9396  [  86000/100000]  row=212.3s  ETA=49m  ranks=[115,116]  gap=[3.0e+04,2.4e+06]
  Row   87/100  (global  786)  mu=3.9446  [  87000/100000]  row=211.3s  ETA=46m  ranks=[115,116]  gap=[3.0e+04,2.3e+06]
  Row   88/100  (global  787)  mu=3.9495  [  88000/100000]  row=211.5s  ETA=42m  ranks=[115,116]  gap=[3.1e+04,2.3e+06]
  Row   89/100  (global  788)  mu=3.9545  [  89000/100000]  row=213.3s  ETA=39m  ranks=[115,116]  gap=[3.1e+04,2.4e+06]
  Row   90/100  (global  789)  mu=3.9595  [  90000/100000]  row=214.2s  ETA=35m  ranks=[115,116]  gap=[2.9e+04,2.2e+06]
  Row   91/100  (global  790)  mu=3.9644  [  91000/100000]  row=212.9s  ETA=32m  ranks=[115,116]  gap=[2.5e+04,2.4e+06]
  Row   92/100  (global  791)  mu=3.9694  [  92000/100000]  row=213.4s  ETA=28m  ranks=[115,116]  gap=[2.8e+04,2.3e+06]
  Row   93/100  (global  792)  mu=3.9743  [  93000/100000]  row=212.1s  ETA=25m  ranks=[115,116]  gap=[2.6e+04,2.4e+06]
  Row   94/100  (global  793)  mu=3.9793  [  94000/100000]  row=210.3s  ETA=21m  ranks=[115,116]  gap=[2.9e+04,2.2e+06]
  Row   95/100  (global  794)  mu=3.9842  [  95000/100000]  row=213.8s  ETA=18m  ranks=[115,116]  gap=[2.6e+04,2.0e+06]
  Row   96/100  (global  795)  mu=3.9892  [  96000/100000]  row=211.7s  ETA=14m  ranks=[115,116]  gap=[2.4e+04,2.1e+06]
  Row   97/100  (global  796)  mu=3.9941  [  97000/100000]  row=211.8s  ETA=11m  ranks=[115,116]  gap=[2.8e+04,2.2e+06]
  Row   98/100  (global  797)  mu=3.9991  [  98000/100000]  row=210.7s  ETA=7m  ranks=[115,116]  gap=[2.3e+04,2.2e+06]
  Row   99/100  (global  798)  mu=4.0041  [  99000/100000]  row=212.2s  ETA=4m  ranks=[115,116]  gap=[2.6e+04,2.1e+06]
  Row  100/100  (global  799)  mu=4.0090  [ 100000/100000]  row=213.0s  ETA=0m  ranks=[115,116]  gap=[2.8e+04,2.7e+06]

======================================================================
  BLOCK COMPLETE: rows 700-799
  Time: 21196s (5.9h)
  Rank range: [115, 116]
  Gap range:  [2.24e+04, 4.65e+06]
======================================================================
