======================================================================
  1000x1000 ATLAS SCAN
  Potential: 1/r   Epsilon: 5e-03
  Grid: 1000x1000   Rows: 500-599
  Workers: 15   Samples/point: 400
  Output: atlas_1000/1_r/block_0500_0600/
======================================================================

  Building symbolic algebra...
  Building symbolic generators for Newtonian (1/r)...
    Level 2: 12 generators (0 zero)
    Level 3: 138 generators (0 zero)
    Total: 156 generators, 156 non-zero
    Compiling evaluator...
    Lambdifying 156 expressions individually...
      20/156  [0.7s]
      40/156  [130.3s]
      60/156  [281.7s]
      80/156  [524.5s]
      100/156  [708.8s]
      120/156  [818.6s]
      140/156  [913.4s]
      156/156  [942.5s]
    Total lambdify time: 943.0s
  Algebra ready (1422.2s)
  Algebra ready (1422.2s, 156 generators)

  Row    1/100  (global  500)  mu=2.5275  [   1000/100000]  row=211.1s  ETA=348m  ranks=[116,116]  gap=[2.0e+05,1.9e+07]
  Row    2/100  (global  501)  mu=2.5324  [   2000/100000]  row=210.8s  ETA=345m  ranks=[116,116]  gap=[2.0e+05,1.8e+07]
  Row    3/100  (global  502)  mu=2.5374  [   3000/100000]  row=212.0s  ETA=342m  ranks=[116,116]  gap=[2.6e+05,1.9e+07]
  Row    4/100  (global  503)  mu=2.5423  [   4000/100000]  row=210.8s  ETA=338m  ranks=[116,116]  gap=[2.1e+05,1.8e+07]
  Row    5/100  (global  504)  mu=2.5473  [   5000/100000]  row=211.2s  ETA=334m  ranks=[116,116]  gap=[2.1e+05,1.7e+07]
  Row    6/100  (global  505)  mu=2.5523  [   6000/100000]  row=210.9s  ETA=331m  ranks=[116,116]  gap=[2.1e+05,1.7e+07]
  Row    7/100  (global  506)  mu=2.5572  [   7000/100000]  row=211.5s  ETA=327m  ranks=[116,116]  gap=[2.5e+05,2.0e+07]
  Row    8/100  (global  507)  mu=2.5622  [   8000/100000]  row=212.5s  ETA=324m  ranks=[116,116]  gap=[2.3e+05,2.0e+07]
  Row    9/100  (global  508)  mu=2.5671  [   9000/100000]  row=212.0s  ETA=321m  ranks=[116,116]  gap=[1.9e+05,1.9e+07]
  Row   10/100  (global  509)  mu=2.5721  [  10000/100000]  row=211.9s  ETA=317m  ranks=[116,116]  gap=[2.4e+05,1.7e+07]
  Row   11/100  (global  510)  mu=2.5770  [  11000/100000]  row=211.1s  ETA=314m  ranks=[116,116]  gap=[2.4e+05,1.7e+07]
  Row   12/100  (global  511)  mu=2.5820  [  12000/100000]  row=210.6s  ETA=310m  ranks=[116,116]  gap=[2.5e+05,1.6e+07]
  Row   13/100  (global  512)  mu=2.5869  [  13000/100000]  row=210.8s  ETA=306m  ranks=[116,116]  gap=[1.7e+05,1.6e+07]
  Row   14/100  (global  513)  mu=2.5919  [  14000/100000]  row=209.4s  ETA=303m  ranks=[116,116]  gap=[2.3e+05,1.6e+07]
  Row   15/100  (global  514)  mu=2.5968  [  15000/100000]  row=210.8s  ETA=299m  ranks=[116,116]  gap=[2.2e+05,1.5e+07]
  Row   16/100  (global  515)  mu=2.6018  [  16000/100000]  row=211.6s  ETA=296m  ranks=[116,116]  gap=[2.0e+05,1.5e+07]
  Row   17/100  (global  516)  mu=2.6068  [  17000/100000]  row=211.0s  ETA=292m  ranks=[116,116]  gap=[2.2e+05,1.7e+07]
  Row   18/100  (global  517)  mu=2.6117  [  18000/100000]  row=211.7s  ETA=289m  ranks=[116,116]  gap=[2.4e+05,1.6e+07]
  Row   19/100  (global  518)  mu=2.6167  [  19000/100000]  row=212.3s  ETA=285m  ranks=[116,116]  gap=[2.1e+05,1.6e+07]
  Row   20/100  (global  519)  mu=2.6216  [  20000/100000]  row=212.5s  ETA=282m  ranks=[116,116]  gap=[1.9e+05,1.7e+07]
  Row   21/100  (global  520)  mu=2.6266  [  21000/100000]  row=210.9s  ETA=278m  ranks=[116,116]  gap=[2.0e+05,1.8e+07]
  Row   22/100  (global  521)  mu=2.6315  [  22000/100000]  row=209.9s  ETA=275m  ranks=[116,116]  gap=[2.5e+05,1.6e+07]
  Row   23/100  (global  522)  mu=2.6365  [  23000/100000]  row=211.3s  ETA=271m  ranks=[116,116]  gap=[1.9e+05,1.5e+07]
  Row   24/100  (global  523)  mu=2.6414  [  24000/100000]  row=210.8s  ETA=268m  ranks=[116,116]  gap=[2.2e+05,1.6e+07]
  Row   25/100  (global  524)  mu=2.6464  [  25000/100000]  row=212.6s  ETA=264m  ranks=[116,116]  gap=[2.1e+05,1.5e+07]
  Row   26/100  (global  525)  mu=2.6514  [  26000/100000]  row=212.0s  ETA=261m  ranks=[116,116]  gap=[2.1e+05,1.5e+07]
  Row   27/100  (global  526)  mu=2.6563  [  27000/100000]  row=212.0s  ETA=257m  ranks=[116,116]  gap=[2.2e+05,1.5e+07]
  Row   28/100  (global  527)  mu=2.6613  [  28000/100000]  row=213.1s  ETA=254m  ranks=[116,116]  gap=[2.0e+05,1.5e+07]
  Row   29/100  (global  528)  mu=2.6662  [  29000/100000]  row=211.8s  ETA=250m  ranks=[116,116]  gap=[1.5e+05,1.6e+07]
  Row   30/100  (global  529)  mu=2.6712  [  30000/100000]  row=213.3s  ETA=247m  ranks=[116,116]  gap=[2.0e+05,1.4e+07]
  Row   31/100  (global  530)  mu=2.6761  [  31000/100000]  row=212.9s  ETA=243m  ranks=[116,116]  gap=[2.1e+05,1.5e+07]
  Row   32/100  (global  531)  mu=2.6811  [  32000/100000]  row=211.6s  ETA=240m  ranks=[116,116]  gap=[1.9e+05,1.6e+07]
  Row   33/100  (global  532)  mu=2.6860  [  33000/100000]  row=211.3s  ETA=236m  ranks=[116,116]  gap=[2.2e+05,1.6e+07]
  Row   34/100  (global  533)  mu=2.6910  [  34000/100000]  row=210.8s  ETA=233m  ranks=[116,116]  gap=[1.7e+05,1.3e+07]
  Row   35/100  (global  534)  mu=2.6959  [  35000/100000]  row=211.9s  ETA=229m  ranks=[116,116]  gap=[2.2e+05,1.5e+07]
  Row   36/100  (global  535)  mu=2.7009  [  36000/100000]  row=211.1s  ETA=226m  ranks=[116,116]  gap=[2.0e+05,1.8e+07]
  Row   37/100  (global  536)  mu=2.7059  [  37000/100000]  row=211.5s  ETA=222m  ranks=[116,116]  gap=[1.8e+05,1.4e+07]
  Row   38/100  (global  537)  mu=2.7108  [  38000/100000]  row=210.7s  ETA=219m  ranks=[116,116]  gap=[1.8e+05,1.5e+07]
  Row   39/100  (global  538)  mu=2.7158  [  39000/100000]  row=211.6s  ETA=215m  ranks=[116,116]  gap=[2.0e+05,1.6e+07]
  Row   40/100  (global  539)  mu=2.7207  [  40000/100000]  row=212.6s  ETA=211m  ranks=[116,116]  gap=[1.8e+05,1.3e+07]
  Row   41/100  (global  540)  mu=2.7257  [  41000/100000]  row=210.8s  ETA=208m  ranks=[116,116]  gap=[1.8e+05,1.3e+07]
  Row   42/100  (global  541)  mu=2.7306  [  42000/100000]  row=211.8s  ETA=204m  ranks=[116,116]  gap=[2.0e+05,1.4e+07]
  Row   43/100  (global  542)  mu=2.7356  [  43000/100000]  row=212.4s  ETA=201m  ranks=[116,116]  gap=[1.8e+05,1.4e+07]
  Row   44/100  (global  543)  mu=2.7405  [  44000/100000]  row=210.4s  ETA=197m  ranks=[116,116]  gap=[1.8e+05,1.3e+07]
  Row   45/100  (global  544)  mu=2.7455  [  45000/100000]  row=211.2s  ETA=194m  ranks=[116,116]  gap=[1.8e+05,1.2e+07]
  Row   46/100  (global  545)  mu=2.7505  [  46000/100000]  row=210.8s  ETA=190m  ranks=[116,116]  gap=[1.7e+05,1.4e+07]
  Row   47/100  (global  546)  mu=2.7554  [  47000/100000]  row=211.3s  ETA=187m  ranks=[116,116]  gap=[2.2e+05,1.3e+07]
  Row   48/100  (global  547)  mu=2.7604  [  48000/100000]  row=211.3s  ETA=183m  ranks=[116,116]  gap=[1.9e+05,1.2e+07]
  Row   49/100  (global  548)  mu=2.7653  [  49000/100000]  row=210.8s  ETA=180m  ranks=[116,116]  gap=[2.0e+05,1.5e+07]
  Row   50/100  (global  549)  mu=2.7703  [  50000/100000]  row=212.7s  ETA=176m  ranks=[116,116]  gap=[1.7e+05,1.2e+07]
  Row   51/100  (global  550)  mu=2.7752  [  51000/100000]  row=210.9s  ETA=173m  ranks=[116,116]  gap=[1.7e+05,1.1e+07]
  Row   52/100  (global  551)  mu=2.7802  [  52000/100000]  row=212.3s  ETA=169m  ranks=[116,116]  gap=[2.0e+05,1.2e+07]
  Row   53/100  (global  552)  mu=2.7851  [  53000/100000]  row=212.1s  ETA=166m  ranks=[116,116]  gap=[1.6e+05,1.2e+07]
  Row   54/100  (global  553)  mu=2.7901  [  54000/100000]  row=212.3s  ETA=162m  ranks=[116,116]  gap=[1.8e+05,1.5e+07]
  Row   55/100  (global  554)  mu=2.7950  [  55000/100000]  row=213.3s  ETA=159m  ranks=[116,116]  gap=[1.7e+05,1.3e+07]
  Row   56/100  (global  555)  mu=2.8000  [  56000/100000]  row=211.5s  ETA=155m  ranks=[116,116]  gap=[1.4e+05,1.4e+07]
  Row   57/100  (global  556)  mu=2.8050  [  57000/100000]  row=210.8s  ETA=152m  ranks=[116,116]  gap=[2.0e+05,1.2e+07]
  Row   58/100  (global  557)  mu=2.8099  [  58000/100000]  row=210.6s  ETA=148m  ranks=[116,116]  gap=[1.4e+05,1.2e+07]
  Row   59/100  (global  558)  mu=2.8149  [  59000/100000]  row=212.2s  ETA=145m  ranks=[116,116]  gap=[1.7e+05,1.2e+07]
  Row   60/100  (global  559)  mu=2.8198  [  60000/100000]  row=214.9s  ETA=141m  ranks=[116,116]  gap=[1.5e+05,1.2e+07]
  Row   61/100  (global  560)  mu=2.8248  [  61000/100000]  row=212.2s  ETA=138m  ranks=[116,116]  gap=[1.5e+05,1.2e+07]
  Row   62/100  (global  561)  mu=2.8297  [  62000/100000]  row=212.9s  ETA=134m  ranks=[116,116]  gap=[1.6e+05,1.3e+07]
  Row   63/100  (global  562)  mu=2.8347  [  63000/100000]  row=212.6s  ETA=130m  ranks=[116,116]  gap=[1.7e+05,1.2e+07]
  Row   64/100  (global  563)  mu=2.8396  [  64000/100000]  row=214.1s  ETA=127m  ranks=[116,116]  gap=[1.5e+05,1.2e+07]
  Row   65/100  (global  564)  mu=2.8446  [  65000/100000]  row=214.7s  ETA=123m  ranks=[116,116]  gap=[1.6e+05,1.1e+07]
  Row   66/100  (global  565)  mu=2.8495  [  66000/100000]  row=212.6s  ETA=120m  ranks=[116,116]  gap=[1.4e+05,1.3e+07]
  Row   67/100  (global  566)  mu=2.8545  [  67000/100000]  row=211.9s  ETA=116m  ranks=[116,116]  gap=[1.7e+05,1.1e+07]
  Row   68/100  (global  567)  mu=2.8595  [  68000/100000]  row=211.0s  ETA=113m  ranks=[116,116]  gap=[1.4e+05,1.2e+07]
  Row   69/100  (global  568)  mu=2.8644  [  69000/100000]  row=211.4s  ETA=109m  ranks=[116,116]  gap=[1.4e+05,1.1e+07]
  Row   70/100  (global  569)  mu=2.8694  [  70000/100000]  row=212.4s  ETA=106m  ranks=[116,116]  gap=[1.3e+05,1.2e+07]
  Row   71/100  (global  570)  mu=2.8743  [  71000/100000]  row=212.3s  ETA=102m  ranks=[116,116]  gap=[1.5e+05,1.1e+07]
  Row   72/100  (global  571)  mu=2.8793  [  72000/100000]  row=210.4s  ETA=99m  ranks=[116,116]  gap=[1.4e+05,1.1e+07]
  Row   73/100  (global  572)  mu=2.8842  [  73000/100000]  row=210.9s  ETA=95m  ranks=[116,116]  gap=[1.5e+05,1.1e+07]
  Row   74/100  (global  573)  mu=2.8892  [  74000/100000]  row=210.7s  ETA=92m  ranks=[116,116]  gap=[1.4e+05,1.1e+07]
  Row   75/100  (global  574)  mu=2.8941  [  75000/100000]  row=211.8s  ETA=88m  ranks=[116,116]  gap=[1.4e+05,1.1e+07]
  Row   76/100  (global  575)  mu=2.8991  [  76000/100000]  row=212.1s  ETA=85m  ranks=[116,116]  gap=[1.5e+05,1.1e+07]
  Row   77/100  (global  576)  mu=2.9041  [  77000/100000]  row=211.9s  ETA=81m  ranks=[116,116]  gap=[1.6e+05,1.2e+07]
  Row   78/100  (global  577)  mu=2.9090  [  78000/100000]  row=210.6s  ETA=78m  ranks=[116,116]  gap=[1.3e+05,1.0e+07]
  Row   79/100  (global  578)  mu=2.9140  [  79000/100000]  row=211.0s  ETA=74m  ranks=[116,116]  gap=[1.5e+05,1.0e+07]
  Row   80/100  (global  579)  mu=2.9189  [  80000/100000]  row=212.7s  ETA=71m  ranks=[116,116]  gap=[1.3e+05,9.9e+06]
  Row   81/100  (global  580)  mu=2.9239  [  81000/100000]  row=212.0s  ETA=67m  ranks=[116,116]  gap=[1.5e+05,1.2e+07]
  Row   82/100  (global  581)  mu=2.9288  [  82000/100000]  row=211.7s  ETA=64m  ranks=[116,116]  gap=[1.2e+05,9.5e+06]
  Row   83/100  (global  582)  mu=2.9338  [  83000/100000]  row=210.6s  ETA=60m  ranks=[116,116]  gap=[1.4e+05,1.0e+07]
  Row   84/100  (global  583)  mu=2.9387  [  84000/100000]  row=213.2s  ETA=56m  ranks=[116,116]  gap=[1.3e+05,9.7e+06]
  Row   85/100  (global  584)  mu=2.9437  [  85000/100000]  row=211.8s  ETA=53m  ranks=[116,116]  gap=[1.2e+05,9.2e+06]
  Row   86/100  (global  585)  mu=2.9486  [  86000/100000]  row=211.8s  ETA=49m  ranks=[116,116]  gap=[1.2e+05,1.0e+07]
  Row   87/100  (global  586)  mu=2.9536  [  87000/100000]  row=211.3s  ETA=46m  ranks=[116,116]  gap=[1.2e+05,9.6e+06]
  Row   88/100  (global  587)  mu=2.9586  [  88000/100000]  row=211.3s  ETA=42m  ranks=[116,116]  gap=[1.2e+05,9.4e+06]
  Row   89/100  (global  588)  mu=2.9635  [  89000/100000]  row=211.2s  ETA=39m  ranks=[116,116]  gap=[1.4e+05,9.2e+06]
  Row   90/100  (global  589)  mu=2.9685  [  90000/100000]  row=212.2s  ETA=35m  ranks=[116,116]  gap=[1.5e+05,9.4e+06]
  Row   91/100  (global  590)  mu=2.9734  [  91000/100000]  row=212.6s  ETA=32m  ranks=[116,116]  gap=[1.2e+05,9.7e+06]
  Row   92/100  (global  591)  mu=2.9784  [  92000/100000]  row=211.1s  ETA=28m  ranks=[116,116]  gap=[1.4e+05,9.1e+06]
  Row   93/100  (global  592)  mu=2.9833  [  93000/100000]  row=213.7s  ETA=25m  ranks=[116,116]  gap=[1.3e+05,8.8e+06]
  Row   94/100  (global  593)  mu=2.9883  [  94000/100000]  row=211.5s  ETA=21m  ranks=[116,116]  gap=[1.1e+05,9.5e+06]
  Row   95/100  (global  594)  mu=2.9932  [  95000/100000]  row=212.1s  ETA=18m  ranks=[116,116]  gap=[1.5e+05,1.0e+07]
  Row   96/100  (global  595)  mu=2.9982  [  96000/100000]  row=211.5s  ETA=14m  ranks=[116,116]  gap=[1.2e+05,9.6e+06]
  Row   97/100  (global  596)  mu=3.0032  [  97000/100000]  row=211.1s  ETA=11m  ranks=[116,116]  gap=[1.2e+05,1.0e+07]
  Row   98/100  (global  597)  mu=3.0081  [  98000/100000]  row=212.5s  ETA=7m  ranks=[116,116]  gap=[1.1e+05,8.7e+06]
  Row   99/100  (global  598)  mu=3.0131  [  99000/100000]  row=213.0s  ETA=4m  ranks=[116,116]  gap=[1.2e+05,9.3e+06]
  Row  100/100  (global  599)  mu=3.0180  [ 100000/100000]  row=212.1s  ETA=0m  ranks=[116,116]  gap=[1.2e+05,8.6e+06]

======================================================================
  BLOCK COMPLETE: rows 500-599
  Time: 21173s (5.9h)
  Rank range: [116, 116]
  Gap range:  [1.05e+05, 2.04e+07]
======================================================================
