======================================================================
LEVEL 4 — SINGLE-PASS NUMERICAL PIPELINE
======================================================================
Loaded level-3 checkpoint: 156 expressions
  Level 0: 3 generators
  Level 1: 3 generators
  Level 2: 12 generators
  Level 3: 138 generators

======================================================================
STEP 1: Sample phase space (8000 points)
======================================================================
  8000 points sampled
  Evaluating 156 base generators...
    50/156  [63.3s]
    100/156  [192.0s]
    150/156  [254.5s]
    156/156  [255.6s]
  Base evaluation done [255.6s]

======================================================================
STEP 2: Compute derivatives → lambdify → evaluate
        156 generators × 12 derivatives, 15 workers
======================================================================
  Loading cached numerical derivatives: checkpoints/deriv_numerical.npz
  Cache shape mismatch, recomputing...
  [  10/156]  [1s, ETA 21s]  {K2,H23}: 536 deriv terms, 1.0s
  [  20/156]  [8s, ETA 51s]  {{K1,H12},H23}: 2966 deriv terms, 7.0s
  [  30/156]  [58s, ETA 243s]  {{K1,H13},K1}: 10836 deriv terms, 29.7s
  [  40/156]  [254s, ETA 736s]  {{K1,H23},H23}: 1852 deriv terms, 4.0s
  [  50/156]  [418s, ETA 886s]  {{K1,H13},{K3,H13}}: 62014 deriv terms, 210.4s
  [  60/156]  [542s, ETA 867s]  {{K1,H23},{K3,H12}}: 38496 deriv terms, 151.7s
  [  70/156]  [659s, ETA 810s]  {{K1,H23},{K1,K2}}: 108392 deriv terms, 378.9s
  [  80/156]  [953s, ETA 906s]  {{K2,H12},H12}: 3106 deriv terms, 7.0s
  [  90/156]  [1216s, ETA 891s]  {{K2,H12},{K2,H13}}: 54270 deriv terms, 216.0s
  [ 100/156]  [1300s, ETA 728s]  {{K1,K3},{K2,H23}}: 177022 deriv terms, 588.6s
  [ 110/156]  [1413s, ETA 591s]  {{K2,H23},K2}: 10836 deriv terms, 32.1s
  [ 120/156]  [1533s, ETA 460s]  {{K2,K3},H23}: 12094 deriv terms, 32.7s
  [ 130/156]  [1595s, ETA 319s]  {{K3,H12},K2}: 8570 deriv terms, 15.9s
  [ 140/156]  [1641s, ETA 188s]  {{K3,H23},H23}: 3106 deriv terms, 8.6s
  [ 150/156]  [1748s, ETA 70s]  {{K3,H12},{K3,H23}}: 54270 deriv terms, 154.1s
  [ 156/156]  [1945s, ETA 0s]  {{K2,K3},{K3,H13}}: 160558 deriv terms, 417.6s
  Numerical cache saved: checkpoints/deriv_numerical.npz (108.8 MB)
  Step 2 time: 1949.3s

======================================================================
STEP 3: Compute Level 4 brackets (NumPy)
======================================================================
  Bracket pairs: 11523
  11523 brackets computed in 3.54s

======================================================================
STEP 4: SVD Dimension Analysis
======================================================================
  Full evaluation matrix: (8000, 11679)
  Memory: 747.5 MB

  --- Through level 0: 3 candidates ---

  SVD SPECTRUM  (through level 0)
    Idx |     Singular Value |    Gap Ratio |   Rel to Max
  ------+--------------------+--------------+-------------
      1 |     1.379663330966 |         1.85 |     1.00e+00
      2 |     0.747432631869 |         1.02 |     5.42e-01
      3 |     0.733398632399 |          inf |     5.32e-01  <-- 3 (A114491)  (gap inf)

  No clear gap found (best ratio 1.0x)
  Using noise-floor threshold: rank = 3
  ==> Dimension through level 0: 3

  --- Through level 1: 6 candidates ---

  SVD SPECTRUM  (through level 1)
    Idx |     Singular Value |    Gap Ratio |   Rel to Max
  ------+--------------------+--------------+-------------
      1 |     1.379721818157 |         1.34 |     1.00e+00
      2 |     1.030137340569 |         1.03 |     7.47e-01
      3 |     0.998804420952 |         1.03 |     7.24e-01  <-- 3 (A114491)
      4 |     0.972042684312 |         1.30 |     7.05e-01  *** GAP (1.3e+00) ***
      5 |     0.745864616726 |         1.02 |     5.41e-01
      6 |     0.732388889965 |          inf |     5.31e-01  <-- 6 (A114491)  (gap inf)

  No clear gap found (best ratio 1.3x)
  Using noise-floor threshold: rank = 6
  ==> Dimension through level 1: 6

  --- Through level 2: 18 candidates ---

  SVD SPECTRUM  (through level 2)
    Idx |     Singular Value |    Gap Ratio |   Rel to Max
  ------+--------------------+--------------+-------------
      1 |     1.647585631448 |         1.05 |     1.00e+00
      2 |     1.575375799074 |         1.13 |     9.56e-01
      3 |     1.391093234737 |         1.01 |     8.44e-01  <-- 3 (A114491)
      4 |     1.382802040176 |         1.09 |     8.39e-01
      5 |     1.270602379129 |         1.04 |     7.71e-01
      6 |     1.219808105095 |         1.11 |     7.40e-01  <-- 6 (A114491)
      7 |     1.095225413549 |         1.04 |     6.65e-01
      8 |     1.053748734329 |         1.07 |     6.40e-01
      9 |     0.988565758439 |         1.27 |     6.00e-01
     10 |     0.778532358395 |         1.05 |     4.73e-01
     11 |     0.739799492214 |         1.09 |     4.49e-01
     12 |     0.679880478545 |         1.18 |     4.13e-01
     13 |     0.578362320537 |         1.02 |     3.51e-01
     14 |     0.567289943816 |         1.39 |     3.44e-01
     15 |     0.408224110891 |         1.55 |     2.48e-01
     16 |     0.263845933215 |         1.09 |     1.60e-01
     17 |     0.242085495290 | 175728250219497.41 |     1.47e-01  <-- 17 (A114491)  *** GAP (1.8e+14) ***
     18 |     0.000000000000 |          inf |     8.36e-16  (gap inf)

  DEFINITIVE GAP at index 17: ratio 1.76e+14x
    sv(17) = 2.420855e-01,  sv(18) = 1.377613e-15
  ==> Dimension through level 2: 17

  --- Through level 3: 156 candidates ---

  SVD SPECTRUM  (through level 3)
    Idx |     Singular Value |    Gap Ratio |   Rel to Max
  ------+--------------------+--------------+-------------
      1 |     3.706908715413 |         1.03 |     1.00e+00
      2 |     3.584504224002 |         1.02 |     9.67e-01
      3 |     3.512473258028 |         1.02 |     9.48e-01  <-- 3 (A114491)
      4 |     3.430117627752 |         1.06 |     9.25e-01
      5 |     3.249461491050 |         1.13 |     8.77e-01
      6 |     2.887842930315 |         1.06 |     7.79e-01  <-- 6 (A114491)
      7 |     2.713958501651 |         1.05 |     7.32e-01
      8 |     2.584820651806 |         1.05 |     6.97e-01
      9 |     2.459381497724 |         1.06 |     6.63e-01
     10 |     2.311219672508 |         1.02 |     6.23e-01
     11 |     2.268950630152 |         1.02 |     6.12e-01
     12 |     2.217162666854 |         1.04 |     5.98e-01
     13 |     2.132193833376 |         1.08 |     5.75e-01
     14 |     1.967610270439 |         1.05 |     5.31e-01
     15 |     1.882755911578 |         1.05 |     5.08e-01
     16 |     1.798845851058 |         1.07 |     4.85e-01
     17 |     1.677562374021 |         1.11 |     4.53e-01  <-- 17 (A114491)
     18 |     1.509751563401 |         1.04 |     4.07e-01
     19 |     1.447186538000 |         1.02 |     3.90e-01
     20 |     1.425679468795 |         1.05 |     3.85e-01
     21 |     1.357250592902 |         1.02 |     3.66e-01
     22 |     1.334444956246 |         1.02 |     3.60e-01
     23 |     1.312996639673 |         1.02 |     3.54e-01
     24 |     1.286527090736 |         1.06 |     3.47e-01
     25 |     1.217013237088 |         1.06 |     3.28e-01
     26 |     1.145048391367 |         1.05 |     3.09e-01
     27 |     1.090812119732 |         1.09 |     2.94e-01
     28 |     0.999874004086 |         1.00 |     2.70e-01
     29 |     0.999632112258 |         1.05 |     2.70e-01
     30 |     0.949873457242 |         1.01 |     2.56e-01
     52 |     0.470367587481 |         1.03 |     1.27e-01
     69 |     0.213342488360 |         1.09 |     5.76e-02  <-- 69 (A114491)
    112 |     0.008196159494 |         1.10 |     2.21e-03
    113 |     0.007445376664 |         1.13 |     2.01e-03
    114 |     0.006583524508 |         1.10 |     1.78e-03
    115 |     0.006000593720 |         1.08 |     1.62e-03
    116 |     0.005554760063 | 149164207.71 |     1.50e-03  <-- 116  *** GAP (1.5e+08) ***
    117 |     0.000000000037 |         1.38 |     1.00e-11
    118 |     0.000000000027 |         1.13 |     7.27e-12
    119 |     0.000000000024 |         6.77 |     6.42e-12
    120 |     0.000000000004 |         1.67 |     9.48e-13
    152 |     0.000000000000 |         1.28 |     9.27e-17
    153 |     0.000000000000 |         1.00 |     7.23e-17
    154 |     0.000000000000 |         1.00 |     7.23e-17
    155 |     0.000000000000 |         1.09 |     7.23e-17
    156 |     0.000000000000 |          inf |     6.63e-17  (gap inf)

  DEFINITIVE GAP at index 116: ratio 1.49e+08x
    sv(116) = 5.554760e-03,  sv(117) = 3.723923e-11
  ==> Dimension through level 3: 116

  --- Through level 4: 11679 candidates ---

  SVD SPECTRUM  (through level 4)
    Idx |     Singular Value |    Gap Ratio |   Rel to Max
  ------+--------------------+--------------+-------------
      1 |    43.630216351442 |         1.25 |     1.00e+00
      2 |    34.809703148515 |         1.43 |     7.98e-01
      3 |    24.363215727161 |         1.02 |     5.58e-01  <-- 3 (A114491)
      4 |    23.847872944916 |         1.03 |     5.47e-01
      5 |    23.179523934600 |         1.02 |     5.31e-01
      6 |    22.816842815461 |         1.09 |     5.23e-01  <-- 6 (A114491)
      7 |    20.952842634737 |         1.03 |     4.80e-01
      8 |    20.410710200799 |         1.03 |     4.68e-01
      9 |    19.782080809469 |         1.12 |     4.53e-01  *** GAP (1.1e+00) ***
     10 |    17.741279657445 |         1.02 |     4.07e-01
     11 |    17.458390665860 |         1.04 |     4.00e-01
     12 |    16.752180719489 |         1.07 |     3.84e-01
     13 |    15.640494462435 |         1.04 |     3.58e-01
     14 |    14.973162911905 |         1.01 |     3.43e-01
     15 |    14.841142933032 |         1.01 |     3.40e-01
     16 |    14.649518308525 |         1.03 |     3.36e-01
     17 |    14.196861177852 |         1.02 |     3.25e-01  <-- 17 (A114491)
     18 |    13.873304439728 |         1.06 |     3.18e-01
     19 |    13.036809617748 |         1.02 |     2.99e-01
     20 |    12.767292048160 |         1.01 |     2.93e-01
     21 |    12.683215154357 |         1.02 |     2.91e-01
     22 |    12.435252540950 |         1.08 |     2.85e-01
     23 |    11.561195618408 |         1.10 |     2.65e-01
     24 |    10.511027724503 |         1.04 |     2.41e-01
     25 |    10.105544227459 |         1.04 |     2.32e-01
     26 |     9.692760374334 |         1.01 |     2.22e-01
     27 |     9.556745665463 |         1.01 |     2.19e-01
     28 |     9.481760002048 |         1.04 |     2.17e-01
     29 |     9.121737044044 |         1.05 |     2.09e-01
     30 |     8.716440531365 |         1.01 |     2.00e-01
     52 |     4.688565218460 |         1.03 |     1.07e-01
     69 |     3.134195029881 |         1.01 |     7.18e-02  <-- 69 (A114491)
    116 |     1.390468734877 |         1.01 |     3.19e-02  <-- 116
    407 |     0.062795038288 |         1.02 |     1.44e-03
   7996 |     0.000000000000 |         1.33 |     2.54e-17
   7997 |     0.000000000000 |         1.39 |     1.91e-17
   7998 |     0.000000000000 |         1.62 |     1.37e-17
   7999 |     0.000000000000 |         4.59 |     8.48e-18
   8000 |     0.000000000000 |          inf |     1.85e-18  (gap inf)

  No clear gap found (best ratio 1.1x)
  Using noise-floor threshold: rank = 2725
  ==> Dimension through level 4: 2725

  Step 4 time: 85.8s

======================================================================
DIMENSION SUMMARY
======================================================================
  Level 0: dim =     3    A114491(1) =     3    [MATCH]
  Level 1: dim =     6    A114491(2) =     6    [MATCH]
  Level 2: dim =    17    A114491(3) =    17    [MATCH]
  Level 3: dim =   116    A114491(4) =    69    [no match]
  Level 4: dim =  2725    A114491(5) =   407    [no match]

  Dimension sequence: [3, 6, 17, 116, 2725]
    d(1)/d(0) = 2.00,  new at level 1: 3
    d(2)/d(1) = 2.83,  new at level 2: 11
    d(3)/d(2) = 6.82,  new at level 3: 99
    d(4)/d(3) = 23.49,  new at level 4: 2609
  New-per-level: [3, 3, 11, 99, 2609]

  Exponential fit: dim ~ 0.01 * exp(3.148 * level)
  Predicted level 5: ~63432

  Plot: results/level4_analysis.png

======================================================================
TOTAL PIPELINE TIME: 40.4 min (0.67 hours)
======================================================================
