======================================================================
LEVEL 4 — SINGLE-PASS NUMERICAL PIPELINE
======================================================================
Loaded level-3 checkpoint: 156 expressions
  Level 0: 3 generators
  Level 1: 3 generators
  Level 2: 12 generators
  Level 3: 138 generators

======================================================================
STEP 1: Sample phase space (5000 points)
======================================================================
  5000 points sampled
  Evaluating 156 base generators...
    50/156  [59.8s]
    100/156  [179.9s]
    150/156  [239.6s]
    156/156  [240.7s]
  Base evaluation done [240.7s]

======================================================================
STEP 2: Compute derivatives → lambdify → evaluate
        156 generators × 12 derivatives, 15 workers
======================================================================
  Loading cached numerical derivatives: checkpoints/deriv_numerical.npz
  Cache shape mismatch, recomputing...
  [  10/156]  [2s, ETA 24s]  {K2,H23}: 536 deriv terms, 1.3s
  [  20/156]  [10s, ETA 70s]  {{K1,H12},H23}: 2966 deriv terms, 9.8s
  [  30/156]  [78s, ETA 326s]  {{K1,H13},K3}: 10790 deriv terms, 38.8s
  [  40/156]  [360s, ETA 1045s]  {{K1,H23},H23}: 1852 deriv terms, 5.6s
  [  50/156]  [540s, ETA 1144s]  {{K1,H13},{K3,H12}}: 54706 deriv terms, 251.9s
  [  60/156]  [700s, ETA 1120s]  {{K1,K2},K1}: 21620 deriv terms, 40.0s
  [  70/156]  [829s, ETA 1018s]  {{K1,H23},{K1,K2}}: 108392 deriv terms, 429.9s
  [  80/156]  [1136s, ETA 1079s]  {{K2,H12},H12}: 3106 deriv terms, 7.4s
  [  90/156]  [1387s, ETA 1017s]  {{K1,K3},{K3,H12}}: 108392 deriv terms, 457.4s
  [ 100/156]  [1533s, ETA 858s]  {{K1,K3},{K3,H23}}: 160558 deriv terms, 424.4s
  [ 110/156]  [1656s, ETA 692s]  {{K1,K3},{K2,H23}}: 177022 deriv terms, 751.8s
  [ 120/156]  [1763s, ETA 529s]  {{K1,K2},{K1,K3}}: 248688 deriv terms, 1068.3s
  [ 130/156]  [1811s, ETA 362s]  {{K3,H12},K2}: 8570 deriv terms, 27.0s
  [ 140/156]  [1859s, ETA 212s]  {{K3,H23},H13}: 3540 deriv terms, 9.2s
  [ 150/156]  [1958s, ETA 78s]  {{K2,H12},{K2,K3}}: 160558 deriv terms, 613.9s
  [ 156/156]  [2138s, ETA 0s]  {{K2,K3},{K3,H13}}: 160558 deriv terms, 389.5s
  Numerical cache saved: checkpoints/deriv_numerical.npz (68.0 MB)
  Step 2 time: 2140.7s

======================================================================
STEP 3: Compute Level 4 brackets (NumPy)
======================================================================
  Bracket pairs: 11523
  11523 brackets computed in 2.17s

======================================================================
STEP 4: SVD Dimension Analysis
======================================================================
  Full evaluation matrix: (5000, 11679)
  Memory: 467.2 MB

  --- Through level 0: 3 candidates ---

  SVD SPECTRUM  (through level 0)
    Idx |     Singular Value |    Gap Ratio |   Rel to Max
  ------+--------------------+--------------+-------------
      1 |     1.377147725835 |         1.83 |     1.00e+00
      2 |     0.750843142564 |         1.02 |     5.45e-01
      3 |     0.734641896772 |          inf |     5.33e-01  <-- 3 (A114491)  (gap inf)

  No clear gap found (best ratio 1.0x)
  Using noise-floor threshold: rank = 3
  ==> Dimension through level 0: 3

  --- Through level 1: 6 candidates ---

  SVD SPECTRUM  (through level 1)
    Idx |     Singular Value |    Gap Ratio |   Rel to Max
  ------+--------------------+--------------+-------------
      1 |     1.377372138543 |         1.32 |     1.00e+00
      2 |     1.040436527247 |         1.03 |     7.55e-01
      3 |     1.007590355951 |         1.05 |     7.32e-01  <-- 3 (A114491)
      4 |     0.956948002083 |         1.29 |     6.95e-01  *** GAP (1.3e+00) ***
      5 |     0.744191064866 |         1.02 |     5.40e-01
      6 |     0.731798933870 |          inf |     5.31e-01  <-- 6 (A114491)  (gap inf)

  No clear gap found (best ratio 1.3x)
  Using noise-floor threshold: rank = 6
  ==> Dimension through level 1: 6

  --- Through level 2: 18 candidates ---

  SVD SPECTRUM  (through level 2)
    Idx |     Singular Value |    Gap Ratio |   Rel to Max
  ------+--------------------+--------------+-------------
      1 |     1.646390842332 |         1.05 |     1.00e+00
      2 |     1.573101834120 |         1.13 |     9.55e-01
      3 |     1.386683525746 |         1.01 |     8.42e-01  <-- 3 (A114491)
      4 |     1.369662181986 |         1.09 |     8.32e-01
      5 |     1.258731531334 |         1.05 |     7.65e-01
      6 |     1.201506571332 |         1.08 |     7.30e-01  <-- 6 (A114491)
      7 |     1.116617746901 |         1.06 |     6.78e-01
      8 |     1.054965553620 |         1.03 |     6.41e-01
      9 |     1.024599708499 |         1.31 |     6.22e-01
     10 |     0.779607348339 |         1.06 |     4.74e-01
     11 |     0.737305360787 |         1.10 |     4.48e-01
     12 |     0.671589348735 |         1.13 |     4.08e-01
     13 |     0.592985914136 |         1.03 |     3.60e-01
     14 |     0.575081867076 |         1.42 |     3.49e-01
     15 |     0.404465634171 |         1.52 |     2.46e-01
     16 |     0.266171456420 |         1.10 |     1.62e-01
     17 |     0.242974750186 | 195088369221741.56 |     1.48e-01  <-- 17 (A114491)  *** GAP (2.0e+14) ***
     18 |     0.000000000000 |          inf |     7.56e-16  (gap inf)

  DEFINITIVE GAP at index 17: ratio 1.95e+14x
    sv(17) = 2.429748e-01,  sv(18) = 1.245460e-15
  ==> Dimension through level 2: 17

  --- Through level 3: 156 candidates ---

  SVD SPECTRUM  (through level 3)
    Idx |     Singular Value |    Gap Ratio |   Rel to Max
  ------+--------------------+--------------+-------------
      1 |     3.809881532362 |         1.04 |     1.00e+00
      2 |     3.680675843758 |         1.06 |     9.66e-01
      3 |     3.461685659136 |         1.04 |     9.09e-01  <-- 3 (A114491)
      4 |     3.325238213985 |         1.05 |     8.73e-01
      5 |     3.166443468058 |         1.07 |     8.31e-01
      6 |     2.966000015970 |         1.05 |     7.79e-01  <-- 6 (A114491)
      7 |     2.812405803543 |         1.11 |     7.38e-01
      8 |     2.534046023244 |         1.02 |     6.65e-01
      9 |     2.483251121409 |         1.05 |     6.52e-01
     10 |     2.370483728920 |         1.08 |     6.22e-01
     11 |     2.185291801783 |         1.01 |     5.74e-01
     12 |     2.171579373338 |         1.05 |     5.70e-01
     13 |     2.060559285882 |         1.09 |     5.41e-01
     14 |     1.891654143045 |         1.02 |     4.97e-01
     15 |     1.856355645948 |         1.09 |     4.87e-01
     16 |     1.697435617505 |         1.07 |     4.46e-01
     17 |     1.590677201370 |         1.05 |     4.18e-01  <-- 17 (A114491)
     18 |     1.516811710952 |         1.05 |     3.98e-01
     19 |     1.448480633564 |         1.01 |     3.80e-01
     20 |     1.434831831851 |         1.02 |     3.77e-01
     21 |     1.403599776511 |         1.03 |     3.68e-01
     22 |     1.361109394201 |         1.03 |     3.57e-01
     23 |     1.321501530350 |         1.00 |     3.47e-01
     24 |     1.314929581169 |         1.05 |     3.45e-01
     25 |     1.253608170222 |         1.03 |     3.29e-01
     26 |     1.219873676029 |         1.05 |     3.20e-01
     27 |     1.160605391182 |         1.10 |     3.05e-01
     28 |     1.056814888745 |         1.04 |     2.77e-01
     29 |     1.016365216747 |         1.04 |     2.67e-01
     30 |     0.976323946624 |         1.00 |     2.56e-01
     52 |     0.463863806595 |         1.06 |     1.22e-01
     69 |     0.200256107558 |         1.05 |     5.26e-02  <-- 69 (A114491)
    112 |     0.005671569819 |         1.13 |     1.49e-03
    113 |     0.005040464649 |         1.11 |     1.32e-03
    114 |     0.004553730779 |         1.10 |     1.20e-03
    115 |     0.004126482206 |         1.10 |     1.08e-03
    116 |     0.003754089864 |  98385279.67 |     9.85e-04  <-- 116  *** GAP (9.8e+07) ***
    117 |     0.000000000038 |         1.55 |     1.00e-11
    118 |     0.000000000025 |         1.09 |     6.46e-12
    119 |     0.000000000022 |         9.26 |     5.90e-12
    120 |     0.000000000002 |         1.25 |     6.38e-13
    152 |     0.000000000000 |         1.78 |     1.85e-16
    153 |     0.000000000000 |         1.61 |     1.04e-16
    154 |     0.000000000000 |         1.11 |     6.48e-17
    155 |     0.000000000000 |         1.37 |     5.82e-17
    156 |     0.000000000000 |          inf |     4.23e-17  (gap inf)

  DEFINITIVE GAP at index 116: ratio 9.84e+07x
    sv(116) = 3.754090e-03,  sv(117) = 3.815703e-11
  ==> Dimension through level 3: 116

  --- Through level 4: 11679 candidates ---

  SVD SPECTRUM  (through level 4)
    Idx |     Singular Value |    Gap Ratio |   Rel to Max
  ------+--------------------+--------------+-------------
      1 |    33.634441811249 |         1.16 |     1.00e+00
      2 |    28.904896319140 |         1.02 |     8.59e-01
      3 |    28.385734003096 |         1.02 |     8.44e-01  <-- 3 (A114491)
      4 |    27.836713423625 |         1.09 |     8.28e-01
      5 |    25.459431929052 |         1.01 |     7.57e-01
      6 |    25.185525196086 |         1.12 |     7.49e-01  <-- 6 (A114491)
      7 |    22.545771749000 |         1.02 |     6.70e-01
      8 |    22.089895537276 |         1.04 |     6.57e-01
      9 |    21.313840189031 |         1.01 |     6.34e-01
     10 |    21.031649546348 |         1.06 |     6.25e-01
     11 |    19.750778798961 |         1.04 |     5.87e-01
     12 |    18.962898285718 |         1.01 |     5.64e-01
     13 |    18.794998778685 |         1.09 |     5.59e-01
     14 |    17.199540597035 |         1.07 |     5.11e-01
     15 |    16.058342755410 |         1.07 |     4.77e-01
     16 |    15.049496797939 |         1.01 |     4.47e-01
     17 |    14.891056001501 |         1.06 |     4.43e-01  <-- 17 (A114491)
     18 |    14.069275107162 |         1.03 |     4.18e-01
     19 |    13.680042181723 |         1.04 |     4.07e-01
     20 |    13.199735374316 |         1.03 |     3.92e-01
     21 |    12.866724452917 |         1.03 |     3.83e-01
     22 |    12.530693589464 |         1.17 |     3.73e-01  *** GAP (1.2e+00) ***
     23 |    10.725201196543 |         1.02 |     3.19e-01
     24 |    10.519071489961 |         1.00 |     3.13e-01
     25 |    10.512054610599 |         1.06 |     3.13e-01
     26 |     9.956802434223 |         1.01 |     2.96e-01
     27 |     9.814609530562 |         1.03 |     2.92e-01
     28 |     9.507963517969 |         1.03 |     2.83e-01
     29 |     9.273409784328 |         1.08 |     2.76e-01
     30 |     8.547434956634 |         1.06 |     2.54e-01
     52 |     3.932418767649 |         1.01 |     1.17e-01
     69 |     2.699695686102 |         1.02 |     8.03e-02  <-- 69 (A114491)
    116 |     1.101848077962 |         1.02 |     3.28e-02  <-- 116
    407 |     0.029797458948 |         1.00 |     8.86e-04
   4996 |     0.000000000000 |         1.05 |     1.17e-16
   4997 |     0.000000000000 |         1.22 |     1.11e-16
   4998 |     0.000000000000 |         1.08 |     9.10e-17
   4999 |     0.000000000000 |         1.29 |     8.41e-17
   5000 |     0.000000000000 |          inf |     6.51e-17  (gap inf)

  No clear gap found (best ratio 1.2x)
  Using noise-floor threshold: rank = 2236
  ==> Dimension through level 4: 2236

  Step 4 time: 25.3s

======================================================================
DIMENSION SUMMARY
======================================================================
  Level 0: dim =     3    A114491(1) =     3    [MATCH]
  Level 1: dim =     6    A114491(2) =     6    [MATCH]
  Level 2: dim =    17    A114491(3) =    17    [MATCH]
  Level 3: dim =   116    A114491(4) =    69    [no match]
  Level 4: dim =  2236    A114491(5) =   407    [no match]

  Dimension sequence: [3, 6, 17, 116, 2236]
    d(1)/d(0) = 2.00,  new at level 1: 3
    d(2)/d(1) = 2.83,  new at level 2: 11
    d(3)/d(2) = 6.82,  new at level 3: 99
    d(4)/d(3) = 19.28,  new at level 4: 2120
  New-per-level: [3, 3, 11, 99, 2120]

  Exponential fit: dim ~ 0.02 * exp(2.949 * level)
  Predicted level 5: ~42663

  Plot: results/level4_analysis.png

======================================================================
TOTAL PIPELINE TIME: 41.3 min (0.69 hours)
======================================================================
