======================================================================
LEVEL 4 HIGH-SAMPLE BOUND TIGHTENING
Sample counts: [30000, 40000, 50000, 75000, 100000]
Gap threshold for 'definitive': 100.0
======================================================================
Loaded 156 generators from L3 checkpoint
Level 4 candidate brackets: 11523

STEP 1: Sampling 100000 global phase-space points...
Sampled in 0.2s

STEP 2: Evaluating 156 base generators...
  50/156 [705.6s]
  100/156 [2142.7s]
  150/156 [2837.5s]
  156/156 [2849.5s]

STEP 3: Computing derivatives (156 x 12, 15 workers)...
  [  10/156] [3s, ETA 46s] {K1,H12} [2.3s]
  [  20/156] [21s, ETA 145s] {{K1,H12},H12} [20.2s]
  [  30/156] [180s, ETA 758s] {{K1,H13},K3} [90.6s]
  [  40/156] [839s, ETA 2434s] {{K1,H12},{K3,H13}} [819.4s]
  [  50/156] [1261s, ETA 2674s] {{K1,H23},{K2,H13}} [285.3s]
  [  60/156] [1697s, ETA 2715s] {{K1,K2},K2} [214.8s]
  [  70/156] [2208s, ETA 2712s] {{K1,H23},{K1,K3}} [1289.6s]
  [  80/156] [3033s, ETA 2881s] {{K2,H12},H12} [20.8s]
  [  90/156] [3893s, ETA 2855s] {{K1,K2},{K3,H12}} [2061.9s]
  [ 100/156] [4128s, ETA 2312s] {{K2,H13},K3} [63.7s]
  [ 110/156] [4615s, ETA 1930s] {{K2,H23},K1} [85.5s]
  [ 120/156] [4959s, ETA 1488s] {{K2,K3},K2} [219.8s]
  [ 130/156] [5082s, ETA 1016s] {{K1,K2},{K1,K3}} [3505.4s]
  [ 140/156] [5217s, ETA 596s] {{K3,H23},H13} [17.6s]
  [ 150/156] [5634s, ETA 225s] {{K2,H23},{K2,K3}} [1078.2s]
  [ 156/156] [6383s, ETA 0s] {{K2,K3},{K3,H13}} [1507.5s]
Derivatives cached + synced to S3 [6440.8s]

STEP 4: Computing 11523 Level 4 brackets...
Brackets computed in 72.52s

======================================================================
STEP 5: INCREMENTAL SVD
======================================================================

--- 30,000 samples ---
  Matrix: (30000, 11679), 2.80 GB
  Running SVD...
  SVD complete in 182.4s
  Spectrum saved to disk + S3

  SVD SPECTRUM  (L0)
    Idx |     Singular Value |    Gap Ratio |   Rel to Max
  ------+--------------------+--------------+-------------
      1 |     1.375819819425 |         1.84 |     1.00e+00
      2 |     0.747386031779 |         1.01 |     5.43e-01
      3 |     0.740630774395 |          inf |     5.38e-01  <-- 3 (A114491)  (gap inf)

  No clear gap found (best ratio 1.0x)
  Using noise-floor threshold: rank = 3

  SVD SPECTRUM  (L1)
    Idx |     Singular Value |    Gap Ratio |   Rel to Max
  ------+--------------------+--------------+-------------
      1 |     1.376045110966 |         1.36 |     1.00e+00
      2 |     1.014333634282 |         1.02 |     7.37e-01
      3 |     0.997002417828 |         1.01 |     7.25e-01  <-- 3 (A114491)
      4 |     0.988646815410 |         1.32 |     7.18e-01  *** GAP (1.3e+00) ***
      5 |     0.747018882624 |         1.01 |     5.43e-01
      6 |     0.740373941450 |          inf |     5.38e-01  <-- 6 (A114491)  (gap inf)

  No clear gap found (best ratio 1.3x)
  Using noise-floor threshold: rank = 6

  SVD SPECTRUM  (L2)
    Idx |     Singular Value |    Gap Ratio |   Rel to Max
  ------+--------------------+--------------+-------------
      1 |     1.624464930442 |         1.04 |     1.00e+00
      2 |     1.568671102356 |         1.13 |     9.66e-01
      3 |     1.383211880476 |         1.02 |     8.51e-01  <-- 3 (A114491)
      4 |     1.352909929379 |         1.12 |     8.33e-01
      5 |     1.211898710464 |         1.02 |     7.46e-01
      6 |     1.187286024969 |         1.04 |     7.31e-01  <-- 6 (A114491)
      7 |     1.143741952846 |         1.04 |     7.04e-01
      8 |     1.098302421884 |         1.04 |     6.76e-01
      9 |     1.056525656866 |         1.36 |     6.50e-01
     10 |     0.778438684560 |         1.03 |     4.79e-01
     11 |     0.758063709325 |         1.11 |     4.67e-01
     12 |     0.683630218438 |         1.16 |     4.21e-01
     13 |     0.587586697068 |         1.01 |     3.62e-01
     14 |     0.583599524531 |         1.38 |     3.59e-01
     15 |     0.421816580866 |         1.61 |     2.60e-01
     16 |     0.262565169403 |         1.01 |     1.62e-01
     17 |     0.258927567276 | 184014661130165.78 |     1.59e-01  <-- 17 (A114491)  *** GAP (1.8e+14) ***
     18 |     0.000000000000 |          inf |     8.66e-16  (gap inf)

  DEFINITIVE GAP at index 17: ratio 1.84e+14x
    sv(17) = 2.589276e-01,  sv(18) = 1.407103e-15

  SVD SPECTRUM  (L3)
    Idx |     Singular Value |    Gap Ratio |   Rel to Max
  ------+--------------------+--------------+-------------
      1 |     3.517480772728 |         1.03 |     1.00e+00
      2 |     3.424873513575 |         1.02 |     9.74e-01
      3 |     3.342434306194 |         1.01 |     9.50e-01  <-- 3 (A114491)
      4 |     3.319678359790 |         1.03 |     9.44e-01
      5 |     3.234063799353 |         1.14 |     9.19e-01
      6 |     2.832783575024 |         1.04 |     8.05e-01  <-- 6 (A114491)
      7 |     2.723236083442 |         1.02 |     7.74e-01
      8 |     2.669764183144 |         1.04 |     7.59e-01
      9 |     2.573973713496 |         1.07 |     7.32e-01
     10 |     2.396230182528 |         1.00 |     6.81e-01
     11 |     2.386230024775 |         1.01 |     6.78e-01
     12 |     2.357892607436 |         1.10 |     6.70e-01
     13 |     2.152769004488 |         1.13 |     6.12e-01
     14 |     1.911926366970 |         1.01 |     5.44e-01
     15 |     1.895304408707 |         1.09 |     5.39e-01
     16 |     1.742191336416 |         1.07 |     4.95e-01
     17 |     1.625995425751 |         1.08 |     4.62e-01  <-- 17 (A114491)
     18 |     1.505575475005 |         1.06 |     4.28e-01
     19 |     1.415854987818 |         1.05 |     4.03e-01
     20 |     1.352442418035 |         1.02 |     3.84e-01
     21 |     1.331276049875 |         1.01 |     3.78e-01
     22 |     1.317257137069 |         1.04 |     3.74e-01
     23 |     1.271974099562 |         1.02 |     3.62e-01
     24 |     1.245752782715 |         1.02 |     3.54e-01
     25 |     1.225739877246 |         1.01 |     3.48e-01
     26 |     1.208486355213 |         1.03 |     3.44e-01
     27 |     1.178047341705 |         1.05 |     3.35e-01
     28 |     1.117216470757 |         1.04 |     3.18e-01
     29 |     1.077482682306 |         1.04 |     3.06e-01
     30 |     1.039853074925 |         1.11 |     2.96e-01
     52 |     0.546722871759 |         1.10 |     1.55e-01
     69 |     0.244844877635 |         1.02 |     6.96e-02  <-- 69 (A114491)
    112 |     0.014579672281 |         1.03 |     4.14e-03
    113 |     0.014128701831 |         1.11 |     4.02e-03
    114 |     0.012677041385 |         1.21 |     3.60e-03
    115 |     0.010439091924 |         1.12 |     2.97e-03
    116 |     0.009302643539 | 216936411.92 |     2.64e-03  <-- 116  *** GAP (2.2e+08) ***
    117 |     0.000000000043 |         1.15 |     1.22e-11
    118 |     0.000000000037 |         1.05 |     1.06e-11
    119 |     0.000000000036 |        12.12 |     1.01e-11
    120 |     0.000000000003 |         1.21 |     8.33e-13
    152 |     0.000000000000 |         1.57 |     1.00e-16
    153 |     0.000000000000 |         1.00 |     6.40e-17
    154 |     0.000000000000 |         1.00 |     6.40e-17
    155 |     0.000000000000 |         2.06 |     6.40e-17
    156 |     0.000000000000 |          inf |     3.11e-17  (gap inf)

  DEFINITIVE GAP at index 116: ratio 2.17e+08x
    sv(116) = 9.302644e-03,  sv(117) = 4.288189e-11
  rank_from_spectrum (L4, from full SVD): rank=4501, gap=1.20e+00
  dims = [3, 6, 17, 116, 4501]
  d(4) = 4501
  max gap ratio = 2.23e+03 at index 11673
  [187.4s total]

  *** DEFINITIVE GAP FOUND ***
  d(4) = 4501 (gap ratio 2.2e+03)
  This is an exact result, not just a lower bound.

======================================================================
FINAL SUMMARY
======================================================================
  d(4) = 4501 (EXACT — definitive SVD gap found)
  Total time: 159.9 min
  Results saved to S3.
