
######################################################################
# TARGETED ADAPTIVE SCANS
# Regions: lagrange, euler_strip, charge_hotspot, tier_cluster, isosceles_ridge, small_mu
# Configs: 1
# Total points per config: 9000
# Workers: 31
# Estimated time per config: ~0.4 hrs (31 workers)
######################################################################
  [S3] Downloading s3://3body-compute-290318/atlas_targeted/coulomb_1_r3_+2_-1_-1/lagrange/ -> atlas_targeted/coulomb_1_r3_+2_-1_-1/lagrange/
  [S3] No existing checkpoint found

======================================================================
  TARGETED ADAPTIVE SCAN: lagrange
  Lagrange equilateral neighborhood (5-tier point nearby)
  Potential: 1/r^3 (Inverse Cube) Coulomb (+2, -1, -1)
  Charges: [2, -1, -1]
  mu: [0.850, 1.150]  phi: [50, 95] deg
  Grid: 50x50 = 2500 points
  Samples/point: 800, Eps candidates: 12, Level: 3
  Workers: 31, Point timeout: 600s
  Reason: Equilateral triangle, 5-tier point at (0.99, 84deg), tier count transition zone
======================================================================

  Building symbolic algebra for 1/r^3 (Inverse Cube) Coulomb (+2, -1, -1)...
  Building symbolic generators for Coulomb 1/r^3 charges=(+2,-1,-1)...
    Level 2: 12 generators (0 zero)
    Level 3: 138 generators (0 zero)
    Total: 156 generators, 156 non-zero
    Compiling evaluator...
    Lambdifying 156 expressions individually...
      20/156  [1.1s]
      40/156  [156.9s]
      60/156  [332.6s]
      80/156  [600.4s]
      100/156  [815.4s]
      120/156  [951.7s]
      140/156  [1079.8s]
      156/156  [1117.9s]
    Total lambdify time: 1118.7s
  Algebra ready (2155.2s)
  Algebra ready (2155.2s, 156 generators)
  Starting worker pool (31 workers)...
  Row   1/50  mu=0.850  [   50/2500]  row=23.0s  ETA=19m  ranks=[116,116]  gap_score=[18.6,18.9]  avg_eps=3.0
  Row   2/50  mu=0.856  [  100/2500]  row=23.1s  ETA=18m  ranks=[116,116]  gap_score=[18.6,18.9]  avg_eps=3.0
  Row   3/50  mu=0.862  [  150/2500]  row=23.0s  ETA=18m  ranks=[116,116]  gap_score=[18.6,18.9]  avg_eps=3.1
  Row   4/50  mu=0.868  [  200/2500]  row=22.8s  ETA=18m  ranks=[116,116]  gap_score=[18.6,18.9]  avg_eps=3.0
  Row   5/50  mu=0.874  [  250/2500]  row=23.1s  ETA=17m  ranks=[116,116]  gap_score=[18.6,18.9]  avg_eps=3.1
  Row   6/50  mu=0.881  [  300/2500]  row=23.0s  ETA=17m  ranks=[116,116]  gap_score=[18.6,18.9]  avg_eps=3.1
  Row   7/50  mu=0.887  [  350/2500]  row=23.2s  ETA=17m  ranks=[116,116]  gap_score=[18.6,18.9]  avg_eps=3.1
  Row   8/50  mu=0.893  [  400/2500]  row=22.9s  ETA=16m  ranks=[116,116]  gap_score=[18.6,18.9]  avg_eps=3.0
  Row   9/50  mu=0.899  [  450/2500]  row=26.1s  ETA=16m  ranks=[116,116]  gap_score=[18.6,18.9]  avg_eps=3.2
  Row  10/50  mu=0.905  [  500/2500]  row=23.3s  ETA=16m  ranks=[116,116]  gap_score=[18.6,18.9]  avg_eps=3.2
  Row  11/50  mu=0.911  [  550/2500]  row=23.8s  ETA=15m  ranks=[116,116]  gap_score=[18.6,18.9]  avg_eps=3.2
  Row  12/50  mu=0.917  [  600/2500]  row=23.7s  ETA=15m  ranks=[116,116]  gap_score=[18.6,18.9]  avg_eps=3.2
  Row  13/50  mu=0.923  [  650/2500]  row=24.1s  ETA=15m  ranks=[116,116]  gap_score=[18.6,18.9]  avg_eps=3.3
  Row  14/50  mu=0.930  [  700/2500]  row=23.3s  ETA=14m  ranks=[116,116]  gap_score=[18.6,18.9]  avg_eps=3.1
  Row  15/50  mu=0.936  [  750/2500]  row=24.0s  ETA=14m  ranks=[116,116]  gap_score=[18.6,18.9]  avg_eps=3.2
  Row  16/50  mu=0.942  [  800/2500]  row=23.2s  ETA=13m  ranks=[116,116]  gap_score=[18.6,18.9]  avg_eps=3.0
  Row  17/50  mu=0.948  [  850/2500]  row=23.2s  ETA=13m  ranks=[116,116]  gap_score=[18.6,18.9]  avg_eps=3.0
  Row  18/50  mu=0.954  [  900/2500]  row=23.2s  ETA=13m  ranks=[116,116]  gap_score=[18.6,18.8]  avg_eps=3.0
  Row  19/50  mu=0.960  [  950/2500]  row=23.2s  ETA=12m  ranks=[116,116]  gap_score=[18.6,18.9]  avg_eps=3.0
  Row  20/50  mu=0.966  [ 1000/2500]  row=23.3s  ETA=12m  ranks=[116,116]  gap_score=[18.6,18.9]  avg_eps=3.0
  Row  21/50  mu=0.972  [ 1050/2500]  row=23.1s  ETA=11m  ranks=[116,116]  gap_score=[18.6,18.9]  avg_eps=3.0
  Row  22/50  mu=0.979  [ 1100/2500]  row=23.3s  ETA=11m  ranks=[116,116]  gap_score=[18.6,18.8]  avg_eps=3.0
  Row  23/50  mu=0.985  [ 1150/2500]  row=23.1s  ETA=11m  ranks=[116,116]  gap_score=[18.6,18.8]  avg_eps=3.0
  Row  24/50  mu=0.991  [ 1200/2500]  row=22.5s  ETA=10m  ranks=[116,116]  gap_score=[18.5,18.8]  avg_eps=3.0
  Row  25/50  mu=0.997  [ 1250/2500]  row=23.1s  ETA=10m  ranks=[116,116]  gap_score=[18.5,18.8]  avg_eps=3.0
  Row  26/50  mu=1.003  [ 1300/2500]  row=23.0s  ETA=9m  ranks=[116,116]  gap_score=[18.5,18.8]  avg_eps=3.0
  Row  27/50  mu=1.009  [ 1350/2500]  row=23.0s  ETA=9m  ranks=[116,116]  gap_score=[18.6,18.8]  avg_eps=3.0
  Row  28/50  mu=1.015  [ 1400/2500]  row=23.0s  ETA=9m  ranks=[116,116]  gap_score=[18.5,18.8]  avg_eps=3.0
  Row  29/50  mu=1.021  [ 1450/2500]  row=23.1s  ETA=8m  ranks=[116,116]  gap_score=[18.5,18.8]  avg_eps=3.0
  Row  30/50  mu=1.028  [ 1500/2500]  row=23.1s  ETA=8m  ranks=[116,116]  gap_score=[18.6,18.8]  avg_eps=3.0
  Row  31/50  mu=1.034  [ 1550/2500]  row=23.1s  ETA=7m  ranks=[116,116]  gap_score=[18.6,18.8]  avg_eps=3.0
  Row  32/50  mu=1.040  [ 1600/2500]  row=23.0s  ETA=7m  ranks=[116,116]  gap_score=[18.6,18.8]  avg_eps=3.0
  Row  33/50  mu=1.046  [ 1650/2500]  row=22.9s  ETA=7m  ranks=[116,116]  gap_score=[18.6,18.8]  avg_eps=3.0
  Row  34/50  mu=1.052  [ 1700/2500]  row=23.1s  ETA=6m  ranks=[116,116]  gap_score=[18.6,18.9]  avg_eps=3.0
  Row  35/50  mu=1.058  [ 1750/2500]  row=23.4s  ETA=6m  ranks=[116,116]  gap_score=[18.6,18.8]  avg_eps=3.2
  Row  36/50  mu=1.064  [ 1800/2500]  row=23.8s  ETA=5m  ranks=[116,116]  gap_score=[18.6,18.8]  avg_eps=3.3
  Row  37/50  mu=1.070  [ 1850/2500]  row=24.0s  ETA=5m  ranks=[116,116]  gap_score=[18.6,18.9]  avg_eps=3.3
  Row  38/50  mu=1.077  [ 1900/2500]  row=23.8s  ETA=5m  ranks=[116,116]  gap_score=[18.5,18.9]  avg_eps=3.3
  Row  39/50  mu=1.083  [ 1950/2500]  row=24.0s  ETA=4m  ranks=[116,116]  gap_score=[18.6,18.9]  avg_eps=3.3
  Row  40/50  mu=1.089  [ 2000/2500]  row=24.7s  ETA=4m  ranks=[116,116]  gap_score=[18.6,18.9]  avg_eps=3.5
  Row  41/50  mu=1.095  [ 2050/2500]  row=24.0s  ETA=4m  ranks=[116,116]  gap_score=[18.6,18.8]  avg_eps=3.4
  Row  42/50  mu=1.101  [ 2100/2500]  row=24.1s  ETA=3m  ranks=[116,116]  gap_score=[18.5,18.9]  avg_eps=3.3
  Row  43/50  mu=1.107  [ 2150/2500]  row=28.2s  ETA=3m  ranks=[116,116]  gap_score=[18.5,18.9]  avg_eps=3.5
  Row  44/50  mu=1.113  [ 2200/2500]  row=24.6s  ETA=2m  ranks=[116,116]  gap_score=[18.6,18.9]  avg_eps=3.4
  Row  45/50  mu=1.119  [ 2250/2500]  row=28.1s  ETA=2m  ranks=[116,116]  gap_score=[18.5,18.9]  avg_eps=3.6
  Row  46/50  mu=1.126  [ 2300/2500]  row=28.2s  ETA=2m  ranks=[116,116]  gap_score=[18.5,18.9]  avg_eps=3.5
  Row  47/50  mu=1.132  [ 2350/2500]  row=26.7s  ETA=1m  ranks=[116,116]  gap_score=[18.5,18.9]  avg_eps=3.6
  Row  48/50  mu=1.138  [ 2400/2500]  row=25.2s  ETA=1m  ranks=[116,116]  gap_score=[18.5,18.9]  avg_eps=3.4
  Row  49/50  mu=1.144  [ 2450/2500]  row=28.4s  ETA=0m  ranks=[116,116]  gap_score=[18.5,18.8]  avg_eps=3.6
  Row  50/50  mu=1.150  [ 2500/2500]  row=28.7s  ETA=0m  ranks=[116,116]  gap_score=[18.5,18.8]  avg_eps=3.7

  lagrange complete: 1214s (20.2m)
  Rank range: [116, 116]
  Optimal eps: [2.16e-03, 5.00e-03]
  Gap score: [18.51, 18.91]
  Tier count: [2, 3], median=2.0
  Rank distribution: 116:2500

  Verification PASS: atlas_targeted/coulomb_1_r3_+2_-1_-1/lagrange
    Rank distribution: {116: 2500}
    gap_map: min=2.446e+07 max=5.094e+09 mean=1.473e+09
    optimal_eps_map: min=2.164e-03 max=5.000e-03 mean=4.747e-03
    gap_score_map: min=1.851e+01 max=1.891e+01 mean=1.875e+01
    Report saved: atlas_targeted/coulomb_1_r3_+2_-1_-1/lagrange/verification_report.json

  [S3] Downloading s3://3body-compute-290318/atlas_targeted/coulomb_1_r3_+2_-1_-1/euler_strip/ -> atlas_targeted/coulomb_1_r3_+2_-1_-1/euler_strip/
  [S3] No existing checkpoint found

======================================================================
  TARGETED ADAPTIVE SCAN: euler_strip
  Euler collinear / low-phi strip with anomalous ranks
  Potential: 1/r^3 (Inverse Cube) Coulomb (+2, -1, -1)
  Charges: [2, -1, -1]
  mu: [0.700, 1.300]  phi: [3, 20] deg
  Grid: 40x40 = 1600 points
  Samples/point: 800, Eps candidates: 12, Level: 3
  Workers: 31, Point timeout: 600s
  Reason: All unusual ranks (117-124) and lowest gap scores cluster here; near-collinear configurations
======================================================================

  Building symbolic algebra for 1/r^3 (Inverse Cube) Coulomb (+2, -1, -1)...
  Building symbolic generators for Coulomb 1/r^3 charges=(+2,-1,-1)...
    Level 2: 12 generators (0 zero)
    Level 3: 138 generators (0 zero)
    Total: 156 generators, 156 non-zero
    Compiling evaluator...
    Lambdifying 156 expressions individually...
      20/156  [1.0s]
      40/156  [155.5s]
      60/156  [330.5s]
      80/156  [598.2s]
      100/156  [811.7s]
      120/156  [949.0s]
      140/156  [1075.2s]
      156/156  [1114.4s]
    Total lambdify time: 1115.2s
  Algebra ready (1499.9s)
  Algebra ready (1499.9s, 156 generators)
  Starting worker pool (31 workers)...
  Row   1/40  mu=0.700  [   40/1600]  row=23.5s  ETA=15m  ranks=[116,116]  gap_score=[17.5,17.9]  avg_eps=3.0
  Row   2/40  mu=0.715  [   80/1600]  row=23.4s  ETA=15m  ranks=[116,116]  gap_score=[17.4,17.9]  avg_eps=3.0
  Row   3/40  mu=0.731  [  120/1600]  row=25.8s  ETA=15m  ranks=[116,116]  gap_score=[17.3,17.9]  avg_eps=3.0
  Row   4/40  mu=0.746  [  160/1600]  row=28.3s  ETA=15m  ranks=[116,116]  gap_score=[17.2,18.0]  avg_eps=3.2
  Row   5/40  mu=0.762  [  200/1600]  row=28.4s  ETA=15m  ranks=[116,116]  gap_score=[17.1,18.0]  avg_eps=3.2
  Row   6/40  mu=0.777  [  240/1600]  row=28.3s  ETA=15m  ranks=[116,116]  gap_score=[17.0,18.0]  avg_eps=3.2
  Row   7/40  mu=0.792  [  280/1600]  row=28.1s  ETA=15m  ranks=[116,117]  gap_score=[16.9,17.8]  avg_eps=3.2
  Row   8/40  mu=0.808  [  320/1600]  row=28.5s  ETA=14m  ranks=[116,117]  gap_score=[16.8,17.8]  avg_eps=3.5
  Row   9/40  mu=0.823  [  360/1600]  row=29.5s  ETA=14m  ranks=[116,117]  gap_score=[16.8,17.7]  avg_eps=3.5
  Row  10/40  mu=0.838  [  400/1600]  row=28.6s  ETA=14m  ranks=[116,117]  gap_score=[16.7,17.6]  avg_eps=3.4
  Row  11/40  mu=0.854  [  440/1600]  row=28.4s  ETA=13m  ranks=[116,117]  gap_score=[16.7,17.5]  avg_eps=3.5
  Row  12/40  mu=0.869  [  480/1600]  row=23.5s  ETA=13m  ranks=[116,120]  gap_score=[16.3,17.7]  avg_eps=3.3
  Row  13/40  mu=0.885  [  520/1600]  row=26.0s  ETA=12m  ranks=[116,122]  gap_score=[16.0,17.8]  avg_eps=3.5
  Row  14/40  mu=0.900  [  560/1600]  row=26.2s  ETA=12m  ranks=[116,122]  gap_score=[16.0,17.6]  avg_eps=3.5
  Row  15/40  mu=0.915  [  600/1600]  row=24.5s  ETA=11m  ranks=[116,122]  gap_score=[16.0,17.5]  avg_eps=3.4
  Row  16/40  mu=0.931  [  640/1600]  row=23.3s  ETA=11m  ranks=[116,124]  gap_score=[16.0,17.5]  avg_eps=3.2
  Row  17/40  mu=0.946  [  680/1600]  row=24.0s  ETA=10m  ranks=[116,128]  gap_score=[16.0,17.5]  avg_eps=3.3
  Row  18/40  mu=0.962  [  720/1600]  row=23.7s  ETA=10m  ranks=[116,128]  gap_score=[16.0,17.4]  avg_eps=3.2
  Row  19/40  mu=0.977  [  760/1600]  row=23.4s  ETA=9m  ranks=[116,129]  gap_score=[16.0,17.4]  avg_eps=3.1
  Row  20/40  mu=0.992  [  800/1600]  row=23.6s  ETA=9m  ranks=[116,130]  gap_score=[16.0,17.4]  avg_eps=3.2
  Row  21/40  mu=1.008  [  840/1600]  row=23.5s  ETA=8m  ranks=[116,130]  gap_score=[16.0,17.4]  avg_eps=3.1
  Row  22/40  mu=1.023  [  880/1600]  row=23.7s  ETA=8m  ranks=[116,130]  gap_score=[16.0,17.4]  avg_eps=3.2
  Row  23/40  mu=1.038  [  920/1600]  row=24.6s  ETA=7m  ranks=[116,129]  gap_score=[16.0,17.4]  avg_eps=3.3
  Row  24/40  mu=1.054  [  960/1600]  row=24.6s  ETA=7m  ranks=[116,129]  gap_score=[16.0,17.5]  avg_eps=3.3
  Row  25/40  mu=1.069  [ 1000/1600]  row=23.6s  ETA=6m  ranks=[116,126]  gap_score=[16.0,17.5]  avg_eps=3.2
  Row  26/40  mu=1.085  [ 1040/1600]  row=24.6s  ETA=6m  ranks=[116,123]  gap_score=[16.0,17.5]  avg_eps=3.2
  Row  27/40  mu=1.100  [ 1080/1600]  row=24.6s  ETA=6m  ranks=[116,122]  gap_score=[16.3,17.6]  avg_eps=3.4
  Row  28/40  mu=1.115  [ 1120/1600]  row=24.6s  ETA=5m  ranks=[116,122]  gap_score=[16.3,17.5]  avg_eps=3.4
  Row  29/40  mu=1.131  [ 1160/1600]  row=28.1s  ETA=5m  ranks=[116,122]  gap_score=[16.0,17.5]  avg_eps=3.6
  Row  30/40  mu=1.146  [ 1200/1600]  row=23.6s  ETA=4m  ranks=[116,122]  gap_score=[16.0,17.6]  avg_eps=3.2
  Row  31/40  mu=1.162  [ 1240/1600]  row=23.6s  ETA=4m  ranks=[116,119]  gap_score=[16.4,17.5]  avg_eps=3.3
  Row  32/40  mu=1.177  [ 1280/1600]  row=29.1s  ETA=3m  ranks=[116,117]  gap_score=[16.7,17.5]  avg_eps=3.6
  Row  33/40  mu=1.192  [ 1320/1600]  row=29.5s  ETA=3m  ranks=[116,117]  gap_score=[16.6,17.7]  avg_eps=3.4
  Row  34/40  mu=1.208  [ 1360/1600]  row=28.8s  ETA=3m  ranks=[116,117]  gap_score=[16.7,17.6]  avg_eps=3.3
  Row  35/40  mu=1.223  [ 1400/1600]  row=28.8s  ETA=2m  ranks=[116,117]  gap_score=[16.7,17.7]  avg_eps=3.4
  Row  36/40  mu=1.238  [ 1440/1600]  row=27.7s  ETA=2m  ranks=[116,117]  gap_score=[16.7,17.8]  avg_eps=3.3
  Row  37/40  mu=1.254  [ 1480/1600]  row=28.3s  ETA=1m  ranks=[116,117]  gap_score=[16.7,17.7]  avg_eps=3.1
  Row  38/40  mu=1.269  [ 1520/1600]  row=26.1s  ETA=1m  ranks=[116,117]  gap_score=[16.8,17.8]  avg_eps=3.1
  Row  39/40  mu=1.285  [ 1560/1600]  row=26.3s  ETA=0m  ranks=[116,117]  gap_score=[16.9,17.6]  avg_eps=3.1
  Row  40/40  mu=1.300  [ 1600/1600]  row=26.3s  ETA=0m  ranks=[116,116]  gap_score=[16.9,17.7]  avg_eps=3.0

  euler_strip complete: 1050s (17.5m)
  Rank range: [116, 130]
  Optimal eps: [9.37e-04, 5.00e-03]
  Gap score: [16.00, 18.03]
  Tier count: [1, 5], median=2.0
  Rank distribution: 116:959, 117:417, 118:16, 119:18, 120:11, 121:36, 122:76, 123:13, 124:14, 125:5, 126:6, 127:13, 128:5, 129:6, 130:5

  Verification PASS: atlas_targeted/coulomb_1_r3_+2_-1_-1/euler_strip
    Rank distribution: {116: 959, 117: 417, 118: 16, 119: 18, 120: 11, 121: 36, 122: 76, 123: 13, 124: 14, 125: 5, 126: 6, 127: 13, 128: 5, 129: 6, 130: 5}
    gap_map: min=4.618e+00 max=3.061e+06 mean=6.922e+04
    optimal_eps_map: min=9.369e-04 max=5.000e-03 mean=4.601e-03
    gap_score_map: min=1.600e+01 max=1.803e+01 mean=1.713e+01
    Report saved: atlas_targeted/coulomb_1_r3_+2_-1_-1/euler_strip/verification_report.json

  [S3] Downloading s3://3body-compute-290318/atlas_targeted/coulomb_1_r3_+2_-1_-1/charge_hotspot/ -> atlas_targeted/coulomb_1_r3_+2_-1_-1/charge_hotspot/
  [S3] No existing checkpoint found

======================================================================
  TARGETED ADAPTIVE SCAN: charge_hotspot
  Maximum charge-sensitivity region
  Potential: 1/r^3 (Inverse Cube) Coulomb (+2, -1, -1)
  Charges: [2, -1, -1]
  mu: [0.500, 0.850]  phi: [85, 105] deg
  Grid: 40x40 = 1600 points
  Samples/point: 800, Eps candidates: 12, Level: 3
  Workers: 31, Point timeout: 600s
  Reason: Largest gap score difference between charged and uncharged (delta=-2.64 at mu=0.65, phi=94deg); helium needs finest scale (eps=9.35e-4) here
======================================================================

  Building symbolic algebra for 1/r^3 (Inverse Cube) Coulomb (+2, -1, -1)...
  Building symbolic generators for Coulomb 1/r^3 charges=(+2,-1,-1)...
    Level 2: 12 generators (0 zero)
    Level 3: 138 generators (0 zero)
    Total: 156 generators, 156 non-zero
    Compiling evaluator...
    Lambdifying 156 expressions individually...
      20/156  [1.0s]
      40/156  [161.3s]
      60/156  [334.0s]
      80/156  [605.6s]
      100/156  [826.5s]
      120/156  [965.5s]
      140/156  [1093.2s]
      156/156  [1132.9s]
    Total lambdify time: 1133.8s
  Algebra ready (1521.2s)
  Algebra ready (1521.2s, 156 generators)
  Starting worker pool (31 workers)...
  Row   1/40  mu=0.500  [   40/1600]  row=28.6s  ETA=19m  ranks=[116,116]  gap_score=[18.5,18.7]  avg_eps=3.1
  Row   2/40  mu=0.509  [   80/1600]  row=26.1s  ETA=17m  ranks=[116,116]  gap_score=[18.5,18.7]  avg_eps=3.1
  Row   3/40  mu=0.518  [  120/1600]  row=25.9s  ETA=17m  ranks=[116,116]  gap_score=[18.5,18.7]  avg_eps=3.0
  Row   4/40  mu=0.527  [  160/1600]  row=26.0s  ETA=16m  ranks=[116,116]  gap_score=[18.5,18.7]  avg_eps=3.0
  Row   5/40  mu=0.536  [  200/1600]  row=26.1s  ETA=16m  ranks=[116,116]  gap_score=[18.5,18.7]  avg_eps=3.1
  Row   6/40  mu=0.545  [  240/1600]  row=23.4s  ETA=15m  ranks=[116,116]  gap_score=[18.6,18.6]  avg_eps=3.0
  Row   7/40  mu=0.554  [  280/1600]  row=28.4s  ETA=15m  ranks=[116,116]  gap_score=[18.6,18.8]  avg_eps=3.1
  Row   8/40  mu=0.563  [  320/1600]  row=26.0s  ETA=14m  ranks=[116,116]  gap_score=[18.6,18.9]  avg_eps=3.1
  Row   9/40  mu=0.572  [  360/1600]  row=23.4s  ETA=14m  ranks=[116,116]  gap_score=[18.6,18.9]  avg_eps=3.0
  Row  10/40  mu=0.581  [  400/1600]  row=23.5s  ETA=13m  ranks=[116,116]  gap_score=[18.6,18.9]  avg_eps=3.0
  Row  11/40  mu=0.590  [  440/1600]  row=26.0s  ETA=13m  ranks=[116,116]  gap_score=[18.6,18.7]  avg_eps=3.0
  Row  12/40  mu=0.599  [  480/1600]  row=23.4s  ETA=12m  ranks=[116,116]  gap_score=[18.6,18.9]  avg_eps=3.0
  Row  13/40  mu=0.608  [  520/1600]  row=25.8s  ETA=12m  ranks=[116,116]  gap_score=[18.6,18.9]  avg_eps=3.0
  Row  14/40  mu=0.617  [  560/1600]  row=25.8s  ETA=11m  ranks=[116,116]  gap_score=[18.6,18.8]  avg_eps=3.0
  Row  15/40  mu=0.626  [  600/1600]  row=23.4s  ETA=11m  ranks=[116,116]  gap_score=[18.6,18.7]  avg_eps=3.0
  Row  16/40  mu=0.635  [  640/1600]  row=23.5s  ETA=10m  ranks=[116,116]  gap_score=[18.6,18.9]  avg_eps=3.0
  Row  17/40  mu=0.644  [  680/1600]  row=23.3s  ETA=10m  ranks=[116,116]  gap_score=[18.6,18.9]  avg_eps=3.0
  Row  18/40  mu=0.653  [  720/1600]  row=25.8s  ETA=9m  ranks=[116,116]  gap_score=[18.6,18.8]  avg_eps=3.0
  Row  19/40  mu=0.662  [  760/1600]  row=23.4s  ETA=9m  ranks=[116,116]  gap_score=[18.6,18.7]  avg_eps=3.0
  Row  20/40  mu=0.671  [  800/1600]  row=25.9s  ETA=8m  ranks=[116,116]  gap_score=[18.6,18.8]  avg_eps=3.0
  Row  21/40  mu=0.679  [  840/1600]  row=23.4s  ETA=8m  ranks=[116,116]  gap_score=[18.6,19.0]  avg_eps=3.0
  Row  22/40  mu=0.688  [  880/1600]  row=25.7s  ETA=8m  ranks=[116,116]  gap_score=[18.7,18.8]  avg_eps=3.0
  Row  23/40  mu=0.697  [  920/1600]  row=25.7s  ETA=7m  ranks=[116,116]  gap_score=[18.6,18.8]  avg_eps=3.0
  Row  24/40  mu=0.706  [  960/1600]  row=25.8s  ETA=7m  ranks=[116,116]  gap_score=[18.7,18.8]  avg_eps=3.0
  Row  25/40  mu=0.715  [ 1000/1600]  row=25.9s  ETA=6m  ranks=[116,116]  gap_score=[18.7,18.8]  avg_eps=3.0
  Row  26/40  mu=0.724  [ 1040/1600]  row=25.9s  ETA=6m  ranks=[116,116]  gap_score=[18.7,19.0]  avg_eps=3.0
  Row  27/40  mu=0.733  [ 1080/1600]  row=25.8s  ETA=6m  ranks=[116,116]  gap_score=[18.7,18.8]  avg_eps=3.0
  Row  28/40  mu=0.742  [ 1120/1600]  row=25.9s  ETA=5m  ranks=[116,116]  gap_score=[18.7,18.8]  avg_eps=3.1
  Row  29/40  mu=0.751  [ 1160/1600]  row=25.7s  ETA=5m  ranks=[116,116]  gap_score=[18.7,18.8]  avg_eps=3.0
  Row  30/40  mu=0.760  [ 1200/1600]  row=26.0s  ETA=4m  ranks=[116,116]  gap_score=[18.7,18.9]  avg_eps=3.0
  Row  31/40  mu=0.769  [ 1240/1600]  row=23.4s  ETA=4m  ranks=[116,116]  gap_score=[18.7,19.0]  avg_eps=3.0
  Row  32/40  mu=0.778  [ 1280/1600]  row=26.0s  ETA=3m  ranks=[116,116]  gap_score=[18.7,19.0]  avg_eps=3.0
  Row  33/40  mu=0.787  [ 1320/1600]  row=25.9s  ETA=3m  ranks=[116,116]  gap_score=[18.7,19.0]  avg_eps=3.0
  Row  34/40  mu=0.796  [ 1360/1600]  row=28.5s  ETA=3m  ranks=[116,116]  gap_score=[18.7,19.0]  avg_eps=3.1
  Row  35/40  mu=0.805  [ 1400/1600]  row=26.1s  ETA=2m  ranks=[116,116]  gap_score=[18.7,19.0]  avg_eps=3.1
  Row  36/40  mu=0.814  [ 1440/1600]  row=26.0s  ETA=2m  ranks=[116,116]  gap_score=[18.7,19.0]  avg_eps=3.1
  Row  37/40  mu=0.823  [ 1480/1600]  row=28.4s  ETA=1m  ranks=[116,116]  gap_score=[18.7,19.0]  avg_eps=3.1
  Row  38/40  mu=0.832  [ 1520/1600]  row=28.4s  ETA=1m  ranks=[116,116]  gap_score=[18.7,19.0]  avg_eps=3.2
  Row  39/40  mu=0.841  [ 1560/1600]  row=25.8s  ETA=0m  ranks=[116,116]  gap_score=[18.7,19.0]  avg_eps=3.0
  Row  40/40  mu=0.850  [ 1600/1600]  row=26.0s  ETA=0m  ranks=[116,116]  gap_score=[18.7,19.0]  avg_eps=3.1

  charge_hotspot complete: 1035s (17.2m)
  Rank range: [116, 116]
  Optimal eps: [2.16e-03, 5.00e-03]
  Gap score: [18.49, 19.04]
  Tier count: [2, 3], median=2.0
  Rank distribution: 116:1600

  Verification PASS: atlas_targeted/coulomb_1_r3_+2_-1_-1/charge_hotspot
    Rank distribution: {116: 1600}
    gap_map: min=2.020e+07 max=3.920e+09 mean=1.066e+09
    optimal_eps_map: min=2.164e-03 max=5.000e-03 mean=4.925e-03
    gap_score_map: min=1.849e+01 max=1.904e+01 mean=1.870e+01
    Report saved: atlas_targeted/coulomb_1_r3_+2_-1_-1/charge_hotspot/verification_report.json

  [S3] Downloading s3://3body-compute-290318/atlas_targeted/coulomb_1_r3_+2_-1_-1/tier_cluster/ -> atlas_targeted/coulomb_1_r3_+2_-1_-1/tier_cluster/
  [S3] No existing checkpoint found

======================================================================
  TARGETED ADAPTIVE SCAN: tier_cluster
  High-tier helium cluster (asymmetric from Lagrange)
  Potential: 1/r^3 (Inverse Cube) Coulomb (+2, -1, -1)
  Charges: [2, -1, -1]
  mu: [1.450, 1.900]  phi: [65, 85] deg
  Grid: 40x40 = 1600 points
  Samples/point: 800, Eps candidates: 12, Level: 3
  Workers: 31, Point timeout: 600s
  Reason: 18 points with 4 tiers in helium scan; this region has rich internal structure displaced from equilateral
======================================================================

  Building symbolic algebra for 1/r^3 (Inverse Cube) Coulomb (+2, -1, -1)...
  Building symbolic generators for Coulomb 1/r^3 charges=(+2,-1,-1)...
    Level 2: 12 generators (0 zero)
    Level 3: 138 generators (0 zero)
    Total: 156 generators, 156 non-zero
    Compiling evaluator...
    Lambdifying 156 expressions individually...
      20/156  [1.0s]
      40/156  [158.7s]
      60/156  [337.6s]
      80/156  [609.9s]
      100/156  [827.8s]
      120/156  [967.9s]
      140/156  [1096.9s]
      156/156  [1137.0s]
    Total lambdify time: 1137.8s
  Algebra ready (1527.6s)
  Algebra ready (1527.6s, 156 generators)
  Starting worker pool (31 workers)...
  Row   1/40  mu=1.450  [   40/1600]  row=23.5s  ETA=15m  ranks=[116,116]  gap_score=[18.5,18.5]  avg_eps=3.0
  Row   2/40  mu=1.462  [   80/1600]  row=23.6s  ETA=15m  ranks=[116,116]  gap_score=[18.4,18.5]  avg_eps=3.0
  Row   3/40  mu=1.473  [  120/1600]  row=23.6s  ETA=15m  ranks=[116,116]  gap_score=[18.4,18.5]  avg_eps=3.0
  Row   4/40  mu=1.485  [  160/1600]  row=23.5s  ETA=14m  ranks=[116,116]  gap_score=[18.4,18.5]  avg_eps=3.0
  Row   5/40  mu=1.496  [  200/1600]  row=23.5s  ETA=14m  ranks=[116,116]  gap_score=[18.4,18.5]  avg_eps=3.0
  Row   6/40  mu=1.508  [  240/1600]  row=23.4s  ETA=13m  ranks=[116,116]  gap_score=[18.4,18.5]  avg_eps=3.0
  Row   7/40  mu=1.519  [  280/1600]  row=23.5s  ETA=13m  ranks=[116,116]  gap_score=[18.4,18.5]  avg_eps=3.0
  Row   8/40  mu=1.531  [  320/1600]  row=23.4s  ETA=13m  ranks=[116,116]  gap_score=[18.4,18.5]  avg_eps=3.0
  Row   9/40  mu=1.542  [  360/1600]  row=23.4s  ETA=12m  ranks=[116,116]  gap_score=[18.3,18.7]  avg_eps=3.0
  Row  10/40  mu=1.554  [  400/1600]  row=23.5s  ETA=12m  ranks=[116,116]  gap_score=[18.3,18.6]  avg_eps=3.0
  Row  11/40  mu=1.565  [  440/1600]  row=23.5s  ETA=11m  ranks=[116,116]  gap_score=[18.3,18.7]  avg_eps=3.0
  Row  12/40  mu=1.577  [  480/1600]  row=23.6s  ETA=11m  ranks=[116,116]  gap_score=[18.3,18.6]  avg_eps=3.0
  Row  13/40  mu=1.588  [  520/1600]  row=23.7s  ETA=11m  ranks=[116,116]  gap_score=[18.3,18.6]  avg_eps=3.0
  Row  14/40  mu=1.600  [  560/1600]  row=23.6s  ETA=10m  ranks=[116,116]  gap_score=[18.3,18.6]  avg_eps=3.0
  Row  15/40  mu=1.612  [  600/1600]  row=23.6s  ETA=10m  ranks=[116,116]  gap_score=[18.3,18.6]  avg_eps=3.0
  Row  16/40  mu=1.623  [  640/1600]  row=23.4s  ETA=10m  ranks=[116,116]  gap_score=[18.3,18.6]  avg_eps=3.0
  Row  17/40  mu=1.635  [  680/1600]  row=23.4s  ETA=9m  ranks=[116,116]  gap_score=[18.3,18.6]  avg_eps=3.0
  Row  18/40  mu=1.646  [  720/1600]  row=23.5s  ETA=9m  ranks=[116,116]  gap_score=[18.3,18.6]  avg_eps=3.1
  Row  19/40  mu=1.658  [  760/1600]  row=23.4s  ETA=8m  ranks=[116,116]  gap_score=[18.2,18.6]  avg_eps=3.1
  Row  20/40  mu=1.669  [  800/1600]  row=23.6s  ETA=8m  ranks=[116,116]  gap_score=[18.3,18.6]  avg_eps=3.1
  Row  21/40  mu=1.681  [  840/1600]  row=23.5s  ETA=8m  ranks=[116,116]  gap_score=[18.2,18.6]  avg_eps=3.1
  Row  22/40  mu=1.692  [  880/1600]  row=23.7s  ETA=7m  ranks=[116,116]  gap_score=[18.2,18.6]  avg_eps=3.2
  Row  23/40  mu=1.704  [  920/1600]  row=23.6s  ETA=7m  ranks=[116,116]  gap_score=[18.2,18.6]  avg_eps=3.1
  Row  24/40  mu=1.715  [  960/1600]  row=23.6s  ETA=6m  ranks=[116,116]  gap_score=[18.2,18.6]  avg_eps=3.2
  Row  25/40  mu=1.727  [ 1000/1600]  row=23.4s  ETA=6m  ranks=[116,116]  gap_score=[18.2,18.6]  avg_eps=3.0
  Row  26/40  mu=1.738  [ 1040/1600]  row=23.6s  ETA=6m  ranks=[116,116]  gap_score=[18.2,18.6]  avg_eps=3.1
  Row  27/40  mu=1.750  [ 1080/1600]  row=23.7s  ETA=5m  ranks=[116,116]  gap_score=[18.2,18.6]  avg_eps=3.2
  Row  28/40  mu=1.762  [ 1120/1600]  row=23.8s  ETA=5m  ranks=[116,116]  gap_score=[18.2,18.4]  avg_eps=3.3
  Row  29/40  mu=1.773  [ 1160/1600]  row=23.3s  ETA=4m  ranks=[116,116]  gap_score=[18.2,18.4]  avg_eps=3.1
  Row  30/40  mu=1.785  [ 1200/1600]  row=23.6s  ETA=4m  ranks=[116,116]  gap_score=[18.2,18.4]  avg_eps=3.1
  Row  31/40  mu=1.796  [ 1240/1600]  row=23.7s  ETA=4m  ranks=[116,116]  gap_score=[18.2,18.4]  avg_eps=3.2
  Row  32/40  mu=1.808  [ 1280/1600]  row=23.5s  ETA=3m  ranks=[116,116]  gap_score=[18.2,18.4]  avg_eps=3.1
  Row  33/40  mu=1.819  [ 1320/1600]  row=23.5s  ETA=3m  ranks=[116,116]  gap_score=[18.2,18.3]  avg_eps=3.1
  Row  34/40  mu=1.831  [ 1360/1600]  row=23.6s  ETA=2m  ranks=[116,116]  gap_score=[18.2,18.3]  avg_eps=3.1
  Row  35/40  mu=1.842  [ 1400/1600]  row=23.5s  ETA=2m  ranks=[116,116]  gap_score=[18.2,18.3]  avg_eps=3.0
  Row  36/40  mu=1.854  [ 1440/1600]  row=23.5s  ETA=2m  ranks=[116,116]  gap_score=[18.2,18.3]  avg_eps=3.1
  Row  37/40  mu=1.865  [ 1480/1600]  row=23.5s  ETA=1m  ranks=[116,116]  gap_score=[18.2,18.3]  avg_eps=3.1
  Row  38/40  mu=1.877  [ 1520/1600]  row=23.5s  ETA=1m  ranks=[116,116]  gap_score=[18.2,18.3]  avg_eps=3.1
  Row  39/40  mu=1.888  [ 1560/1600]  row=23.5s  ETA=0m  ranks=[116,116]  gap_score=[18.2,18.3]  avg_eps=3.0
  Row  40/40  mu=1.900  [ 1600/1600]  row=23.4s  ETA=0m  ranks=[116,116]  gap_score=[18.2,18.3]  avg_eps=3.0

  tier_cluster complete: 952s (15.9m)
  Rank range: [116, 116]
  Optimal eps: [2.16e-03, 5.00e-03]
  Gap score: [18.17, 18.66]
  Tier count: [2, 3], median=2.0
  Rank distribution: 116:1600

  Verification PASS: atlas_targeted/coulomb_1_r3_+2_-1_-1/tier_cluster
    Rank distribution: {116: 1600}
    gap_map: min=1.875e+06 max=2.912e+08 mean=8.511e+07
    optimal_eps_map: min=2.164e-03 max=5.000e-03 mean=4.890e-03
    gap_score_map: min=1.817e+01 max=1.866e+01 mean=1.838e+01
    Report saved: atlas_targeted/coulomb_1_r3_+2_-1_-1/tier_cluster/verification_report.json

  [S3] Downloading s3://3body-compute-290318/atlas_targeted/coulomb_1_r3_+2_-1_-1/isosceles_ridge/ -> atlas_targeted/coulomb_1_r3_+2_-1_-1/isosceles_ridge/
  [S3] No existing checkpoint found

======================================================================
  TARGETED ADAPTIVE SCAN: isosceles_ridge
  mu=1 isosceles symmetry line
  Potential: 1/r^3 (Inverse Cube) Coulomb (+2, -1, -1)
  Charges: [2, -1, -1]
  mu: [0.900, 1.100]  phi: [10, 170] deg
  Grid: 10x80 = 800 points
  Samples/point: 800, Eps candidates: 12, Level: 3
  Workers: 31, Point timeout: 600s
  Reason: Narrow strip along mu=1 isosceles line; tracks how tier structure evolves along the symmetry curve
======================================================================

  Building symbolic algebra for 1/r^3 (Inverse Cube) Coulomb (+2, -1, -1)...
  Building symbolic generators for Coulomb 1/r^3 charges=(+2,-1,-1)...
    Level 2: 12 generators (0 zero)
    Level 3: 138 generators (0 zero)
    Total: 156 generators, 156 non-zero
    Compiling evaluator...
    Lambdifying 156 expressions individually...
      20/156  [1.0s]
      40/156  [159.4s]
      60/156  [333.6s]
      80/156  [612.5s]
      100/156  [831.6s]
      120/156  [972.4s]
      140/156  [1101.7s]
      156/156  [1141.8s]
    Total lambdify time: 1142.7s
  Algebra ready (1537.4s)
  Algebra ready (1537.4s, 156 generators)
  Starting worker pool (31 workers)...
  Row   1/10  mu=0.900  [   80/800]  row=45.6s  ETA=7m  ranks=[116,117]  gap_score=[17.2,19.0]  avg_eps=3.1
  Row   2/10  mu=0.922  [  160/800]  row=46.2s  ETA=6m  ranks=[116,117]  gap_score=[16.8,19.0]  avg_eps=3.1
  Row   3/10  mu=0.944  [  240/800]  row=46.0s  ETA=5m  ranks=[116,117]  gap_score=[16.9,19.0]  avg_eps=3.1
  Row   4/10  mu=0.967  [  320/800]  row=46.3s  ETA=5m  ranks=[116,117]  gap_score=[16.7,19.0]  avg_eps=3.1
  Row   5/10  mu=0.989  [  400/800]  row=45.2s  ETA=4m  ranks=[116,117]  gap_score=[16.7,18.8]  avg_eps=3.0
  Row   6/10  mu=1.011  [  480/800]  row=45.5s  ETA=3m  ranks=[116,118]  gap_score=[16.4,18.8]  avg_eps=3.0
  Row   7/10  mu=1.033  [  560/800]  row=45.3s  ETA=2m  ranks=[116,117]  gap_score=[16.8,18.8]  avg_eps=3.0
  Row   8/10  mu=1.056  [  640/800]  row=46.6s  ETA=2m  ranks=[116,117]  gap_score=[16.7,19.0]  avg_eps=3.1
  Row   9/10  mu=1.078  [  720/800]  row=46.8s  ETA=1m  ranks=[116,117]  gap_score=[16.7,19.0]  avg_eps=3.2
  Row  10/10  mu=1.100  [  800/800]  row=46.5s  ETA=0m  ranks=[116,117]  gap_score=[17.1,19.0]  avg_eps=3.1

  isosceles_ridge complete: 463s (7.7m)
  Rank range: [116, 118]
  Optimal eps: [2.16e-03, 5.00e-03]
  Gap score: [16.43, 19.04]
  Tier count: [2, 4], median=2.0
  Rank distribution: 116:777, 117:22, 118:1

  Verification PASS: atlas_targeted/coulomb_1_r3_+2_-1_-1/isosceles_ridge
    Rank distribution: {116: 777, 117: 22, 118: 1}
    gap_map: min=1.262e+01 max=4.243e+09 mean=7.374e+08
    optimal_eps_map: min=2.164e-03 max=5.000e-03 mean=4.860e-03
    gap_score_map: min=1.643e+01 max=1.904e+01 mean=1.848e+01
    Report saved: atlas_targeted/coulomb_1_r3_+2_-1_-1/isosceles_ridge/verification_report.json

  [S3] Downloading s3://3body-compute-290318/atlas_targeted/coulomb_1_r3_+2_-1_-1/small_mu/ -> atlas_targeted/coulomb_1_r3_+2_-1_-1/small_mu/
  [S3] No existing checkpoint found

======================================================================
  TARGETED ADAPTIVE SCAN: small_mu
  Small mu (extreme mass ratio / near-collision)
  Potential: 1/r^3 (Inverse Cube) Coulomb (+2, -1, -1)
  Charges: [2, -1, -1]
  mu: [0.200, 0.400]  phi: [70, 100] deg
  Grid: 30x30 = 900 points
  Samples/point: 800, Eps candidates: 12, Level: 3
  Workers: 31, Point timeout: 600s
  Reason: Reference scan needed finest epsilon (1.64e-3) near mu=0.2, phi=84deg; extreme mass ratios may hide structure
======================================================================

  Building symbolic algebra for 1/r^3 (Inverse Cube) Coulomb (+2, -1, -1)...
  Building symbolic generators for Coulomb 1/r^3 charges=(+2,-1,-1)...
    Level 2: 12 generators (0 zero)
    Level 3: 138 generators (0 zero)
    Total: 156 generators, 156 non-zero
    Compiling evaluator...
    Lambdifying 156 expressions individually...
      20/156  [1.0s]
      40/156  [160.4s]
      60/156  [341.8s]
      80/156  [619.3s]
      100/156  [840.4s]
      120/156  [981.6s]
      140/156  [1111.4s]
      156/156  [1151.8s]
    Total lambdify time: 1152.6s
  Algebra ready (1545.6s)
  Algebra ready (1545.6s, 156 generators)
  Starting worker pool (31 workers)...
  Row   1/30  mu=0.200  [   30/900]  row=15.3s  ETA=7m  ranks=[116,116]  gap_score=[18.3,18.4]  avg_eps=3.0
  Row   2/30  mu=0.207  [   60/900]  row=15.3s  ETA=7m  ranks=[116,116]  gap_score=[18.0,18.4]  avg_eps=3.0
  Row   3/30  mu=0.214  [   90/900]  row=15.3s  ETA=7m  ranks=[116,116]  gap_score=[18.1,18.4]  avg_eps=3.0
  Row   4/30  mu=0.221  [  120/900]  row=15.3s  ETA=7m  ranks=[116,116]  gap_score=[18.1,18.4]  avg_eps=3.0
  Row   5/30  mu=0.228  [  150/900]  row=15.3s  ETA=6m  ranks=[116,116]  gap_score=[18.1,18.5]  avg_eps=3.0
  Row   6/30  mu=0.234  [  180/900]  row=15.4s  ETA=6m  ranks=[116,116]  gap_score=[18.1,18.5]  avg_eps=3.0
  Row   7/30  mu=0.241  [  210/900]  row=20.6s  ETA=6m  ranks=[116,116]  gap_score=[18.1,18.5]  avg_eps=3.2
  Row   8/30  mu=0.248  [  240/900]  row=20.4s  ETA=6m  ranks=[116,116]  gap_score=[18.2,18.5]  avg_eps=3.2
  Row   9/30  mu=0.255  [  270/900]  row=20.7s  ETA=6m  ranks=[116,116]  gap_score=[18.2,18.3]  avg_eps=3.2
  Row  10/30  mu=0.262  [  300/900]  row=20.6s  ETA=6m  ranks=[116,116]  gap_score=[18.2,18.3]  avg_eps=3.1
  Row  11/30  mu=0.269  [  330/900]  row=15.2s  ETA=6m  ranks=[116,116]  gap_score=[18.2,18.3]  avg_eps=3.0
  Row  12/30  mu=0.276  [  360/900]  row=19.9s  ETA=5m  ranks=[116,116]  gap_score=[18.2,18.4]  avg_eps=3.1
  Row  13/30  mu=0.283  [  390/900]  row=15.5s  ETA=5m  ranks=[116,116]  gap_score=[18.2,18.3]  avg_eps=3.0
  Row  14/30  mu=0.290  [  420/900]  row=17.3s  ETA=5m  ranks=[116,116]  gap_score=[18.3,18.4]  avg_eps=3.0
  Row  15/30  mu=0.297  [  450/900]  row=15.3s  ETA=4m  ranks=[116,116]  gap_score=[18.3,18.4]  avg_eps=3.0
  Row  16/30  mu=0.303  [  480/900]  row=15.2s  ETA=4m  ranks=[116,116]  gap_score=[18.2,18.4]  avg_eps=3.0
  Row  17/30  mu=0.310  [  510/900]  row=15.3s  ETA=4m  ranks=[116,116]  gap_score=[18.2,18.4]  avg_eps=3.0
  Row  18/30  mu=0.317  [  540/900]  row=15.4s  ETA=3m  ranks=[116,116]  gap_score=[18.3,18.4]  avg_eps=3.0
  Row  19/30  mu=0.324  [  570/900]  row=15.3s  ETA=3m  ranks=[116,116]  gap_score=[18.3,18.4]  avg_eps=3.0
  Row  20/30  mu=0.331  [  600/900]  row=15.3s  ETA=3m  ranks=[116,116]  gap_score=[18.3,18.4]  avg_eps=3.0
  Row  21/30  mu=0.338  [  630/900]  row=15.4s  ETA=3m  ranks=[116,116]  gap_score=[18.4,18.4]  avg_eps=3.0
  Row  22/30  mu=0.345  [  660/900]  row=15.3s  ETA=2m  ranks=[116,116]  gap_score=[18.3,18.4]  avg_eps=3.0
  Row  23/30  mu=0.352  [  690/900]  row=15.3s  ETA=2m  ranks=[116,116]  gap_score=[18.4,18.4]  avg_eps=3.0
  Row  24/30  mu=0.359  [  720/900]  row=15.3s  ETA=2m  ranks=[116,116]  gap_score=[18.4,18.5]  avg_eps=3.0
  Row  25/30  mu=0.366  [  750/900]  row=15.5s  ETA=1m  ranks=[116,116]  gap_score=[18.4,18.5]  avg_eps=3.0
  Row  26/30  mu=0.372  [  780/900]  row=15.5s  ETA=1m  ranks=[116,116]  gap_score=[18.4,18.5]  avg_eps=3.0
  Row  27/30  mu=0.379  [  810/900]  row=15.5s  ETA=1m  ranks=[116,116]  gap_score=[18.4,18.5]  avg_eps=3.0
  Row  28/30  mu=0.386  [  840/900]  row=15.4s  ETA=1m  ranks=[116,116]  gap_score=[18.4,18.5]  avg_eps=3.0
  Row  29/30  mu=0.393  [  870/900]  row=15.5s  ETA=0m  ranks=[116,116]  gap_score=[18.4,18.5]  avg_eps=3.0
  Row  30/30  mu=0.400  [  900/900]  row=15.5s  ETA=0m  ranks=[116,116]  gap_score=[18.4,18.5]  avg_eps=3.0

  small_mu complete: 497s (8.3m)
  Rank range: [116, 116]
  Optimal eps: [2.16e-03, 5.00e-03]
  Gap score: [18.03, 18.51]
  Tier count: [2, 3], median=2.0
  Rank distribution: 116:900

  Verification PASS: atlas_targeted/coulomb_1_r3_+2_-1_-1/small_mu
    Rank distribution: {116: 900}
    gap_map: min=2.202e+06 max=2.207e+08 mean=6.092e+07
    optimal_eps_map: min=2.164e-03 max=5.000e-03 mean=4.960e-03
    gap_score_map: min=1.803e+01 max=1.851e+01 mean=1.833e+01
    Report saved: atlas_targeted/coulomb_1_r3_+2_-1_-1/small_mu/verification_report.json

  Saved atlas_targeted/coulomb_1_r3_+2_-1_-1/plots/lagrange_overview.png
  Saved atlas_targeted/coulomb_1_r3_+2_-1_-1/plots/euler_strip_overview.png
  Saved atlas_targeted/coulomb_1_r3_+2_-1_-1/plots/charge_hotspot_overview.png
  Saved atlas_targeted/coulomb_1_r3_+2_-1_-1/plots/tier_cluster_overview.png
  Saved atlas_targeted/coulomb_1_r3_+2_-1_-1/plots/isosceles_ridge_overview.png
  Saved atlas_targeted/coulomb_1_r3_+2_-1_-1/plots/small_mu_overview.png
  Saved atlas_targeted/coulomb_1_r3_+2_-1_-1/plots/lagrange_charge_diff.png
  Saved atlas_targeted/coulomb_1_r3_+2_-1_-1/plots/euler_strip_charge_diff.png
  Saved atlas_targeted/coulomb_1_r3_+2_-1_-1/plots/charge_hotspot_charge_diff.png
  Saved atlas_targeted/coulomb_1_r3_+2_-1_-1/plots/tier_cluster_charge_diff.png
  Saved atlas_targeted/coulomb_1_r3_+2_-1_-1/plots/isosceles_ridge_charge_diff.png
  Saved atlas_targeted/coulomb_1_r3_+2_-1_-1/plots/small_mu_charge_diff.png

  All plots saved to atlas_targeted/coulomb_1_r3_+2_-1_-1/plots/

######################################################################
# ALL TARGETED SCANS COMPLETE
######################################################################
